2025-09-17T09:16:07.718077Z  INFO tailwindcss_oxide::scanner: Provided sources:
2025-09-17T09:16:07.718257Z  INFO tailwindcss_oxide::scanner: Source: PublicSourceEntry { base: "C:/Users/P/Desktop/Shopify/lazy-costume-store", pattern: "**/*", negated: false }
2025-09-17T09:16:07.718565Z  INFO tailwindcss_oxide::scanner: Optimized sources:
2025-09-17T09:16:07.718648Z  INFO tailwindcss_oxide::scanner: Source: Auto { base: "C:\\Users\\P\\Desktop\\Shopify\\lazy-costume-store" }
2025-09-17T09:16:07.725106Z  INFO tailwindcss_oxide::scanner: Provided sources:
2025-09-17T09:16:07.725169Z  INFO tailwindcss_oxide::scanner: Source: PublicSourceEntry { base: "C:/Users/P/Desktop/Shopify/lazy-costume-store", pattern: "**/*", negated: false }
2025-09-17T09:16:07.727361Z  INFO tailwindcss_oxide::scanner: Optimized sources:
2025-09-17T09:16:07.727383Z  INFO tailwindcss_oxide::scanner: Source: Auto { base: "C:\\Users\\P\\Desktop\\Shopify\\lazy-costume-store" }
2025-09-17T09:16:07.809107Z  INFO tailwindcss_oxide::scanner: Provided sources:
2025-09-17T09:16:07.809143Z  INFO tailwindcss_oxide::scanner: Source: PublicSourceEntry { base: "C:/Users/P/Desktop/Shopify/lazy-costume-store", pattern: "**/*", negated: false }
2025-09-17T09:16:07.809311Z  INFO tailwindcss_oxide::scanner: Optimized sources:
2025-09-17T09:16:07.809334Z  INFO tailwindcss_oxide::scanner: Source: Auto { base: "C:\\Users\\P\\Desktop\\Shopify\\lazy-costume-store" }
2025-09-17T09:16:07.809545Z  INFO scan_sources: tailwindcss_oxide::scanner: enter
2025-09-17T09:16:07.811476Z  INFO scan_sources: tailwindcss_oxide::scanner: Discovering "C:\\Users\\P\\Desktop\\Shopify\\lazy-costume-store\\.cursor"
2025-09-17T09:16:07.811772Z  INFO scan_sources: tailwindcss_oxide::scanner: Discovering "C:\\Users\\P\\Desktop\\Shopify\\lazy-costume-store\\.cursor\\rules"
2025-09-17T09:16:07.812032Z  INFO scan_sources: tailwindcss_oxide::scanner: Discovering "C:\\Users\\P\\Desktop\\Shopify\\lazy-costume-store\\.cursor\\rules\\hydrogen-react-router.mdc"
2025-09-17T09:16:07.812443Z  INFO scan_sources: tailwindcss_oxide::scanner: Discovering "C:\\Users\\P\\Desktop\\Shopify\\lazy-costume-store\\.graphqlrc.js"
2025-09-17T09:16:07.812642Z  INFO scan_sources: tailwindcss_oxide::scanner: Discovering "C:\\Users\\P\\Desktop\\Shopify\\lazy-costume-store\\.hydrogen"
2025-09-17T09:16:07.812926Z  INFO scan_sources: tailwindcss_oxide::scanner: Discovering "C:\\Users\\P\\Desktop\\Shopify\\lazy-costume-store\\.hydrogen\\commands"
2025-09-17T09:16:07.813662Z  INFO scan_sources: tailwindcss_oxide::scanner: Discovering "C:\\Users\\P\\Desktop\\Shopify\\lazy-costume-store\\app"
2025-09-17T09:16:07.813965Z  INFO scan_sources: tailwindcss_oxide::scanner: Discovering "C:\\Users\\P\\Desktop\\Shopify\\lazy-costume-store\\app\\assets"
2025-09-17T09:16:07.814198Z  INFO scan_sources: tailwindcss_oxide::scanner: Discovering "C:\\Users\\P\\Desktop\\Shopify\\lazy-costume-store\\app\\assets\\favicon.svg"
2025-09-17T09:16:07.814438Z  INFO scan_sources: tailwindcss_oxide::scanner: Discovering "C:\\Users\\P\\Desktop\\Shopify\\lazy-costume-store\\app\\components"
2025-09-17T09:16:07.814761Z  INFO scan_sources: tailwindcss_oxide::scanner: Discovering "C:\\Users\\P\\Desktop\\Shopify\\lazy-costume-store\\app\\components\\AddToCartButton.jsx"
2025-09-17T09:16:07.814880Z  INFO scan_sources: tailwindcss_oxide::scanner: Discovering "C:\\Users\\P\\Desktop\\Shopify\\lazy-costume-store\\app\\components\\Aside.jsx"
2025-09-17T09:16:07.815396Z  INFO scan_sources: tailwindcss_oxide::scanner: Discovering "C:\\Users\\P\\Desktop\\Shopify\\lazy-costume-store\\app\\components\\CartLineItem.jsx"
2025-09-17T09:16:07.815607Z  INFO scan_sources: tailwindcss_oxide::scanner: Discovering "C:\\Users\\P\\Desktop\\Shopify\\lazy-costume-store\\app\\components\\CartMain.jsx"
2025-09-17T09:16:07.815746Z  INFO scan_sources: tailwindcss_oxide::scanner: Discovering "C:\\Users\\P\\Desktop\\Shopify\\lazy-costume-store\\app\\components\\CartSummary.jsx"
2025-09-17T09:16:07.815872Z  INFO scan_sources: tailwindcss_oxide::scanner: Discovering "C:\\Users\\P\\Desktop\\Shopify\\lazy-costume-store\\app\\components\\Footer.jsx"
2025-09-17T09:16:07.816041Z  INFO scan_sources: tailwindcss_oxide::scanner: Discovering "C:\\Users\\P\\Desktop\\Shopify\\lazy-costume-store\\app\\components\\Header.jsx"
2025-09-17T09:16:07.816162Z  INFO scan_sources: tailwindcss_oxide::scanner: Discovering "C:\\Users\\P\\Desktop\\Shopify\\lazy-costume-store\\app\\components\\PageLayout.jsx"
2025-09-17T09:16:07.816280Z  INFO scan_sources: tailwindcss_oxide::scanner: Discovering "C:\\Users\\P\\Desktop\\Shopify\\lazy-costume-store\\app\\components\\PaginatedResourceSection.jsx"
2025-09-17T09:16:07.816397Z  INFO scan_sources: tailwindcss_oxide::scanner: Discovering "C:\\Users\\P\\Desktop\\Shopify\\lazy-costume-store\\app\\components\\ProductForm.jsx"
2025-09-17T09:16:07.816513Z  INFO scan_sources: tailwindcss_oxide::scanner: Discovering "C:\\Users\\P\\Desktop\\Shopify\\lazy-costume-store\\app\\components\\ProductGrid.jsx"
2025-09-17T09:16:07.816634Z  INFO scan_sources: tailwindcss_oxide::scanner: Discovering "C:\\Users\\P\\Desktop\\Shopify\\lazy-costume-store\\app\\components\\ProductImage.jsx"
2025-09-17T09:16:07.816748Z  INFO scan_sources: tailwindcss_oxide::scanner: Discovering "C:\\Users\\P\\Desktop\\Shopify\\lazy-costume-store\\app\\components\\ProductItem.jsx"
2025-09-17T09:16:07.816864Z  INFO scan_sources: tailwindcss_oxide::scanner: Discovering "C:\\Users\\P\\Desktop\\Shopify\\lazy-costume-store\\app\\components\\ProductPrice.jsx"
2025-09-17T09:16:07.816982Z  INFO scan_sources: tailwindcss_oxide::scanner: Discovering "C:\\Users\\P\\Desktop\\Shopify\\lazy-costume-store\\app\\components\\SearchForm.jsx"
2025-09-17T09:16:07.817111Z  INFO scan_sources: tailwindcss_oxide::scanner: Discovering "C:\\Users\\P\\Desktop\\Shopify\\lazy-costume-store\\app\\components\\SearchFormPredictive.jsx"
2025-09-17T09:16:07.817227Z  INFO scan_sources: tailwindcss_oxide::scanner: Discovering "C:\\Users\\P\\Desktop\\Shopify\\lazy-costume-store\\app\\components\\SearchResults.jsx"
2025-09-17T09:16:07.817344Z  INFO scan_sources: tailwindcss_oxide::scanner: Discovering "C:\\Users\\P\\Desktop\\Shopify\\lazy-costume-store\\app\\components\\SearchResultsPredictive.jsx"
2025-09-17T09:16:07.817624Z  INFO scan_sources: tailwindcss_oxide::scanner: Discovering "C:\\Users\\P\\Desktop\\Shopify\\lazy-costume-store\\app\\entry.client.jsx"
2025-09-17T09:16:07.817755Z  INFO scan_sources: tailwindcss_oxide::scanner: Discovering "C:\\Users\\P\\Desktop\\Shopify\\lazy-costume-store\\app\\entry.server.jsx"
2025-09-17T09:16:07.817969Z  INFO scan_sources: tailwindcss_oxide::scanner: Discovering "C:\\Users\\P\\Desktop\\Shopify\\lazy-costume-store\\app\\graphql"
2025-09-17T09:16:07.818284Z  INFO scan_sources: tailwindcss_oxide::scanner: Discovering "C:\\Users\\P\\Desktop\\Shopify\\lazy-costume-store\\app\\graphql\\customer-account"
2025-09-17T09:16:07.818522Z  INFO scan_sources: tailwindcss_oxide::scanner: Discovering "C:\\Users\\P\\Desktop\\Shopify\\lazy-costume-store\\app\\graphql\\customer-account\\CustomerAddressMutations.js"
2025-09-17T09:16:07.818641Z  INFO scan_sources: tailwindcss_oxide::scanner: Discovering "C:\\Users\\P\\Desktop\\Shopify\\lazy-costume-store\\app\\graphql\\customer-account\\CustomerDetailsQuery.js"
2025-09-17T09:16:07.818756Z  INFO scan_sources: tailwindcss_oxide::scanner: Discovering "C:\\Users\\P\\Desktop\\Shopify\\lazy-costume-store\\app\\graphql\\customer-account\\CustomerOrderQuery.js"
2025-09-17T09:16:07.818872Z  INFO scan_sources: tailwindcss_oxide::scanner: Discovering "C:\\Users\\P\\Desktop\\Shopify\\lazy-costume-store\\app\\graphql\\customer-account\\CustomerOrdersQuery.js"
2025-09-17T09:16:07.819047Z  INFO scan_sources: tailwindcss_oxide::scanner: Discovering "C:\\Users\\P\\Desktop\\Shopify\\lazy-costume-store\\app\\graphql\\customer-account\\CustomerUpdateMutation.js"
2025-09-17T09:16:07.819336Z  INFO scan_sources: tailwindcss_oxide::scanner: Discovering "C:\\Users\\P\\Desktop\\Shopify\\lazy-costume-store\\app\\lib"
2025-09-17T09:16:07.819587Z  INFO scan_sources: tailwindcss_oxide::scanner: Discovering "C:\\Users\\P\\Desktop\\Shopify\\lazy-costume-store\\app\\lib\\context.js"
2025-09-17T09:16:07.819746Z  INFO scan_sources: tailwindcss_oxide::scanner: Discovering "C:\\Users\\P\\Desktop\\Shopify\\lazy-costume-store\\app\\lib\\fragments.js"
2025-09-17T09:16:07.819869Z  INFO scan_sources: tailwindcss_oxide::scanner: Discovering "C:\\Users\\P\\Desktop\\Shopify\\lazy-costume-store\\app\\lib\\i18n.js"
2025-09-17T09:16:07.819984Z  INFO scan_sources: tailwindcss_oxide::scanner: Discovering "C:\\Users\\P\\Desktop\\Shopify\\lazy-costume-store\\app\\lib\\redirect.js"
2025-09-17T09:16:07.820103Z  INFO scan_sources: tailwindcss_oxide::scanner: Discovering "C:\\Users\\P\\Desktop\\Shopify\\lazy-costume-store\\app\\lib\\search.js"
2025-09-17T09:16:07.820228Z  INFO scan_sources: tailwindcss_oxide::scanner: Discovering "C:\\Users\\P\\Desktop\\Shopify\\lazy-costume-store\\app\\lib\\session.js"
2025-09-17T09:16:07.820342Z  INFO scan_sources: tailwindcss_oxide::scanner: Discovering "C:\\Users\\P\\Desktop\\Shopify\\lazy-costume-store\\app\\lib\\variants.js"
2025-09-17T09:16:07.820486Z  INFO scan_sources: tailwindcss_oxide::scanner: Discovering "C:\\Users\\P\\Desktop\\Shopify\\lazy-costume-store\\app\\root.jsx"
2025-09-17T09:16:07.820669Z  INFO scan_sources: tailwindcss_oxide::scanner: Discovering "C:\\Users\\P\\Desktop\\Shopify\\lazy-costume-store\\app\\routes"
2025-09-17T09:16:07.820921Z  INFO scan_sources: tailwindcss_oxide::scanner: Discovering "C:\\Users\\P\\Desktop\\Shopify\\lazy-costume-store\\app\\routes\\($locale).$.jsx"
2025-09-17T09:16:07.821096Z  INFO scan_sources: tailwindcss_oxide::scanner: Discovering "C:\\Users\\P\\Desktop\\Shopify\\lazy-costume-store\\app\\routes\\($locale).account.$.jsx"
2025-09-17T09:16:07.821216Z  INFO scan_sources: tailwindcss_oxide::scanner: Discovering "C:\\Users\\P\\Desktop\\Shopify\\lazy-costume-store\\app\\routes\\($locale).account.addresses.jsx"
2025-09-17T09:16:07.821326Z  INFO scan_sources: tailwindcss_oxide::scanner: Discovering "C:\\Users\\P\\Desktop\\Shopify\\lazy-costume-store\\app\\routes\\($locale).account.jsx"
2025-09-17T09:16:07.821439Z  INFO scan_sources: tailwindcss_oxide::scanner: Discovering "C:\\Users\\P\\Desktop\\Shopify\\lazy-costume-store\\app\\routes\\($locale).account.orders.$id.jsx"
2025-09-17T09:16:07.821554Z  INFO scan_sources: tailwindcss_oxide::scanner: Discovering "C:\\Users\\P\\Desktop\\Shopify\\lazy-costume-store\\app\\routes\\($locale).account.orders._index.jsx"
2025-09-17T09:16:07.821666Z  INFO scan_sources: tailwindcss_oxide::scanner: Discovering "C:\\Users\\P\\Desktop\\Shopify\\lazy-costume-store\\app\\routes\\($locale).account.profile.jsx"
2025-09-17T09:16:07.821775Z  INFO scan_sources: tailwindcss_oxide::scanner: Discovering "C:\\Users\\P\\Desktop\\Shopify\\lazy-costume-store\\app\\routes\\($locale).account._index.jsx"
2025-09-17T09:16:07.821886Z  INFO scan_sources: tailwindcss_oxide::scanner: Discovering "C:\\Users\\P\\Desktop\\Shopify\\lazy-costume-store\\app\\routes\\($locale).account_.authorize.jsx"
2025-09-17T09:16:07.821998Z  INFO scan_sources: tailwindcss_oxide::scanner: Discovering "C:\\Users\\P\\Desktop\\Shopify\\lazy-costume-store\\app\\routes\\($locale).account_.login.jsx"
2025-09-17T09:16:07.822111Z  INFO scan_sources: tailwindcss_oxide::scanner: Discovering "C:\\Users\\P\\Desktop\\Shopify\\lazy-costume-store\\app\\routes\\($locale).account_.logout.jsx"
2025-09-17T09:16:07.822224Z  INFO scan_sources: tailwindcss_oxide::scanner: Discovering "C:\\Users\\P\\Desktop\\Shopify\\lazy-costume-store\\app\\routes\\($locale).api.$version.[graphql.json].jsx"
2025-09-17T09:16:07.822339Z  INFO scan_sources: tailwindcss_oxide::scanner: Discovering "C:\\Users\\P\\Desktop\\Shopify\\lazy-costume-store\\app\\routes\\($locale).blogs.$blogHandle.$articleHandle.jsx"
2025-09-17T09:16:07.822449Z  INFO scan_sources: tailwindcss_oxide::scanner: Discovering "C:\\Users\\P\\Desktop\\Shopify\\lazy-costume-store\\app\\routes\\($locale).blogs.$blogHandle._index.jsx"
2025-09-17T09:16:07.822558Z  INFO scan_sources: tailwindcss_oxide::scanner: Discovering "C:\\Users\\P\\Desktop\\Shopify\\lazy-costume-store\\app\\routes\\($locale).blogs._index.jsx"
2025-09-17T09:16:07.822670Z  INFO scan_sources: tailwindcss_oxide::scanner: Discovering "C:\\Users\\P\\Desktop\\Shopify\\lazy-costume-store\\app\\routes\\($locale).cart.$lines.jsx"
2025-09-17T09:16:07.822780Z  INFO scan_sources: tailwindcss_oxide::scanner: Discovering "C:\\Users\\P\\Desktop\\Shopify\\lazy-costume-store\\app\\routes\\($locale).cart.jsx"
2025-09-17T09:16:07.822889Z  INFO scan_sources: tailwindcss_oxide::scanner: Discovering "C:\\Users\\P\\Desktop\\Shopify\\lazy-costume-store\\app\\routes\\($locale).collections.$handle.jsx"
2025-09-17T09:16:07.822998Z  INFO scan_sources: tailwindcss_oxide::scanner: Discovering "C:\\Users\\P\\Desktop\\Shopify\\lazy-costume-store\\app\\routes\\($locale).collections.all.jsx"
2025-09-17T09:16:07.823110Z  INFO scan_sources: tailwindcss_oxide::scanner: Discovering "C:\\Users\\P\\Desktop\\Shopify\\lazy-costume-store\\app\\routes\\($locale).collections._index.jsx"
2025-09-17T09:16:07.823237Z  INFO scan_sources: tailwindcss_oxide::scanner: Discovering "C:\\Users\\P\\Desktop\\Shopify\\lazy-costume-store\\app\\routes\\($locale).discount.$code.jsx"
2025-09-17T09:16:07.823348Z  INFO scan_sources: tailwindcss_oxide::scanner: Discovering "C:\\Users\\P\\Desktop\\Shopify\\lazy-costume-store\\app\\routes\\($locale).jsx"
2025-09-17T09:16:07.823462Z  INFO scan_sources: tailwindcss_oxide::scanner: Discovering "C:\\Users\\P\\Desktop\\Shopify\\lazy-costume-store\\app\\routes\\($locale).pages.$handle.jsx"
2025-09-17T09:16:07.823574Z  INFO scan_sources: tailwindcss_oxide::scanner: Discovering "C:\\Users\\P\\Desktop\\Shopify\\lazy-costume-store\\app\\routes\\($locale).policies.$handle.jsx"
2025-09-17T09:16:07.823682Z  INFO scan_sources: tailwindcss_oxide::scanner: Discovering "C:\\Users\\P\\Desktop\\Shopify\\lazy-costume-store\\app\\routes\\($locale).policies._index.jsx"
2025-09-17T09:16:07.823790Z  INFO scan_sources: tailwindcss_oxide::scanner: Discovering "C:\\Users\\P\\Desktop\\Shopify\\lazy-costume-store\\app\\routes\\($locale).products.$handle.jsx"
2025-09-17T09:16:07.823907Z  INFO scan_sources: tailwindcss_oxide::scanner: Discovering "C:\\Users\\P\\Desktop\\Shopify\\lazy-costume-store\\app\\routes\\($locale).products._index.jsx"
2025-09-17T09:16:07.824032Z  INFO scan_sources: tailwindcss_oxide::scanner: Discovering "C:\\Users\\P\\Desktop\\Shopify\\lazy-costume-store\\app\\routes\\($locale).search.jsx"
2025-09-17T09:16:07.824148Z  INFO scan_sources: tailwindcss_oxide::scanner: Discovering "C:\\Users\\P\\Desktop\\Shopify\\lazy-costume-store\\app\\routes\\($locale).sitemap.$type.$page[.xml].jsx"
2025-09-17T09:16:07.824265Z  INFO scan_sources: tailwindcss_oxide::scanner: Discovering "C:\\Users\\P\\Desktop\\Shopify\\lazy-costume-store\\app\\routes\\($locale).[sitemap.xml].jsx"
2025-09-17T09:16:07.824373Z  INFO scan_sources: tailwindcss_oxide::scanner: Discovering "C:\\Users\\P\\Desktop\\Shopify\\lazy-costume-store\\app\\routes\\($locale)._index.jsx"
2025-09-17T09:16:07.824500Z  INFO scan_sources: tailwindcss_oxide::scanner: Discovering "C:\\Users\\P\\Desktop\\Shopify\\lazy-costume-store\\app\\routes\\[robots.txt].jsx"
2025-09-17T09:16:07.824641Z  INFO scan_sources: tailwindcss_oxide::scanner: Discovering "C:\\Users\\P\\Desktop\\Shopify\\lazy-costume-store\\app\\routes.js"
2025-09-17T09:16:07.824824Z  INFO scan_sources: tailwindcss_oxide::scanner: Discovering "C:\\Users\\P\\Desktop\\Shopify\\lazy-costume-store\\app\\styles"
2025-09-17T09:16:07.825038Z  INFO scan_sources: tailwindcss_oxide::scanner: Discovering "C:\\Users\\P\\Desktop\\Shopify\\lazy-costume-store\\app\\styles\\app.css"
2025-09-17T09:16:07.825147Z  INFO scan_sources: tailwindcss_oxide::scanner: Discovering "C:\\Users\\P\\Desktop\\Shopify\\lazy-costume-store\\app\\styles\\reset.css"
2025-09-17T09:16:07.825258Z  INFO scan_sources: tailwindcss_oxide::scanner: Discovering "C:\\Users\\P\\Desktop\\Shopify\\lazy-costume-store\\app\\styles\\tailwind.css"
2025-09-17T09:16:07.825423Z  INFO scan_sources: tailwindcss_oxide::scanner: Discovering "C:\\Users\\P\\Desktop\\Shopify\\lazy-costume-store\\CHANGELOG.md"
2025-09-17T09:16:07.825535Z  INFO scan_sources: tailwindcss_oxide::scanner: Discovering "C:\\Users\\P\\Desktop\\Shopify\\lazy-costume-store\\crypto.mjs"
2025-09-17T09:16:07.825684Z  INFO scan_sources: tailwindcss_oxide::scanner: Discovering "C:\\Users\\P\\Desktop\\Shopify\\lazy-costume-store\\customer-accountapi.generated.d.ts"
2025-09-17T09:16:07.826010Z  INFO scan_sources: tailwindcss_oxide::scanner: Discovering "C:\\Users\\P\\Desktop\\Shopify\\lazy-costume-store\\env.d.ts"
2025-09-17T09:16:07.826128Z  INFO scan_sources: tailwindcss_oxide::scanner: Discovering "C:\\Users\\P\\Desktop\\Shopify\\lazy-costume-store\\eslint.config.js"
2025-09-17T09:16:07.826315Z  INFO scan_sources: tailwindcss_oxide::scanner: Discovering "C:\\Users\\P\\Desktop\\Shopify\\lazy-costume-store\\guides"
2025-09-17T09:16:07.826596Z  INFO scan_sources: tailwindcss_oxide::scanner: Discovering "C:\\Users\\P\\Desktop\\Shopify\\lazy-costume-store\\guides\\predictiveSearch"
2025-09-17T09:16:07.826810Z  INFO scan_sources: tailwindcss_oxide::scanner: Discovering "C:\\Users\\P\\Desktop\\Shopify\\lazy-costume-store\\guides\\predictiveSearch\\predictiveSearch.md"
2025-09-17T09:16:07.827015Z  INFO scan_sources: tailwindcss_oxide::scanner: Discovering "C:\\Users\\P\\Desktop\\Shopify\\lazy-costume-store\\guides\\search"
2025-09-17T09:16:07.827229Z  INFO scan_sources: tailwindcss_oxide::scanner: Discovering "C:\\Users\\P\\Desktop\\Shopify\\lazy-costume-store\\guides\\search\\search.md"
2025-09-17T09:16:07.827398Z  INFO scan_sources: tailwindcss_oxide::scanner: Discovering "C:\\Users\\P\\Desktop\\Shopify\\lazy-costume-store\\index.js"
2025-09-17T09:16:07.827519Z  INFO scan_sources: tailwindcss_oxide::scanner: Discovering "C:\\Users\\P\\Desktop\\Shopify\\lazy-costume-store\\jsconfig.json"
2025-09-17T09:16:07.827887Z  INFO scan_sources: tailwindcss_oxide::scanner: Discovering "C:\\Users\\P\\Desktop\\Shopify\\lazy-costume-store\\package.json"
2025-09-17T09:16:07.828082Z  INFO scan_sources: tailwindcss_oxide::scanner: Discovering "C:\\Users\\P\\Desktop\\Shopify\\lazy-costume-store\\public"
2025-09-17T09:16:07.828301Z  INFO scan_sources: tailwindcss_oxide::scanner: Discovering "C:\\Users\\P\\Desktop\\Shopify\\lazy-costume-store\\public\\.gitkeep"
2025-09-17T09:16:07.828443Z  INFO scan_sources: tailwindcss_oxide::scanner: Discovering "C:\\Users\\P\\Desktop\\Shopify\\lazy-costume-store\\react-router.config.js"
2025-09-17T09:16:07.828560Z  INFO scan_sources: tailwindcss_oxide::scanner: Discovering "C:\\Users\\P\\Desktop\\Shopify\\lazy-costume-store\\README.md"
2025-09-17T09:16:07.828675Z  INFO scan_sources: tailwindcss_oxide::scanner: Discovering "C:\\Users\\P\\Desktop\\Shopify\\lazy-costume-store\\server.js"
2025-09-17T09:16:07.828789Z  INFO scan_sources: tailwindcss_oxide::scanner: Discovering "C:\\Users\\P\\Desktop\\Shopify\\lazy-costume-store\\server.mjs"
2025-09-17T09:16:07.828901Z  INFO scan_sources: tailwindcss_oxide::scanner: Discovering "C:\\Users\\P\\Desktop\\Shopify\\lazy-costume-store\\storefrontapi.generated.d.ts"
2025-09-17T09:16:07.829014Z  INFO scan_sources: tailwindcss_oxide::scanner: Discovering "C:\\Users\\P\\Desktop\\Shopify\\lazy-costume-store\\streams.mjs"
2025-09-17T09:16:07.829141Z  INFO scan_sources: tailwindcss_oxide::scanner: Discovering "C:\\Users\\P\\Desktop\\Shopify\\lazy-costume-store\\test.mjs"
2025-09-17T09:16:07.829253Z  INFO scan_sources: tailwindcss_oxide::scanner: Discovering "C:\\Users\\P\\Desktop\\Shopify\\lazy-costume-store\\vite.config.js"
2025-09-17T09:16:07.829404Z  INFO scan_sources: tailwindcss_oxide::scanner: exit
2025-09-17T09:16:07.829424Z  INFO extract_candidates: tailwindcss_oxide::scanner: enter
2025-09-17T09:16:07.829442Z  INFO extract_candidates:read_all_files: tailwindcss_oxide::scanner: enter
2025-09-17T09:16:07.829453Z  INFO extract_candidates:read_all_files: tailwindcss_oxide::scanner: Reading 88 file(s)
2025-09-17T09:16:07.829858Z  INFO tailwindcss_oxide::scanner: Reading "C:\\Users\\P\\Desktop\\Shopify\\lazy-costume-store\\.cursor\\rules\\hydrogen-react-router.mdc"
2025-09-17T09:16:07.829910Z  INFO tailwindcss_oxide::scanner: Reading "C:\\Users\\P\\Desktop\\Shopify\\lazy-costume-store\\app\\routes\\($locale).account_.authorize.jsx"
2025-09-17T09:16:07.829980Z  INFO tailwindcss_oxide::scanner: Reading "C:\\Users\\P\\Desktop\\Shopify\\lazy-costume-store\\app\\entry.server.jsx"
2025-09-17T09:16:07.830022Z  INFO tailwindcss_oxide::scanner: Reading "C:\\Users\\P\\Desktop\\Shopify\\lazy-costume-store\\.graphqlrc.js"
2025-09-17T09:16:07.830049Z  INFO tailwindcss_oxide::scanner: Reading "C:\\Users\\P\\Desktop\\Shopify\\lazy-costume-store\\app\\routes\\($locale).account_.login.jsx"
2025-09-17T09:16:07.830055Z  INFO tailwindcss_oxide::scanner: Reading "C:\\Users\\P\\Desktop\\Shopify\\lazy-costume-store\\app\\lib\\session.js"
2025-09-17T09:16:07.830068Z  INFO tailwindcss_oxide::scanner: Reading "C:\\Users\\P\\Desktop\\Shopify\\lazy-costume-store\\app\\components\\PaginatedResourceSection.jsx"
2025-09-17T09:16:07.830114Z  INFO tailwindcss_oxide::scanner: Reading "C:\\Users\\P\\Desktop\\Shopify\\lazy-costume-store\\app\\graphql\\customer-account\\CustomerAddressMutations.js"
2025-09-17T09:16:07.830136Z  INFO tailwindcss_oxide::scanner: Reading "C:\\Users\\P\\Desktop\\Shopify\\lazy-costume-store\\app\\components\\CartLineItem.jsx"
2025-09-17T09:16:07.830148Z  INFO tailwindcss_oxide::scanner: Reading "C:\\Users\\P\\Desktop\\Shopify\\lazy-costume-store\\app\\routes\\($locale).account_.logout.jsx"
2025-09-17T09:16:07.830186Z  INFO tailwindcss_oxide::scanner: Reading "C:\\Users\\P\\Desktop\\Shopify\\lazy-costume-store\\app\\components\\ProductForm.jsx"
2025-09-17T09:16:07.830189Z  INFO tailwindcss_oxide::scanner: Reading "C:\\Users\\P\\Desktop\\Shopify\\lazy-costume-store\\app\\lib\\variants.js"
2025-09-17T09:16:07.830152Z  INFO tailwindcss_oxide::scanner: Reading "C:\\Users\\P\\Desktop\\Shopify\\lazy-costume-store\\app\\assets\\favicon.svg"
2025-09-17T09:16:07.830227Z  INFO tailwindcss_oxide::scanner: Reading "C:\\Users\\P\\Desktop\\Shopify\\lazy-costume-store\\app\\graphql\\customer-account\\CustomerDetailsQuery.js"
2025-09-17T09:16:07.830267Z  INFO tailwindcss_oxide::scanner: Reading "C:\\Users\\P\\Desktop\\Shopify\\lazy-costume-store\\app\\components\\CartMain.jsx"
2025-09-17T09:16:07.830283Z  INFO tailwindcss_oxide::scanner: Reading "C:\\Users\\P\\Desktop\\Shopify\\lazy-costume-store\\app\\routes\\($locale).api.$version.[graphql.json].jsx"
2025-09-17T09:16:07.830336Z  INFO tailwindcss_oxide::scanner: Reading "C:\\Users\\P\\Desktop\\Shopify\\lazy-costume-store\\app\\root.jsx"
2025-09-17T09:16:07.830353Z  INFO tailwindcss_oxide::scanner: Reading "C:\\Users\\P\\Desktop\\Shopify\\lazy-costume-store\\app\\components\\AddToCartButton.jsx"
2025-09-17T09:16:07.830292Z  INFO tailwindcss_oxide::scanner: Reading "C:\\Users\\P\\Desktop\\Shopify\\lazy-costume-store\\app\\components\\ProductGrid.jsx"
2025-09-17T09:16:07.830379Z  INFO tailwindcss_oxide::scanner: Reading "C:\\Users\\P\\Desktop\\Shopify\\lazy-costume-store\\app\\graphql\\customer-account\\CustomerOrderQuery.js"
2025-09-17T09:16:07.830410Z  INFO tailwindcss_oxide::scanner: Reading "C:\\Users\\P\\Desktop\\Shopify\\lazy-costume-store\\app\\components\\CartSummary.jsx"
2025-09-17T09:16:07.830420Z  INFO tailwindcss_oxide::scanner: Reading "C:\\Users\\P\\Desktop\\Shopify\\lazy-costume-store\\app\\routes\\($locale).blogs.$blogHandle.$articleHandle.jsx"
2025-09-17T09:16:07.830436Z  INFO tailwindcss_oxide::scanner: Reading "C:\\Users\\P\\Desktop\\Shopify\\lazy-costume-store\\app\\routes\\($locale).$.jsx"
2025-09-17T09:16:07.830463Z  INFO tailwindcss_oxide::scanner: Reading "C:\\Users\\P\\Desktop\\Shopify\\lazy-costume-store\\app\\components\\Aside.jsx"
2025-09-17T09:16:07.830481Z  INFO tailwindcss_oxide::scanner: Reading "C:\\Users\\P\\Desktop\\Shopify\\lazy-costume-store\\app\\components\\ProductImage.jsx"
2025-09-17T09:16:07.830515Z  INFO tailwindcss_oxide::scanner: Reading "C:\\Users\\P\\Desktop\\Shopify\\lazy-costume-store\\app\\graphql\\customer-account\\CustomerOrdersQuery.js"
2025-09-17T09:16:07.830529Z  INFO tailwindcss_oxide::scanner: Reading "C:\\Users\\P\\Desktop\\Shopify\\lazy-costume-store\\app\\components\\Footer.jsx"
2025-09-17T09:16:07.830524Z  INFO tailwindcss_oxide::scanner: Reading "C:\\Users\\P\\Desktop\\Shopify\\lazy-costume-store\\app\\routes\\($locale).blogs.$blogHandle._index.jsx"
2025-09-17T09:16:07.830533Z  INFO tailwindcss_oxide::scanner: Reading "C:\\Users\\P\\Desktop\\Shopify\\lazy-costume-store\\app\\routes\\($locale).account.$.jsx"
2025-09-17T09:16:07.830573Z  INFO tailwindcss_oxide::scanner: Reading "C:\\Users\\P\\Desktop\\Shopify\\lazy-costume-store\\app\\routes\\($locale)._index.jsx"
2025-09-17T09:16:07.830627Z  INFO tailwindcss_oxide::scanner: Reading "C:\\Users\\P\\Desktop\\Shopify\\lazy-costume-store\\app\\graphql\\customer-account\\CustomerUpdateMutation.js"
2025-09-17T09:16:07.830580Z  INFO tailwindcss_oxide::scanner: Reading "C:\\Users\\P\\Desktop\\Shopify\\lazy-costume-store\\app\\components\\ProductItem.jsx"
2025-09-17T09:16:07.830667Z  INFO tailwindcss_oxide::scanner: Reading "C:\\Users\\P\\Desktop\\Shopify\\lazy-costume-store\\app\\routes\\($locale).blogs._index.jsx"
2025-09-17T09:16:07.830649Z  INFO tailwindcss_oxide::scanner: Reading "C:\\Users\\P\\Desktop\\Shopify\\lazy-costume-store\\app\\components\\Header.jsx"
2025-09-17T09:16:07.830699Z  INFO tailwindcss_oxide::scanner: Reading "C:\\Users\\P\\Desktop\\Shopify\\lazy-costume-store\\app\\routes\\($locale).account.addresses.jsx"
2025-09-17T09:16:07.830714Z  INFO tailwindcss_oxide::scanner: Reading "C:\\Users\\P\\Desktop\\Shopify\\lazy-costume-store\\app\\routes\\[robots.txt].jsx"
2025-09-17T09:16:07.830735Z  INFO tailwindcss_oxide::scanner: Reading "C:\\Users\\P\\Desktop\\Shopify\\lazy-costume-store\\app\\lib\\context.js"
2025-09-17T09:16:07.830756Z  INFO tailwindcss_oxide::scanner: Reading "C:\\Users\\P\\Desktop\\Shopify\\lazy-costume-store\\app\\components\\ProductPrice.jsx"
2025-09-17T09:16:07.830805Z  INFO tailwindcss_oxide::scanner: Reading "C:\\Users\\P\\Desktop\\Shopify\\lazy-costume-store\\app\\components\\PageLayout.jsx"
2025-09-17T09:16:07.830831Z  INFO tailwindcss_oxide::scanner: Reading "C:\\Users\\P\\Desktop\\Shopify\\lazy-costume-store\\app\\routes\\($locale).account.jsx"
2025-09-17T09:16:07.830767Z  INFO tailwindcss_oxide::scanner: Reading "C:\\Users\\P\\Desktop\\Shopify\\lazy-costume-store\\app\\routes\\($locale).cart.$lines.jsx"
2025-09-17T09:16:07.830874Z  INFO tailwindcss_oxide::scanner: Reading "C:\\Users\\P\\Desktop\\Shopify\\lazy-costume-store\\app\\routes.js"
2025-09-17T09:16:07.830934Z  INFO tailwindcss_oxide::scanner: Reading "C:\\Users\\P\\Desktop\\Shopify\\lazy-costume-store\\app\\components\\SearchResults.jsx"
2025-09-17T09:16:07.830951Z  INFO tailwindcss_oxide::scanner: Reading "C:\\Users\\P\\Desktop\\Shopify\\lazy-costume-store\\app\\routes\\($locale).account.orders.$id.jsx"
2025-09-17T09:16:07.831015Z  INFO tailwindcss_oxide::scanner: Reading "C:\\Users\\P\\Desktop\\Shopify\\lazy-costume-store\\app\\routes\\($locale).cart.jsx"
2025-09-17T09:16:07.831061Z  INFO tailwindcss_oxide::scanner: Reading "C:\\Users\\P\\Desktop\\Shopify\\lazy-costume-store\\app\\routes\\($locale).account.orders._index.jsx"
2025-09-17T09:16:07.830880Z  INFO tailwindcss_oxide::scanner: Reading "C:\\Users\\P\\Desktop\\Shopify\\lazy-costume-store\\app\\lib\\fragments.js"
2025-09-17T09:16:07.830898Z  INFO tailwindcss_oxide::scanner: Reading "C:\\Users\\P\\Desktop\\Shopify\\lazy-costume-store\\app\\components\\SearchForm.jsx"
2025-09-17T09:16:07.831115Z  INFO tailwindcss_oxide::scanner: Reading "C:\\Users\\P\\Desktop\\Shopify\\lazy-costume-store\\app\\routes\\($locale).collections.$handle.jsx"
2025-09-17T09:16:07.831064Z  INFO tailwindcss_oxide::scanner: Reading "C:\\Users\\P\\Desktop\\Shopify\\lazy-costume-store\\app\\components\\SearchResultsPredictive.jsx"
2025-09-17T09:16:07.831208Z  INFO tailwindcss_oxide::scanner: Reading "C:\\Users\\P\\Desktop\\Shopify\\lazy-costume-store\\app\\lib\\i18n.js"
2025-09-17T09:16:07.831282Z  INFO tailwindcss_oxide::scanner: Reading "C:\\Users\\P\\Desktop\\Shopify\\lazy-costume-store\\app\\components\\SearchFormPredictive.jsx"
2025-09-17T09:16:07.831096Z  INFO tailwindcss_oxide::scanner: Reading "C:\\Users\\P\\Desktop\\Shopify\\lazy-costume-store\\CHANGELOG.md"
2025-09-17T09:16:07.831324Z  INFO tailwindcss_oxide::scanner: Reading "C:\\Users\\P\\Desktop\\Shopify\\lazy-costume-store\\app\\lib\\redirect.js"
2025-09-17T09:16:07.831214Z  INFO tailwindcss_oxide::scanner: Reading "C:\\Users\\P\\Desktop\\Shopify\\lazy-costume-store\\app\\routes\\($locale).account.profile.jsx"
2025-09-17T09:16:07.831214Z  INFO tailwindcss_oxide::scanner: Reading "C:\\Users\\P\\Desktop\\Shopify\\lazy-costume-store\\app\\routes\\($locale).collections.all.jsx"
2025-09-17T09:16:07.831437Z  INFO tailwindcss_oxide::scanner: Reading "C:\\Users\\P\\Desktop\\Shopify\\lazy-costume-store\\app\\lib\\search.js"
2025-09-17T09:16:07.831416Z  INFO tailwindcss_oxide::scanner: Reading "C:\\Users\\P\\Desktop\\Shopify\\lazy-costume-store\\app\\routes\\($locale).account._index.jsx"
2025-09-17T09:16:07.831480Z  INFO tailwindcss_oxide::scanner: Reading "C:\\Users\\P\\Desktop\\Shopify\\lazy-costume-store\\crypto.mjs"
2025-09-17T09:16:07.831475Z  INFO tailwindcss_oxide::scanner: Reading "C:\\Users\\P\\Desktop\\Shopify\\lazy-costume-store\\jsconfig.json"
2025-09-17T09:16:07.831530Z  INFO tailwindcss_oxide::scanner: Reading "C:\\Users\\P\\Desktop\\Shopify\\lazy-costume-store\\app\\routes\\($locale).collections._index.jsx"
2025-09-17T09:16:07.831560Z  INFO tailwindcss_oxide::scanner: Reading "C:\\Users\\P\\Desktop\\Shopify\\lazy-costume-store\\customer-accountapi.generated.d.ts"
2025-09-17T09:16:07.831573Z  INFO tailwindcss_oxide::scanner: Reading "C:\\Users\\P\\Desktop\\Shopify\\lazy-costume-store\\server.js"
2025-09-17T09:16:07.831595Z  INFO tailwindcss_oxide::scanner: Reading "C:\\Users\\P\\Desktop\\Shopify\\lazy-costume-store\\streams.mjs"
2025-09-17T09:16:07.831618Z  INFO tailwindcss_oxide::scanner: Reading "C:\\Users\\P\\Desktop\\Shopify\\lazy-costume-store\\package.json"
2025-09-17T09:16:07.831636Z  INFO tailwindcss_oxide::scanner: Reading "C:\\Users\\P\\Desktop\\Shopify\\lazy-costume-store\\app\\routes\\($locale).discount.$code.jsx"
2025-09-17T09:16:07.831283Z  INFO tailwindcss_oxide::scanner: Reading "C:\\Users\\P\\Desktop\\Shopify\\lazy-costume-store\\app\\entry.client.jsx"
2025-09-17T09:16:07.831689Z  INFO tailwindcss_oxide::scanner: Reading "C:\\Users\\P\\Desktop\\Shopify\\lazy-costume-store\\env.d.ts"
2025-09-17T09:16:07.831710Z  INFO tailwindcss_oxide::scanner: Reading "C:\\Users\\P\\Desktop\\Shopify\\lazy-costume-store\\test.mjs"
2025-09-17T09:16:07.831711Z  INFO tailwindcss_oxide::scanner: Reading "C:\\Users\\P\\Desktop\\Shopify\\lazy-costume-store\\public\\.gitkeep"
2025-09-17T09:16:07.831694Z  INFO tailwindcss_oxide::scanner: Reading "C:\\Users\\P\\Desktop\\Shopify\\lazy-costume-store\\server.mjs"
2025-09-17T09:16:07.831804Z  INFO tailwindcss_oxide::scanner: Reading "C:\\Users\\P\\Desktop\\Shopify\\lazy-costume-store\\storefrontapi.generated.d.ts"
2025-09-17T09:16:07.831807Z  INFO tailwindcss_oxide::scanner: Reading "C:\\Users\\P\\Desktop\\Shopify\\lazy-costume-store\\eslint.config.js"
2025-09-17T09:16:07.831842Z  INFO tailwindcss_oxide::scanner: Reading "C:\\Users\\P\\Desktop\\Shopify\\lazy-costume-store\\react-router.config.js"
2025-09-17T09:16:07.831810Z  INFO tailwindcss_oxide::scanner: Reading "C:\\Users\\P\\Desktop\\Shopify\\lazy-costume-store\\vite.config.js"
2025-09-17T09:16:07.831890Z  INFO tailwindcss_oxide::scanner: Reading "C:\\Users\\P\\Desktop\\Shopify\\lazy-costume-store\\README.md"
2025-09-17T09:16:07.831740Z  INFO tailwindcss_oxide::scanner: Reading "C:\\Users\\P\\Desktop\\Shopify\\lazy-costume-store\\app\\routes\\($locale).jsx"
2025-09-17T09:16:07.831943Z  INFO tailwindcss_oxide::scanner: Reading "C:\\Users\\P\\Desktop\\Shopify\\lazy-costume-store\\app\\routes\\($locale).policies._index.jsx"
2025-09-17T09:16:07.831967Z  INFO tailwindcss_oxide::scanner: Reading "C:\\Users\\P\\Desktop\\Shopify\\lazy-costume-store\\guides\\search\\search.md"
2025-09-17T09:16:07.831952Z  INFO tailwindcss_oxide::scanner: Reading "C:\\Users\\P\\Desktop\\Shopify\\lazy-costume-store\\guides\\predictiveSearch\\predictiveSearch.md"
2025-09-17T09:16:07.831995Z  INFO tailwindcss_oxide::scanner: Reading "C:\\Users\\P\\Desktop\\Shopify\\lazy-costume-store\\app\\routes\\($locale).search.jsx"
2025-09-17T09:16:07.832002Z  INFO tailwindcss_oxide::scanner: Reading "C:\\Users\\P\\Desktop\\Shopify\\lazy-costume-store\\app\\routes\\($locale).sitemap.$type.$page[.xml].jsx"
2025-09-17T09:16:07.832022Z  INFO tailwindcss_oxide::scanner: Reading "C:\\Users\\P\\Desktop\\Shopify\\lazy-costume-store\\app\\routes\\($locale).pages.$handle.jsx"
2025-09-17T09:16:07.832049Z  INFO tailwindcss_oxide::scanner: Reading "C:\\Users\\P\\Desktop\\Shopify\\lazy-costume-store\\app\\routes\\($locale).products.$handle.jsx"
2025-09-17T09:16:07.832137Z  INFO tailwindcss_oxide::scanner: Reading "C:\\Users\\P\\Desktop\\Shopify\\lazy-costume-store\\app\\routes\\($locale).[sitemap.xml].jsx"
2025-09-17T09:16:07.832187Z  INFO tailwindcss_oxide::scanner: Reading "C:\\Users\\P\\Desktop\\Shopify\\lazy-costume-store\\app\\routes\\($locale).policies.$handle.jsx"
2025-09-17T09:16:07.832083Z  INFO tailwindcss_oxide::scanner: Reading "C:\\Users\\P\\Desktop\\Shopify\\lazy-costume-store\\index.js"
2025-09-17T09:16:07.832110Z  INFO tailwindcss_oxide::scanner: Reading "C:\\Users\\P\\Desktop\\Shopify\\lazy-costume-store\\app\\routes\\($locale).products._index.jsx"
2025-09-17T09:16:07.832454Z  INFO extract_candidates:read_all_files: tailwindcss_oxide::scanner: exit
2025-09-17T09:16:07.832479Z  INFO extract_candidates:parse_all_blobs: tailwindcss_oxide::scanner: enter
2025-09-17T09:16:07.832495Z  INFO extract_candidates:parse_all_blobs:extract: tailwindcss_oxide::scanner: enter
2025-09-17T09:16:07.834839Z  INFO extract_candidates:parse_all_blobs:extract: tailwindcss_oxide::scanner: exit
2025-09-17T09:16:07.834904Z  INFO extract_candidates:parse_all_blobs: tailwindcss_oxide::scanner: exit
2025-09-17T09:16:07.834923Z  INFO extract_candidates:read_all_files: tailwindcss_oxide::scanner: enter
2025-09-17T09:16:07.834934Z  INFO extract_candidates:read_all_files: tailwindcss_oxide::scanner: Reading 3 file(s)
2025-09-17T09:16:07.835146Z  INFO tailwindcss_oxide::scanner: Reading "C:\\Users\\P\\Desktop\\Shopify\\lazy-costume-store\\app\\styles\\tailwind.css"
2025-09-17T09:16:07.835146Z  INFO tailwindcss_oxide::scanner: Reading "C:\\Users\\P\\Desktop\\Shopify\\lazy-costume-store\\app\\styles\\app.css"
2025-09-17T09:16:07.835204Z  INFO tailwindcss_oxide::scanner: Reading "C:\\Users\\P\\Desktop\\Shopify\\lazy-costume-store\\app\\styles\\reset.css"
2025-09-17T09:16:07.835257Z  INFO extract_candidates:read_all_files: tailwindcss_oxide::scanner: exit
2025-09-17T09:16:07.835274Z  INFO extract_candidates:extract_css_variables: tailwindcss_oxide::scanner: enter
2025-09-17T09:16:07.835286Z  INFO extract_candidates:extract_css_variables:extract: tailwindcss_oxide::scanner: enter
2025-09-17T09:16:07.835500Z  INFO extract_candidates:extract_css_variables:extract: tailwindcss_oxide::scanner: exit
2025-09-17T09:16:07.835524Z  INFO extract_candidates:extract_css_variables: tailwindcss_oxide::scanner: exit
2025-09-17T09:16:07.836015Z  INFO extract_candidates: tailwindcss_oxide::scanner: exit
2025-09-17T09:16:07.837170Z  INFO get_files: tailwindcss_oxide::scanner: enter
2025-09-17T09:16:07.837198Z  INFO get_files:scan_sources: tailwindcss_oxide::scanner: enter
2025-09-17T09:16:07.838937Z  INFO get_files:scan_sources: tailwindcss_oxide::scanner: Discovering "C:\\Users\\P\\Desktop\\Shopify\\lazy-costume-store\\.cursor"
2025-09-17T09:16:07.839220Z  INFO get_files:scan_sources: tailwindcss_oxide::scanner: Discovering "C:\\Users\\P\\Desktop\\Shopify\\lazy-costume-store\\.cursor\\rules"
2025-09-17T09:16:07.839896Z  INFO get_files:scan_sources: tailwindcss_oxide::scanner: Discovering "C:\\Users\\P\\Desktop\\Shopify\\lazy-costume-store\\.hydrogen"
2025-09-17T09:16:07.840164Z  INFO get_files:scan_sources: tailwindcss_oxide::scanner: Discovering "C:\\Users\\P\\Desktop\\Shopify\\lazy-costume-store\\.hydrogen\\commands"
2025-09-17T09:16:07.840842Z  INFO get_files:scan_sources: tailwindcss_oxide::scanner: Discovering "C:\\Users\\P\\Desktop\\Shopify\\lazy-costume-store\\app"
2025-09-17T09:16:07.841116Z  INFO get_files:scan_sources: tailwindcss_oxide::scanner: Discovering "C:\\Users\\P\\Desktop\\Shopify\\lazy-costume-store\\app\\assets"
2025-09-17T09:16:07.841468Z  INFO get_files:scan_sources: tailwindcss_oxide::scanner: Discovering "C:\\Users\\P\\Desktop\\Shopify\\lazy-costume-store\\app\\components"
2025-09-17T09:16:07.842801Z  INFO get_files:scan_sources: tailwindcss_oxide::scanner: Discovering "C:\\Users\\P\\Desktop\\Shopify\\lazy-costume-store\\app\\graphql"
2025-09-17T09:16:07.843073Z  INFO get_files:scan_sources: tailwindcss_oxide::scanner: Discovering "C:\\Users\\P\\Desktop\\Shopify\\lazy-costume-store\\app\\graphql\\customer-account"
2025-09-17T09:16:07.843660Z  INFO get_files:scan_sources: tailwindcss_oxide::scanner: Discovering "C:\\Users\\P\\Desktop\\Shopify\\lazy-costume-store\\app\\lib"
2025-09-17T09:16:07.844371Z  INFO get_files:scan_sources: tailwindcss_oxide::scanner: Discovering "C:\\Users\\P\\Desktop\\Shopify\\lazy-costume-store\\app\\routes"
2025-09-17T09:16:07.846487Z  INFO get_files:scan_sources: tailwindcss_oxide::scanner: Discovering "C:\\Users\\P\\Desktop\\Shopify\\lazy-costume-store\\app\\styles"
2025-09-17T09:16:07.847738Z  INFO get_files:scan_sources: tailwindcss_oxide::scanner: Discovering "C:\\Users\\P\\Desktop\\Shopify\\lazy-costume-store\\guides"
2025-09-17T09:16:07.850420Z  INFO get_files:scan_sources: tailwindcss_oxide::scanner: Discovering "C:\\Users\\P\\Desktop\\Shopify\\lazy-costume-store\\guides\\predictiveSearch"
2025-09-17T09:16:07.850787Z  INFO get_files:scan_sources: tailwindcss_oxide::scanner: Discovering "C:\\Users\\P\\Desktop\\Shopify\\lazy-costume-store\\guides\\search"
2025-09-17T09:16:07.851730Z  INFO get_files:scan_sources: tailwindcss_oxide::scanner: Discovering "C:\\Users\\P\\Desktop\\Shopify\\lazy-costume-store\\public"
2025-09-17T09:16:07.852491Z  INFO get_files:scan_sources: tailwindcss_oxide::scanner: exit
2025-09-17T09:16:07.852595Z  INFO get_files: tailwindcss_oxide::scanner: exit
2025-09-17T09:16:07.852864Z  INFO get_globs: tailwindcss_oxide::scanner: enter
2025-09-17T09:16:07.852882Z  INFO get_globs:scan_sources: tailwindcss_oxide::scanner: enter
2025-09-17T09:16:07.854577Z  INFO get_globs:scan_sources: tailwindcss_oxide::scanner: Discovering "C:\\Users\\P\\Desktop\\Shopify\\lazy-costume-store\\.cursor"
2025-09-17T09:16:07.854859Z  INFO get_globs:scan_sources: tailwindcss_oxide::scanner: Discovering "C:\\Users\\P\\Desktop\\Shopify\\lazy-costume-store\\.cursor\\rules"
2025-09-17T09:16:07.855545Z  INFO get_globs:scan_sources: tailwindcss_oxide::scanner: Discovering "C:\\Users\\P\\Desktop\\Shopify\\lazy-costume-store\\.hydrogen"
2025-09-17T09:16:07.855818Z  INFO get_globs:scan_sources: tailwindcss_oxide::scanner: Discovering "C:\\Users\\P\\Desktop\\Shopify\\lazy-costume-store\\.hydrogen\\commands"
2025-09-17T09:16:07.856508Z  INFO get_globs:scan_sources: tailwindcss_oxide::scanner: Discovering "C:\\Users\\P\\Desktop\\Shopify\\lazy-costume-store\\app"
2025-09-17T09:16:07.856782Z  INFO get_globs:scan_sources: tailwindcss_oxide::scanner: Discovering "C:\\Users\\P\\Desktop\\Shopify\\lazy-costume-store\\app\\assets"
2025-09-17T09:16:07.857136Z  INFO get_globs:scan_sources: tailwindcss_oxide::scanner: Discovering "C:\\Users\\P\\Desktop\\Shopify\\lazy-costume-store\\app\\components"
2025-09-17T09:16:07.858482Z  INFO get_globs:scan_sources: tailwindcss_oxide::scanner: Discovering "C:\\Users\\P\\Desktop\\Shopify\\lazy-costume-store\\app\\graphql"
2025-09-17T09:16:07.858758Z  INFO get_globs:scan_sources: tailwindcss_oxide::scanner: Discovering "C:\\Users\\P\\Desktop\\Shopify\\lazy-costume-store\\app\\graphql\\customer-account"
2025-09-17T09:16:07.859349Z  INFO get_globs:scan_sources: tailwindcss_oxide::scanner: Discovering "C:\\Users\\P\\Desktop\\Shopify\\lazy-costume-store\\app\\lib"
2025-09-17T09:16:07.860065Z  INFO get_globs:scan_sources: tailwindcss_oxide::scanner: Discovering "C:\\Users\\P\\Desktop\\Shopify\\lazy-costume-store\\app\\routes"
2025-09-17T09:16:07.862124Z  INFO get_globs:scan_sources: tailwindcss_oxide::scanner: Discovering "C:\\Users\\P\\Desktop\\Shopify\\lazy-costume-store\\app\\styles"
2025-09-17T09:16:07.863063Z  INFO get_globs:scan_sources: tailwindcss_oxide::scanner: Discovering "C:\\Users\\P\\Desktop\\Shopify\\lazy-costume-store\\guides"
2025-09-17T09:16:07.863349Z  INFO get_globs:scan_sources: tailwindcss_oxide::scanner: Discovering "C:\\Users\\P\\Desktop\\Shopify\\lazy-costume-store\\guides\\predictiveSearch"
2025-09-17T09:16:07.863721Z  INFO get_globs:scan_sources: tailwindcss_oxide::scanner: Discovering "C:\\Users\\P\\Desktop\\Shopify\\lazy-costume-store\\guides\\search"
2025-09-17T09:16:07.864524Z  INFO get_globs:scan_sources: tailwindcss_oxide::scanner: Discovering "C:\\Users\\P\\Desktop\\Shopify\\lazy-costume-store\\public"
2025-09-17T09:16:07.865239Z  INFO get_globs:scan_sources: tailwindcss_oxide::scanner: exit
2025-09-17T09:16:07.882279Z  INFO get_globs: tailwindcss_oxide::scanner: exit
