2025-09-17T09:11:54.329385Z  INFO tailwindcss_oxide::scanner: Provided sources:
2025-09-17T09:11:54.329573Z  INFO tailwindcss_oxide::scanner: Source: PublicSourceEntry { base: "C:/Users/P/Desktop/Shopify/lazy-costume-store", pattern: "**/*", negated: false }
2025-09-17T09:11:54.329812Z  INFO tailwindcss_oxide::scanner: Optimized sources:
2025-09-17T09:11:54.329875Z  INFO tailwindcss_oxide::scanner: Source: Auto { base: "C:\\Users\\P\\Desktop\\Shopify\\lazy-costume-store" }
2025-09-17T09:11:54.348653Z  INFO tailwindcss_oxide::scanner: Provided sources:
2025-09-17T09:11:54.348718Z  INFO tailwindcss_oxide::scanner: Source: PublicSourceEntry { base: "C:/Users/P/Desktop/Shopify/lazy-costume-store", pattern: "**/*", negated: false }
2025-09-17T09:11:54.350322Z  INFO tailwindcss_oxide::scanner: Optimized sources:
2025-09-17T09:11:54.350409Z  INFO tailwindcss_oxide::scanner: Source: Auto { base: "C:\\Users\\P\\Desktop\\Shopify\\lazy-costume-store" }
2025-09-17T09:11:54.444475Z  INFO tailwindcss_oxide::scanner: Provided sources:
2025-09-17T09:11:54.444517Z  INFO tailwindcss_oxide::scanner: Source: PublicSourceEntry { base: "C:/Users/P/Desktop/Shopify/lazy-costume-store", pattern: "**/*", negated: false }
2025-09-17T09:11:54.444709Z  INFO tailwindcss_oxide::scanner: Optimized sources:
2025-09-17T09:11:54.444731Z  INFO tailwindcss_oxide::scanner: Source: Auto { base: "C:\\Users\\P\\Desktop\\Shopify\\lazy-costume-store" }
2025-09-17T09:11:54.444981Z  INFO scan_sources: tailwindcss_oxide::scanner: enter
2025-09-17T09:11:54.447198Z  INFO scan_sources: tailwindcss_oxide::scanner: Discovering "C:\\Users\\P\\Desktop\\Shopify\\lazy-costume-store\\.cursor"
2025-09-17T09:11:54.447505Z  INFO scan_sources: tailwindcss_oxide::scanner: Discovering "C:\\Users\\P\\Desktop\\Shopify\\lazy-costume-store\\.cursor\\rules"
2025-09-17T09:11:54.447753Z  INFO scan_sources: tailwindcss_oxide::scanner: Discovering "C:\\Users\\P\\Desktop\\Shopify\\lazy-costume-store\\.cursor\\rules\\hydrogen-react-router.mdc"
2025-09-17T09:11:54.448159Z  INFO scan_sources: tailwindcss_oxide::scanner: Discovering "C:\\Users\\P\\Desktop\\Shopify\\lazy-costume-store\\.graphqlrc.js"
2025-09-17T09:11:54.448345Z  INFO scan_sources: tailwindcss_oxide::scanner: Discovering "C:\\Users\\P\\Desktop\\Shopify\\lazy-costume-store\\.hydrogen"
2025-09-17T09:11:54.448619Z  INFO scan_sources: tailwindcss_oxide::scanner: Discovering "C:\\Users\\P\\Desktop\\Shopify\\lazy-costume-store\\.hydrogen\\commands"
2025-09-17T09:11:54.449569Z  INFO scan_sources: tailwindcss_oxide::scanner: Discovering "C:\\Users\\P\\Desktop\\Shopify\\lazy-costume-store\\app"
2025-09-17T09:11:54.450068Z  INFO scan_sources: tailwindcss_oxide::scanner: Discovering "C:\\Users\\P\\Desktop\\Shopify\\lazy-costume-store\\app\\assets"
2025-09-17T09:11:54.450427Z  INFO scan_sources: tailwindcss_oxide::scanner: Discovering "C:\\Users\\P\\Desktop\\Shopify\\lazy-costume-store\\app\\assets\\favicon.svg"
2025-09-17T09:11:54.450738Z  INFO scan_sources: tailwindcss_oxide::scanner: Discovering "C:\\Users\\P\\Desktop\\Shopify\\lazy-costume-store\\app\\components"
2025-09-17T09:11:54.451070Z  INFO scan_sources: tailwindcss_oxide::scanner: Discovering "C:\\Users\\P\\Desktop\\Shopify\\lazy-costume-store\\app\\components\\AddToCartButton.jsx"
2025-09-17T09:11:54.451239Z  INFO scan_sources: tailwindcss_oxide::scanner: Discovering "C:\\Users\\P\\Desktop\\Shopify\\lazy-costume-store\\app\\components\\Aside.jsx"
2025-09-17T09:11:54.451379Z  INFO scan_sources: tailwindcss_oxide::scanner: Discovering "C:\\Users\\P\\Desktop\\Shopify\\lazy-costume-store\\app\\components\\CartLineItem.jsx"
2025-09-17T09:11:54.451501Z  INFO scan_sources: tailwindcss_oxide::scanner: Discovering "C:\\Users\\P\\Desktop\\Shopify\\lazy-costume-store\\app\\components\\CartMain.jsx"
2025-09-17T09:11:54.451617Z  INFO scan_sources: tailwindcss_oxide::scanner: Discovering "C:\\Users\\P\\Desktop\\Shopify\\lazy-costume-store\\app\\components\\CartSummary.jsx"
2025-09-17T09:11:54.451732Z  INFO scan_sources: tailwindcss_oxide::scanner: Discovering "C:\\Users\\P\\Desktop\\Shopify\\lazy-costume-store\\app\\components\\Footer.jsx"
2025-09-17T09:11:54.451886Z  INFO scan_sources: tailwindcss_oxide::scanner: Discovering "C:\\Users\\P\\Desktop\\Shopify\\lazy-costume-store\\app\\components\\Header.jsx"
2025-09-17T09:11:54.452000Z  INFO scan_sources: tailwindcss_oxide::scanner: Discovering "C:\\Users\\P\\Desktop\\Shopify\\lazy-costume-store\\app\\components\\PageLayout.jsx"
2025-09-17T09:11:54.452112Z  INFO scan_sources: tailwindcss_oxide::scanner: Discovering "C:\\Users\\P\\Desktop\\Shopify\\lazy-costume-store\\app\\components\\PaginatedResourceSection.jsx"
2025-09-17T09:11:54.452223Z  INFO scan_sources: tailwindcss_oxide::scanner: Discovering "C:\\Users\\P\\Desktop\\Shopify\\lazy-costume-store\\app\\components\\ProductForm.jsx"
2025-09-17T09:11:54.452336Z  INFO scan_sources: tailwindcss_oxide::scanner: Discovering "C:\\Users\\P\\Desktop\\Shopify\\lazy-costume-store\\app\\components\\ProductGrid.jsx"
2025-09-17T09:11:54.452450Z  INFO scan_sources: tailwindcss_oxide::scanner: Discovering "C:\\Users\\P\\Desktop\\Shopify\\lazy-costume-store\\app\\components\\ProductImage.jsx"
2025-09-17T09:11:54.452570Z  INFO scan_sources: tailwindcss_oxide::scanner: Discovering "C:\\Users\\P\\Desktop\\Shopify\\lazy-costume-store\\app\\components\\ProductItem.jsx"
2025-09-17T09:11:54.452682Z  INFO scan_sources: tailwindcss_oxide::scanner: Discovering "C:\\Users\\P\\Desktop\\Shopify\\lazy-costume-store\\app\\components\\ProductPrice.jsx"
2025-09-17T09:11:54.452797Z  INFO scan_sources: tailwindcss_oxide::scanner: Discovering "C:\\Users\\P\\Desktop\\Shopify\\lazy-costume-store\\app\\components\\SearchForm.jsx"
2025-09-17T09:11:54.452911Z  INFO scan_sources: tailwindcss_oxide::scanner: Discovering "C:\\Users\\P\\Desktop\\Shopify\\lazy-costume-store\\app\\components\\SearchFormPredictive.jsx"
2025-09-17T09:11:54.453021Z  INFO scan_sources: tailwindcss_oxide::scanner: Discovering "C:\\Users\\P\\Desktop\\Shopify\\lazy-costume-store\\app\\components\\SearchResults.jsx"
2025-09-17T09:11:54.453134Z  INFO scan_sources: tailwindcss_oxide::scanner: Discovering "C:\\Users\\P\\Desktop\\Shopify\\lazy-costume-store\\app\\components\\SearchResultsPredictive.jsx"
2025-09-17T09:11:54.453295Z  INFO scan_sources: tailwindcss_oxide::scanner: Discovering "C:\\Users\\P\\Desktop\\Shopify\\lazy-costume-store\\app\\entry.client.jsx"
2025-09-17T09:11:54.453414Z  INFO scan_sources: tailwindcss_oxide::scanner: Discovering "C:\\Users\\P\\Desktop\\Shopify\\lazy-costume-store\\app\\entry.server.jsx"
2025-09-17T09:11:54.453620Z  INFO scan_sources: tailwindcss_oxide::scanner: Discovering "C:\\Users\\P\\Desktop\\Shopify\\lazy-costume-store\\app\\graphql"
2025-09-17T09:11:54.453909Z  INFO scan_sources: tailwindcss_oxide::scanner: Discovering "C:\\Users\\P\\Desktop\\Shopify\\lazy-costume-store\\app\\graphql\\customer-account"
2025-09-17T09:11:54.454130Z  INFO scan_sources: tailwindcss_oxide::scanner: Discovering "C:\\Users\\P\\Desktop\\Shopify\\lazy-costume-store\\app\\graphql\\customer-account\\CustomerAddressMutations.js"
2025-09-17T09:11:54.454244Z  INFO scan_sources: tailwindcss_oxide::scanner: Discovering "C:\\Users\\P\\Desktop\\Shopify\\lazy-costume-store\\app\\graphql\\customer-account\\CustomerDetailsQuery.js"
2025-09-17T09:11:54.454355Z  INFO scan_sources: tailwindcss_oxide::scanner: Discovering "C:\\Users\\P\\Desktop\\Shopify\\lazy-costume-store\\app\\graphql\\customer-account\\CustomerOrderQuery.js"
2025-09-17T09:11:54.454513Z  INFO scan_sources: tailwindcss_oxide::scanner: Discovering "C:\\Users\\P\\Desktop\\Shopify\\lazy-costume-store\\app\\graphql\\customer-account\\CustomerOrdersQuery.js"
2025-09-17T09:11:54.454654Z  INFO scan_sources: tailwindcss_oxide::scanner: Discovering "C:\\Users\\P\\Desktop\\Shopify\\lazy-costume-store\\app\\graphql\\customer-account\\CustomerUpdateMutation.js"
2025-09-17T09:11:54.455009Z  INFO scan_sources: tailwindcss_oxide::scanner: Discovering "C:\\Users\\P\\Desktop\\Shopify\\lazy-costume-store\\app\\lib"
2025-09-17T09:11:54.455257Z  INFO scan_sources: tailwindcss_oxide::scanner: Discovering "C:\\Users\\P\\Desktop\\Shopify\\lazy-costume-store\\app\\lib\\context.js"
2025-09-17T09:11:54.455417Z  INFO scan_sources: tailwindcss_oxide::scanner: Discovering "C:\\Users\\P\\Desktop\\Shopify\\lazy-costume-store\\app\\lib\\fragments.js"
2025-09-17T09:11:54.455539Z  INFO scan_sources: tailwindcss_oxide::scanner: Discovering "C:\\Users\\P\\Desktop\\Shopify\\lazy-costume-store\\app\\lib\\i18n.js"
2025-09-17T09:11:54.455659Z  INFO scan_sources: tailwindcss_oxide::scanner: Discovering "C:\\Users\\P\\Desktop\\Shopify\\lazy-costume-store\\app\\lib\\redirect.js"
2025-09-17T09:11:54.455815Z  INFO scan_sources: tailwindcss_oxide::scanner: Discovering "C:\\Users\\P\\Desktop\\Shopify\\lazy-costume-store\\app\\lib\\search.js"
2025-09-17T09:11:54.455934Z  INFO scan_sources: tailwindcss_oxide::scanner: Discovering "C:\\Users\\P\\Desktop\\Shopify\\lazy-costume-store\\app\\lib\\session.js"
2025-09-17T09:11:54.456049Z  INFO scan_sources: tailwindcss_oxide::scanner: Discovering "C:\\Users\\P\\Desktop\\Shopify\\lazy-costume-store\\app\\lib\\variants.js"
2025-09-17T09:11:54.456197Z  INFO scan_sources: tailwindcss_oxide::scanner: Discovering "C:\\Users\\P\\Desktop\\Shopify\\lazy-costume-store\\app\\root.jsx"
2025-09-17T09:11:54.456987Z  INFO scan_sources: tailwindcss_oxide::scanner: Discovering "C:\\Users\\P\\Desktop\\Shopify\\lazy-costume-store\\app\\routes"
2025-09-17T09:11:54.457323Z  INFO scan_sources: tailwindcss_oxide::scanner: Discovering "C:\\Users\\P\\Desktop\\Shopify\\lazy-costume-store\\app\\routes\\($locale).$.jsx"
2025-09-17T09:11:54.457463Z  INFO scan_sources: tailwindcss_oxide::scanner: Discovering "C:\\Users\\P\\Desktop\\Shopify\\lazy-costume-store\\app\\routes\\($locale).account.$.jsx"
2025-09-17T09:11:54.457588Z  INFO scan_sources: tailwindcss_oxide::scanner: Discovering "C:\\Users\\P\\Desktop\\Shopify\\lazy-costume-store\\app\\routes\\($locale).account.addresses.jsx"
2025-09-17T09:11:54.457706Z  INFO scan_sources: tailwindcss_oxide::scanner: Discovering "C:\\Users\\P\\Desktop\\Shopify\\lazy-costume-store\\app\\routes\\($locale).account.jsx"
2025-09-17T09:11:54.457825Z  INFO scan_sources: tailwindcss_oxide::scanner: Discovering "C:\\Users\\P\\Desktop\\Shopify\\lazy-costume-store\\app\\routes\\($locale).account.orders.$id.jsx"
2025-09-17T09:11:54.457954Z  INFO scan_sources: tailwindcss_oxide::scanner: Discovering "C:\\Users\\P\\Desktop\\Shopify\\lazy-costume-store\\app\\routes\\($locale).account.orders._index.jsx"
2025-09-17T09:11:54.458096Z  INFO scan_sources: tailwindcss_oxide::scanner: Discovering "C:\\Users\\P\\Desktop\\Shopify\\lazy-costume-store\\app\\routes\\($locale).account.profile.jsx"
2025-09-17T09:11:54.458228Z  INFO scan_sources: tailwindcss_oxide::scanner: Discovering "C:\\Users\\P\\Desktop\\Shopify\\lazy-costume-store\\app\\routes\\($locale).account._index.jsx"
2025-09-17T09:11:54.458341Z  INFO scan_sources: tailwindcss_oxide::scanner: Discovering "C:\\Users\\P\\Desktop\\Shopify\\lazy-costume-store\\app\\routes\\($locale).account_.authorize.jsx"
2025-09-17T09:11:54.458456Z  INFO scan_sources: tailwindcss_oxide::scanner: Discovering "C:\\Users\\P\\Desktop\\Shopify\\lazy-costume-store\\app\\routes\\($locale).account_.login.jsx"
2025-09-17T09:11:54.458567Z  INFO scan_sources: tailwindcss_oxide::scanner: Discovering "C:\\Users\\P\\Desktop\\Shopify\\lazy-costume-store\\app\\routes\\($locale).account_.logout.jsx"
2025-09-17T09:11:54.458681Z  INFO scan_sources: tailwindcss_oxide::scanner: Discovering "C:\\Users\\P\\Desktop\\Shopify\\lazy-costume-store\\app\\routes\\($locale).api.$version.[graphql.json].jsx"
2025-09-17T09:11:54.458796Z  INFO scan_sources: tailwindcss_oxide::scanner: Discovering "C:\\Users\\P\\Desktop\\Shopify\\lazy-costume-store\\app\\routes\\($locale).blogs.$blogHandle.$articleHandle.jsx"
2025-09-17T09:11:54.458922Z  INFO scan_sources: tailwindcss_oxide::scanner: Discovering "C:\\Users\\P\\Desktop\\Shopify\\lazy-costume-store\\app\\routes\\($locale).blogs.$blogHandle._index.jsx"
2025-09-17T09:11:54.459031Z  INFO scan_sources: tailwindcss_oxide::scanner: Discovering "C:\\Users\\P\\Desktop\\Shopify\\lazy-costume-store\\app\\routes\\($locale).blogs._index.jsx"
2025-09-17T09:11:54.459186Z  INFO scan_sources: tailwindcss_oxide::scanner: Discovering "C:\\Users\\P\\Desktop\\Shopify\\lazy-costume-store\\app\\routes\\($locale).cart.$lines.jsx"
2025-09-17T09:11:54.459297Z  INFO scan_sources: tailwindcss_oxide::scanner: Discovering "C:\\Users\\P\\Desktop\\Shopify\\lazy-costume-store\\app\\routes\\($locale).cart.jsx"
2025-09-17T09:11:54.459406Z  INFO scan_sources: tailwindcss_oxide::scanner: Discovering "C:\\Users\\P\\Desktop\\Shopify\\lazy-costume-store\\app\\routes\\($locale).collections.$handle.jsx"
2025-09-17T09:11:54.459516Z  INFO scan_sources: tailwindcss_oxide::scanner: Discovering "C:\\Users\\P\\Desktop\\Shopify\\lazy-costume-store\\app\\routes\\($locale).collections.all.jsx"
2025-09-17T09:11:54.459625Z  INFO scan_sources: tailwindcss_oxide::scanner: Discovering "C:\\Users\\P\\Desktop\\Shopify\\lazy-costume-store\\app\\routes\\($locale).collections._index.jsx"
2025-09-17T09:11:54.459749Z  INFO scan_sources: tailwindcss_oxide::scanner: Discovering "C:\\Users\\P\\Desktop\\Shopify\\lazy-costume-store\\app\\routes\\($locale).discount.$code.jsx"
2025-09-17T09:11:54.459859Z  INFO scan_sources: tailwindcss_oxide::scanner: Discovering "C:\\Users\\P\\Desktop\\Shopify\\lazy-costume-store\\app\\routes\\($locale).jsx"
2025-09-17T09:11:54.459972Z  INFO scan_sources: tailwindcss_oxide::scanner: Discovering "C:\\Users\\P\\Desktop\\Shopify\\lazy-costume-store\\app\\routes\\($locale).pages.$handle.jsx"
2025-09-17T09:11:54.460082Z  INFO scan_sources: tailwindcss_oxide::scanner: Discovering "C:\\Users\\P\\Desktop\\Shopify\\lazy-costume-store\\app\\routes\\($locale).policies.$handle.jsx"
2025-09-17T09:11:54.460202Z  INFO scan_sources: tailwindcss_oxide::scanner: Discovering "C:\\Users\\P\\Desktop\\Shopify\\lazy-costume-store\\app\\routes\\($locale).policies._index.jsx"
2025-09-17T09:11:54.460312Z  INFO scan_sources: tailwindcss_oxide::scanner: Discovering "C:\\Users\\P\\Desktop\\Shopify\\lazy-costume-store\\app\\routes\\($locale).products.$handle.jsx"
2025-09-17T09:11:54.460421Z  INFO scan_sources: tailwindcss_oxide::scanner: Discovering "C:\\Users\\P\\Desktop\\Shopify\\lazy-costume-store\\app\\routes\\($locale).products._index.jsx"
2025-09-17T09:11:54.460535Z  INFO scan_sources: tailwindcss_oxide::scanner: Discovering "C:\\Users\\P\\Desktop\\Shopify\\lazy-costume-store\\app\\routes\\($locale).search.jsx"
2025-09-17T09:11:54.460647Z  INFO scan_sources: tailwindcss_oxide::scanner: Discovering "C:\\Users\\P\\Desktop\\Shopify\\lazy-costume-store\\app\\routes\\($locale).sitemap.$type.$page[.xml].jsx"
2025-09-17T09:11:54.460769Z  INFO scan_sources: tailwindcss_oxide::scanner: Discovering "C:\\Users\\P\\Desktop\\Shopify\\lazy-costume-store\\app\\routes\\($locale).[sitemap.xml].jsx"
2025-09-17T09:11:54.460879Z  INFO scan_sources: tailwindcss_oxide::scanner: Discovering "C:\\Users\\P\\Desktop\\Shopify\\lazy-costume-store\\app\\routes\\($locale)._index.jsx"
2025-09-17T09:11:54.461010Z  INFO scan_sources: tailwindcss_oxide::scanner: Discovering "C:\\Users\\P\\Desktop\\Shopify\\lazy-costume-store\\app\\routes\\[robots.txt].jsx"
2025-09-17T09:11:54.461153Z  INFO scan_sources: tailwindcss_oxide::scanner: Discovering "C:\\Users\\P\\Desktop\\Shopify\\lazy-costume-store\\app\\routes.js"
2025-09-17T09:11:54.461338Z  INFO scan_sources: tailwindcss_oxide::scanner: Discovering "C:\\Users\\P\\Desktop\\Shopify\\lazy-costume-store\\app\\styles"
2025-09-17T09:11:54.461556Z  INFO scan_sources: tailwindcss_oxide::scanner: Discovering "C:\\Users\\P\\Desktop\\Shopify\\lazy-costume-store\\app\\styles\\app.css"
2025-09-17T09:11:54.461668Z  INFO scan_sources: tailwindcss_oxide::scanner: Discovering "C:\\Users\\P\\Desktop\\Shopify\\lazy-costume-store\\app\\styles\\reset.css"
2025-09-17T09:11:54.461780Z  INFO scan_sources: tailwindcss_oxide::scanner: Discovering "C:\\Users\\P\\Desktop\\Shopify\\lazy-costume-store\\app\\styles\\tailwind.css"
2025-09-17T09:11:54.461945Z  INFO scan_sources: tailwindcss_oxide::scanner: Discovering "C:\\Users\\P\\Desktop\\Shopify\\lazy-costume-store\\CHANGELOG.md"
2025-09-17T09:11:54.462057Z  INFO scan_sources: tailwindcss_oxide::scanner: Discovering "C:\\Users\\P\\Desktop\\Shopify\\lazy-costume-store\\crypto.mjs"
2025-09-17T09:11:54.462173Z  INFO scan_sources: tailwindcss_oxide::scanner: Discovering "C:\\Users\\P\\Desktop\\Shopify\\lazy-costume-store\\customer-accountapi.generated.d.ts"
2025-09-17T09:11:54.462492Z  INFO scan_sources: tailwindcss_oxide::scanner: Discovering "C:\\Users\\P\\Desktop\\Shopify\\lazy-costume-store\\env.d.ts"
2025-09-17T09:11:54.462604Z  INFO scan_sources: tailwindcss_oxide::scanner: Discovering "C:\\Users\\P\\Desktop\\Shopify\\lazy-costume-store\\eslint.config.js"
2025-09-17T09:11:54.462781Z  INFO scan_sources: tailwindcss_oxide::scanner: Discovering "C:\\Users\\P\\Desktop\\Shopify\\lazy-costume-store\\guides"
2025-09-17T09:11:54.463058Z  INFO scan_sources: tailwindcss_oxide::scanner: Discovering "C:\\Users\\P\\Desktop\\Shopify\\lazy-costume-store\\guides\\predictiveSearch"
2025-09-17T09:11:54.463289Z  INFO scan_sources: tailwindcss_oxide::scanner: Discovering "C:\\Users\\P\\Desktop\\Shopify\\lazy-costume-store\\guides\\predictiveSearch\\predictiveSearch.md"
2025-09-17T09:11:54.463497Z  INFO scan_sources: tailwindcss_oxide::scanner: Discovering "C:\\Users\\P\\Desktop\\Shopify\\lazy-costume-store\\guides\\search"
2025-09-17T09:11:54.463704Z  INFO scan_sources: tailwindcss_oxide::scanner: Discovering "C:\\Users\\P\\Desktop\\Shopify\\lazy-costume-store\\guides\\search\\search.md"
2025-09-17T09:11:54.463867Z  INFO scan_sources: tailwindcss_oxide::scanner: Discovering "C:\\Users\\P\\Desktop\\Shopify\\lazy-costume-store\\index.js"
2025-09-17T09:11:54.463979Z  INFO scan_sources: tailwindcss_oxide::scanner: Discovering "C:\\Users\\P\\Desktop\\Shopify\\lazy-costume-store\\jsconfig.json"
2025-09-17T09:11:54.464317Z  INFO scan_sources: tailwindcss_oxide::scanner: Discovering "C:\\Users\\P\\Desktop\\Shopify\\lazy-costume-store\\package.json"
2025-09-17T09:11:54.464500Z  INFO scan_sources: tailwindcss_oxide::scanner: Discovering "C:\\Users\\P\\Desktop\\Shopify\\lazy-costume-store\\public"
2025-09-17T09:11:54.464708Z  INFO scan_sources: tailwindcss_oxide::scanner: Discovering "C:\\Users\\P\\Desktop\\Shopify\\lazy-costume-store\\public\\.gitkeep"
2025-09-17T09:11:54.464848Z  INFO scan_sources: tailwindcss_oxide::scanner: Discovering "C:\\Users\\P\\Desktop\\Shopify\\lazy-costume-store\\react-router.config.js"
2025-09-17T09:11:54.464958Z  INFO scan_sources: tailwindcss_oxide::scanner: Discovering "C:\\Users\\P\\Desktop\\Shopify\\lazy-costume-store\\README.md"
2025-09-17T09:11:54.465066Z  INFO scan_sources: tailwindcss_oxide::scanner: Discovering "C:\\Users\\P\\Desktop\\Shopify\\lazy-costume-store\\server.js"
2025-09-17T09:11:54.465173Z  INFO scan_sources: tailwindcss_oxide::scanner: Discovering "C:\\Users\\P\\Desktop\\Shopify\\lazy-costume-store\\server.mjs"
2025-09-17T09:11:54.465282Z  INFO scan_sources: tailwindcss_oxide::scanner: Discovering "C:\\Users\\P\\Desktop\\Shopify\\lazy-costume-store\\storefrontapi.generated.d.ts"
2025-09-17T09:11:54.465392Z  INFO scan_sources: tailwindcss_oxide::scanner: Discovering "C:\\Users\\P\\Desktop\\Shopify\\lazy-costume-store\\streams.mjs"
2025-09-17T09:11:54.465506Z  INFO scan_sources: tailwindcss_oxide::scanner: Discovering "C:\\Users\\P\\Desktop\\Shopify\\lazy-costume-store\\test.mjs"
2025-09-17T09:11:54.465677Z  INFO scan_sources: tailwindcss_oxide::scanner: Discovering "C:\\Users\\P\\Desktop\\Shopify\\lazy-costume-store\\vite.config.js"
2025-09-17T09:11:54.465897Z  INFO scan_sources: tailwindcss_oxide::scanner: exit
2025-09-17T09:11:54.465924Z  INFO extract_candidates: tailwindcss_oxide::scanner: enter
2025-09-17T09:11:54.465943Z  INFO extract_candidates:read_all_files: tailwindcss_oxide::scanner: enter
2025-09-17T09:11:54.465954Z  INFO extract_candidates:read_all_files: tailwindcss_oxide::scanner: Reading 88 file(s)
2025-09-17T09:11:54.466421Z  INFO tailwindcss_oxide::scanner: Reading "C:\\Users\\P\\Desktop\\Shopify\\lazy-costume-store\\.cursor\\rules\\hydrogen-react-router.mdc"
2025-09-17T09:11:54.466484Z  INFO tailwindcss_oxide::scanner: Reading "C:\\Users\\P\\Desktop\\Shopify\\lazy-costume-store\\app\\routes\\($locale).account_.authorize.jsx"
2025-09-17T09:11:54.466583Z  INFO tailwindcss_oxide::scanner: Reading "C:\\Users\\P\\Desktop\\Shopify\\lazy-costume-store\\app\\entry.server.jsx"
2025-09-17T09:11:54.466713Z  INFO tailwindcss_oxide::scanner: Reading "C:\\Users\\P\\Desktop\\Shopify\\lazy-costume-store\\.graphqlrc.js"
2025-09-17T09:11:54.466716Z  INFO tailwindcss_oxide::scanner: Reading "C:\\Users\\P\\Desktop\\Shopify\\lazy-costume-store\\app\\graphql\\customer-account\\CustomerAddressMutations.js"
2025-09-17T09:11:54.466900Z  INFO tailwindcss_oxide::scanner: Reading "C:\\Users\\P\\Desktop\\Shopify\\lazy-costume-store\\app\\assets\\favicon.svg"
2025-09-17T09:11:54.466727Z  INFO tailwindcss_oxide::scanner: Reading "C:\\Users\\P\\Desktop\\Shopify\\lazy-costume-store\\app\\routes\\($locale).account_.login.jsx"
2025-09-17T09:11:54.466903Z  INFO tailwindcss_oxide::scanner: Reading "C:\\Users\\P\\Desktop\\Shopify\\lazy-costume-store\\app\\components\\PaginatedResourceSection.jsx"
2025-09-17T09:11:54.466745Z  INFO tailwindcss_oxide::scanner: Reading "C:\\Users\\P\\Desktop\\Shopify\\lazy-costume-store\\app\\routes\\($locale)._index.jsx"
2025-09-17T09:11:54.467072Z  INFO tailwindcss_oxide::scanner: Reading "C:\\Users\\P\\Desktop\\Shopify\\lazy-costume-store\\app\\components\\ProductForm.jsx"
2025-09-17T09:11:54.467004Z  INFO tailwindcss_oxide::scanner: Reading "C:\\Users\\P\\Desktop\\Shopify\\lazy-costume-store\\app\\components\\CartLineItem.jsx"
2025-09-17T09:11:54.466936Z  INFO tailwindcss_oxide::scanner: Reading "C:\\Users\\P\\Desktop\\Shopify\\lazy-costume-store\\app\\graphql\\customer-account\\CustomerDetailsQuery.js"
2025-09-17T09:11:54.467108Z  INFO tailwindcss_oxide::scanner: Reading "C:\\Users\\P\\Desktop\\Shopify\\lazy-costume-store\\app\\routes\\($locale).account_.logout.jsx"
2025-09-17T09:11:54.467233Z  INFO tailwindcss_oxide::scanner: Reading "C:\\Users\\P\\Desktop\\Shopify\\lazy-costume-store\\app\\routes\\[robots.txt].jsx"
2025-09-17T09:11:54.467444Z  INFO tailwindcss_oxide::scanner: Reading "C:\\Users\\P\\Desktop\\Shopify\\lazy-costume-store\\app\\graphql\\customer-account\\CustomerOrderQuery.js"
2025-09-17T09:11:54.467346Z  INFO tailwindcss_oxide::scanner: Reading "C:\\Users\\P\\Desktop\\Shopify\\lazy-costume-store\\app\\components\\ProductGrid.jsx"
2025-09-17T09:11:54.467488Z  INFO tailwindcss_oxide::scanner: Reading "C:\\Users\\P\\Desktop\\Shopify\\lazy-costume-store\\app\\routes\\($locale).api.$version.[graphql.json].jsx"
2025-09-17T09:11:54.467420Z  INFO tailwindcss_oxide::scanner: Reading "C:\\Users\\P\\Desktop\\Shopify\\lazy-costume-store\\app\\components\\CartMain.jsx"
2025-09-17T09:11:54.467631Z  INFO tailwindcss_oxide::scanner: Reading "C:\\Users\\P\\Desktop\\Shopify\\lazy-costume-store\\app\\graphql\\customer-account\\CustomerOrdersQuery.js"
2025-09-17T09:11:54.467592Z  INFO tailwindcss_oxide::scanner: Reading "C:\\Users\\P\\Desktop\\Shopify\\lazy-costume-store\\app\\routes.js"
2025-09-17T09:11:54.467704Z  INFO tailwindcss_oxide::scanner: Reading "C:\\Users\\P\\Desktop\\Shopify\\lazy-costume-store\\app\\routes\\($locale).blogs.$blogHandle.$articleHandle.jsx"
2025-09-17T09:11:54.467591Z  INFO tailwindcss_oxide::scanner: Reading "C:\\Users\\P\\Desktop\\Shopify\\lazy-costume-store\\app\\components\\AddToCartButton.jsx"
2025-09-17T09:11:54.467752Z  INFO tailwindcss_oxide::scanner: Reading "C:\\Users\\P\\Desktop\\Shopify\\lazy-costume-store\\app\\components\\CartSummary.jsx"
2025-09-17T09:11:54.467762Z  INFO tailwindcss_oxide::scanner: Reading "C:\\Users\\P\\Desktop\\Shopify\\lazy-costume-store\\app\\graphql\\customer-account\\CustomerUpdateMutation.js"
2025-09-17T09:11:54.467818Z  INFO tailwindcss_oxide::scanner: Reading "C:\\Users\\P\\Desktop\\Shopify\\lazy-costume-store\\app\\routes\\($locale).blogs.$blogHandle._index.jsx"
2025-09-17T09:11:54.467857Z  INFO tailwindcss_oxide::scanner: Reading "C:\\Users\\P\\Desktop\\Shopify\\lazy-costume-store\\app\\components\\Aside.jsx"
2025-09-17T09:11:54.467871Z  INFO tailwindcss_oxide::scanner: Reading "C:\\Users\\P\\Desktop\\Shopify\\lazy-costume-store\\CHANGELOG.md"
2025-09-17T09:11:54.467874Z  INFO tailwindcss_oxide::scanner: Reading "C:\\Users\\P\\Desktop\\Shopify\\lazy-costume-store\\app\\components\\Footer.jsx"
2025-09-17T09:11:54.467928Z  INFO tailwindcss_oxide::scanner: Reading "C:\\Users\\P\\Desktop\\Shopify\\lazy-costume-store\\app\\routes\\($locale).blogs._index.jsx"
2025-09-17T09:11:54.467885Z  INFO tailwindcss_oxide::scanner: Reading "C:\\Users\\P\\Desktop\\Shopify\\lazy-costume-store\\app\\lib\\context.js"
2025-09-17T09:11:54.467979Z  INFO tailwindcss_oxide::scanner: Reading "C:\\Users\\P\\Desktop\\Shopify\\lazy-costume-store\\app\\lib\\session.js"
2025-09-17T09:11:54.468027Z  INFO tailwindcss_oxide::scanner: Reading "C:\\Users\\P\\Desktop\\Shopify\\lazy-costume-store\\app\\components\\Header.jsx"
2025-09-17T09:11:54.468039Z  INFO tailwindcss_oxide::scanner: Reading "C:\\Users\\P\\Desktop\\Shopify\\lazy-costume-store\\app\\routes\\($locale).cart.$lines.jsx"
2025-09-17T09:11:54.468043Z  INFO tailwindcss_oxide::scanner: Reading "C:\\Users\\P\\Desktop\\Shopify\\lazy-costume-store\\crypto.mjs"
2025-09-17T09:11:54.468076Z  INFO tailwindcss_oxide::scanner: Reading "C:\\Users\\P\\Desktop\\Shopify\\lazy-costume-store\\app\\lib\\fragments.js"
2025-09-17T09:11:54.468102Z  INFO tailwindcss_oxide::scanner: Reading "C:\\Users\\P\\Desktop\\Shopify\\lazy-costume-store\\app\\lib\\variants.js"
2025-09-17T09:11:54.468135Z  INFO tailwindcss_oxide::scanner: Reading "C:\\Users\\P\\Desktop\\Shopify\\lazy-costume-store\\app\\components\\PageLayout.jsx"
2025-09-17T09:11:54.468138Z  INFO tailwindcss_oxide::scanner: Reading "C:\\Users\\P\\Desktop\\Shopify\\lazy-costume-store\\app\\routes\\($locale).cart.jsx"
2025-09-17T09:11:54.468179Z  INFO tailwindcss_oxide::scanner: Reading "C:\\Users\\P\\Desktop\\Shopify\\lazy-costume-store\\customer-accountapi.generated.d.ts"
2025-09-17T09:11:54.468190Z  INFO tailwindcss_oxide::scanner: Reading "C:\\Users\\P\\Desktop\\Shopify\\lazy-costume-store\\app\\lib\\i18n.js"
2025-09-17T09:11:54.468208Z  INFO tailwindcss_oxide::scanner: Reading "C:\\Users\\P\\Desktop\\Shopify\\lazy-costume-store\\app\\root.jsx"
2025-09-17T09:11:54.468242Z  INFO tailwindcss_oxide::scanner: Reading "C:\\Users\\P\\Desktop\\Shopify\\lazy-costume-store\\app\\components\\ProductPrice.jsx"
2025-09-17T09:11:54.468268Z  INFO tailwindcss_oxide::scanner: Reading "C:\\Users\\P\\Desktop\\Shopify\\lazy-costume-store\\app\\routes\\($locale).collections.$handle.jsx"
2025-09-17T09:11:54.468298Z  INFO tailwindcss_oxide::scanner: Reading "C:\\Users\\P\\Desktop\\Shopify\\lazy-costume-store\\env.d.ts"
2025-09-17T09:11:54.468304Z  INFO tailwindcss_oxide::scanner: Reading "C:\\Users\\P\\Desktop\\Shopify\\lazy-costume-store\\app\\lib\\redirect.js"
2025-09-17T09:11:54.468315Z  INFO tailwindcss_oxide::scanner: Reading "C:\\Users\\P\\Desktop\\Shopify\\lazy-costume-store\\app\\routes\\($locale).$.jsx"
2025-09-17T09:11:54.468340Z  INFO tailwindcss_oxide::scanner: Reading "C:\\Users\\P\\Desktop\\Shopify\\lazy-costume-store\\app\\components\\SearchForm.jsx"
2025-09-17T09:11:54.467618Z  INFO tailwindcss_oxide::scanner: Reading "C:\\Users\\P\\Desktop\\Shopify\\lazy-costume-store\\app\\components\\ProductImage.jsx"
2025-09-17T09:11:54.468437Z  INFO tailwindcss_oxide::scanner: Reading "C:\\Users\\P\\Desktop\\Shopify\\lazy-costume-store\\app\\lib\\search.js"
2025-09-17T09:11:54.468456Z  INFO tailwindcss_oxide::scanner: Reading "C:\\Users\\P\\Desktop\\Shopify\\lazy-costume-store\\app\\routes\\($locale).account.$.jsx"
2025-09-17T09:11:54.468367Z  INFO tailwindcss_oxide::scanner: Reading "C:\\Users\\P\\Desktop\\Shopify\\lazy-costume-store\\app\\routes\\($locale).collections.all.jsx"
2025-09-17T09:11:54.468526Z  INFO tailwindcss_oxide::scanner: Reading "C:\\Users\\P\\Desktop\\Shopify\\lazy-costume-store\\app\\components\\ProductItem.jsx"
2025-09-17T09:11:54.468509Z  INFO tailwindcss_oxide::scanner: Reading "C:\\Users\\P\\Desktop\\Shopify\\lazy-costume-store\\app\\components\\SearchFormPredictive.jsx"
2025-09-17T09:11:54.468564Z  INFO tailwindcss_oxide::scanner: Reading "C:\\Users\\P\\Desktop\\Shopify\\lazy-costume-store\\app\\routes\\($locale).account.addresses.jsx"
2025-09-17T09:11:54.468547Z  INFO tailwindcss_oxide::scanner: Reading "C:\\Users\\P\\Desktop\\Shopify\\lazy-costume-store\\app\\routes\\($locale).collections._index.jsx"
2025-09-17T09:11:54.468634Z  INFO tailwindcss_oxide::scanner: Reading "C:\\Users\\P\\Desktop\\Shopify\\lazy-costume-store\\app\\routes\\($locale).account.orders._index.jsx"
2025-09-17T09:11:54.468637Z  INFO tailwindcss_oxide::scanner: Reading "C:\\Users\\P\\Desktop\\Shopify\\lazy-costume-store\\app\\components\\SearchResults.jsx"
2025-09-17T09:11:54.468667Z  INFO tailwindcss_oxide::scanner: Reading "C:\\Users\\P\\Desktop\\Shopify\\lazy-costume-store\\app\\routes\\($locale).account.jsx"
2025-09-17T09:11:54.468663Z  INFO tailwindcss_oxide::scanner: Reading "C:\\Users\\P\\Desktop\\Shopify\\lazy-costume-store\\app\\routes\\($locale).account.profile.jsx"
2025-09-17T09:11:54.468701Z  INFO tailwindcss_oxide::scanner: Reading "C:\\Users\\P\\Desktop\\Shopify\\lazy-costume-store\\app\\routes\\($locale).discount.$code.jsx"
2025-09-17T09:11:54.468741Z  INFO tailwindcss_oxide::scanner: Reading "C:\\Users\\P\\Desktop\\Shopify\\lazy-costume-store\\app\\routes\\($locale).account.orders.$id.jsx"
2025-09-17T09:11:54.468763Z  INFO tailwindcss_oxide::scanner: Reading "C:\\Users\\P\\Desktop\\Shopify\\lazy-costume-store\\app\\components\\SearchResultsPredictive.jsx"
2025-09-17T09:11:54.468773Z  INFO tailwindcss_oxide::scanner: Reading "C:\\Users\\P\\Desktop\\Shopify\\lazy-costume-store\\app\\routes\\($locale).policies._index.jsx"
2025-09-17T09:11:54.468783Z  INFO tailwindcss_oxide::scanner: Reading "C:\\Users\\P\\Desktop\\Shopify\\lazy-costume-store\\app\\routes\\($locale).account._index.jsx"
2025-09-17T09:11:54.468803Z  INFO tailwindcss_oxide::scanner: Reading "C:\\Users\\P\\Desktop\\Shopify\\lazy-costume-store\\app\\routes\\($locale).jsx"
2025-09-17T09:11:54.468845Z  INFO tailwindcss_oxide::scanner: Reading "C:\\Users\\P\\Desktop\\Shopify\\lazy-costume-store\\app\\routes\\($locale).search.jsx"
2025-09-17T09:11:54.468868Z  INFO tailwindcss_oxide::scanner: Reading "C:\\Users\\P\\Desktop\\Shopify\\lazy-costume-store\\app\\entry.client.jsx"
2025-09-17T09:11:54.468875Z  INFO tailwindcss_oxide::scanner: Reading "C:\\Users\\P\\Desktop\\Shopify\\lazy-costume-store\\app\\routes\\($locale).products.$handle.jsx"
2025-09-17T09:11:54.468408Z  INFO tailwindcss_oxide::scanner: Reading "C:\\Users\\P\\Desktop\\Shopify\\lazy-costume-store\\eslint.config.js"
2025-09-17T09:11:54.468900Z  INFO tailwindcss_oxide::scanner: Reading "C:\\Users\\P\\Desktop\\Shopify\\lazy-costume-store\\app\\routes\\($locale).pages.$handle.jsx"
2025-09-17T09:11:54.468940Z  INFO tailwindcss_oxide::scanner: Reading "C:\\Users\\P\\Desktop\\Shopify\\lazy-costume-store\\app\\routes\\($locale).sitemap.$type.$page[.xml].jsx"
2025-09-17T09:11:54.468980Z  INFO tailwindcss_oxide::scanner: Reading "C:\\Users\\P\\Desktop\\Shopify\\lazy-costume-store\\guides\\predictiveSearch\\predictiveSearch.md"
2025-09-17T09:11:54.468982Z  INFO tailwindcss_oxide::scanner: Reading "C:\\Users\\P\\Desktop\\Shopify\\lazy-costume-store\\app\\routes\\($locale).products._index.jsx"
2025-09-17T09:11:54.469003Z  INFO tailwindcss_oxide::scanner: Reading "C:\\Users\\P\\Desktop\\Shopify\\lazy-costume-store\\app\\routes\\($locale).policies.$handle.jsx"
2025-09-17T09:11:54.469040Z  INFO tailwindcss_oxide::scanner: Reading "C:\\Users\\P\\Desktop\\Shopify\\lazy-costume-store\\app\\routes\\($locale).[sitemap.xml].jsx"
2025-09-17T09:11:54.469046Z  INFO tailwindcss_oxide::scanner: Reading "C:\\Users\\P\\Desktop\\Shopify\\lazy-costume-store\\server.js"
2025-09-17T09:11:54.469095Z  INFO tailwindcss_oxide::scanner: Reading "C:\\Users\\P\\Desktop\\Shopify\\lazy-costume-store\\guides\\search\\search.md"
2025-09-17T09:11:54.469131Z  INFO tailwindcss_oxide::scanner: Reading "C:\\Users\\P\\Desktop\\Shopify\\lazy-costume-store\\index.js"
2025-09-17T09:11:54.469152Z  INFO tailwindcss_oxide::scanner: Reading "C:\\Users\\P\\Desktop\\Shopify\\lazy-costume-store\\test.mjs"
2025-09-17T09:11:54.469147Z  INFO tailwindcss_oxide::scanner: Reading "C:\\Users\\P\\Desktop\\Shopify\\lazy-costume-store\\streams.mjs"
2025-09-17T09:11:54.469256Z  INFO tailwindcss_oxide::scanner: Reading "C:\\Users\\P\\Desktop\\Shopify\\lazy-costume-store\\storefrontapi.generated.d.ts"
2025-09-17T09:11:54.468887Z  INFO tailwindcss_oxide::scanner: Reading "C:\\Users\\P\\Desktop\\Shopify\\lazy-costume-store\\jsconfig.json"
2025-09-17T09:11:54.469164Z  INFO tailwindcss_oxide::scanner: Reading "C:\\Users\\P\\Desktop\\Shopify\\lazy-costume-store\\server.mjs"
2025-09-17T09:11:54.469326Z  INFO tailwindcss_oxide::scanner: Reading "C:\\Users\\P\\Desktop\\Shopify\\lazy-costume-store\\package.json"
2025-09-17T09:11:54.469191Z  INFO tailwindcss_oxide::scanner: Reading "C:\\Users\\P\\Desktop\\Shopify\\lazy-costume-store\\vite.config.js"
2025-09-17T09:11:54.469283Z  INFO tailwindcss_oxide::scanner: Reading "C:\\Users\\P\\Desktop\\Shopify\\lazy-costume-store\\public\\.gitkeep"
2025-09-17T09:11:54.469380Z  INFO tailwindcss_oxide::scanner: Reading "C:\\Users\\P\\Desktop\\Shopify\\lazy-costume-store\\react-router.config.js"
2025-09-17T09:11:54.469433Z  INFO tailwindcss_oxide::scanner: Reading "C:\\Users\\P\\Desktop\\Shopify\\lazy-costume-store\\README.md"
2025-09-17T09:11:54.469553Z  INFO extract_candidates:read_all_files: tailwindcss_oxide::scanner: exit
2025-09-17T09:11:54.469575Z  INFO extract_candidates:parse_all_blobs: tailwindcss_oxide::scanner: enter
2025-09-17T09:11:54.469591Z  INFO extract_candidates:parse_all_blobs:extract: tailwindcss_oxide::scanner: enter
2025-09-17T09:11:54.473002Z  INFO extract_candidates:parse_all_blobs:extract: tailwindcss_oxide::scanner: exit
2025-09-17T09:11:54.473070Z  INFO extract_candidates:parse_all_blobs: tailwindcss_oxide::scanner: exit
2025-09-17T09:11:54.473087Z  INFO extract_candidates:read_all_files: tailwindcss_oxide::scanner: enter
2025-09-17T09:11:54.473099Z  INFO extract_candidates:read_all_files: tailwindcss_oxide::scanner: Reading 3 file(s)
2025-09-17T09:11:54.473294Z  INFO tailwindcss_oxide::scanner: Reading "C:\\Users\\P\\Desktop\\Shopify\\lazy-costume-store\\app\\styles\\app.css"
2025-09-17T09:11:54.473294Z  INFO tailwindcss_oxide::scanner: Reading "C:\\Users\\P\\Desktop\\Shopify\\lazy-costume-store\\app\\styles\\tailwind.css"
2025-09-17T09:11:54.473294Z  INFO tailwindcss_oxide::scanner: Reading "C:\\Users\\P\\Desktop\\Shopify\\lazy-costume-store\\app\\styles\\reset.css"
2025-09-17T09:11:54.473439Z  INFO extract_candidates:read_all_files: tailwindcss_oxide::scanner: exit
2025-09-17T09:11:54.473464Z  INFO extract_candidates:extract_css_variables: tailwindcss_oxide::scanner: enter
2025-09-17T09:11:54.473477Z  INFO extract_candidates:extract_css_variables:extract: tailwindcss_oxide::scanner: enter
2025-09-17T09:11:54.473562Z  INFO extract_candidates:extract_css_variables:extract: tailwindcss_oxide::scanner: exit
2025-09-17T09:11:54.473586Z  INFO extract_candidates:extract_css_variables: tailwindcss_oxide::scanner: exit
2025-09-17T09:11:54.473985Z  INFO extract_candidates: tailwindcss_oxide::scanner: exit
2025-09-17T09:11:54.475104Z  INFO get_files: tailwindcss_oxide::scanner: enter
2025-09-17T09:11:54.475126Z  INFO get_files:scan_sources: tailwindcss_oxide::scanner: enter
2025-09-17T09:11:54.476827Z  INFO get_files:scan_sources: tailwindcss_oxide::scanner: Discovering "C:\\Users\\P\\Desktop\\Shopify\\lazy-costume-store\\.cursor"
2025-09-17T09:11:54.477110Z  INFO get_files:scan_sources: tailwindcss_oxide::scanner: Discovering "C:\\Users\\P\\Desktop\\Shopify\\lazy-costume-store\\.cursor\\rules"
2025-09-17T09:11:54.477807Z  INFO get_files:scan_sources: tailwindcss_oxide::scanner: Discovering "C:\\Users\\P\\Desktop\\Shopify\\lazy-costume-store\\.hydrogen"
2025-09-17T09:11:54.478081Z  INFO get_files:scan_sources: tailwindcss_oxide::scanner: Discovering "C:\\Users\\P\\Desktop\\Shopify\\lazy-costume-store\\.hydrogen\\commands"
2025-09-17T09:11:54.478772Z  INFO get_files:scan_sources: tailwindcss_oxide::scanner: Discovering "C:\\Users\\P\\Desktop\\Shopify\\lazy-costume-store\\app"
2025-09-17T09:11:54.479050Z  INFO get_files:scan_sources: tailwindcss_oxide::scanner: Discovering "C:\\Users\\P\\Desktop\\Shopify\\lazy-costume-store\\app\\assets"
2025-09-17T09:11:54.479407Z  INFO get_files:scan_sources: tailwindcss_oxide::scanner: Discovering "C:\\Users\\P\\Desktop\\Shopify\\lazy-costume-store\\app\\components"
2025-09-17T09:11:54.480881Z  INFO get_files:scan_sources: tailwindcss_oxide::scanner: Discovering "C:\\Users\\P\\Desktop\\Shopify\\lazy-costume-store\\app\\graphql"
2025-09-17T09:11:54.481157Z  INFO get_files:scan_sources: tailwindcss_oxide::scanner: Discovering "C:\\Users\\P\\Desktop\\Shopify\\lazy-costume-store\\app\\graphql\\customer-account"
2025-09-17T09:11:54.481759Z  INFO get_files:scan_sources: tailwindcss_oxide::scanner: Discovering "C:\\Users\\P\\Desktop\\Shopify\\lazy-costume-store\\app\\lib"
2025-09-17T09:11:54.482561Z  INFO get_files:scan_sources: tailwindcss_oxide::scanner: Discovering "C:\\Users\\P\\Desktop\\Shopify\\lazy-costume-store\\app\\routes"
2025-09-17T09:11:54.485026Z  INFO get_files:scan_sources: tailwindcss_oxide::scanner: Discovering "C:\\Users\\P\\Desktop\\Shopify\\lazy-costume-store\\app\\styles"
2025-09-17T09:11:54.486046Z  INFO get_files:scan_sources: tailwindcss_oxide::scanner: Discovering "C:\\Users\\P\\Desktop\\Shopify\\lazy-costume-store\\guides"
2025-09-17T09:11:54.486331Z  INFO get_files:scan_sources: tailwindcss_oxide::scanner: Discovering "C:\\Users\\P\\Desktop\\Shopify\\lazy-costume-store\\guides\\predictiveSearch"
2025-09-17T09:11:54.486724Z  INFO get_files:scan_sources: tailwindcss_oxide::scanner: Discovering "C:\\Users\\P\\Desktop\\Shopify\\lazy-costume-store\\guides\\search"
2025-09-17T09:11:54.487524Z  INFO get_files:scan_sources: tailwindcss_oxide::scanner: Discovering "C:\\Users\\P\\Desktop\\Shopify\\lazy-costume-store\\public"
2025-09-17T09:11:54.488256Z  INFO get_files:scan_sources: tailwindcss_oxide::scanner: exit
2025-09-17T09:11:54.488348Z  INFO get_files: tailwindcss_oxide::scanner: exit
2025-09-17T09:11:54.488615Z  INFO get_globs: tailwindcss_oxide::scanner: enter
2025-09-17T09:11:54.488635Z  INFO get_globs:scan_sources: tailwindcss_oxide::scanner: enter
2025-09-17T09:11:54.490324Z  INFO get_globs:scan_sources: tailwindcss_oxide::scanner: Discovering "C:\\Users\\P\\Desktop\\Shopify\\lazy-costume-store\\.cursor"
2025-09-17T09:11:54.490610Z  INFO get_globs:scan_sources: tailwindcss_oxide::scanner: Discovering "C:\\Users\\P\\Desktop\\Shopify\\lazy-costume-store\\.cursor\\rules"
2025-09-17T09:11:54.491295Z  INFO get_globs:scan_sources: tailwindcss_oxide::scanner: Discovering "C:\\Users\\P\\Desktop\\Shopify\\lazy-costume-store\\.hydrogen"
2025-09-17T09:11:54.491565Z  INFO get_globs:scan_sources: tailwindcss_oxide::scanner: Discovering "C:\\Users\\P\\Desktop\\Shopify\\lazy-costume-store\\.hydrogen\\commands"
2025-09-17T09:11:54.492251Z  INFO get_globs:scan_sources: tailwindcss_oxide::scanner: Discovering "C:\\Users\\P\\Desktop\\Shopify\\lazy-costume-store\\app"
2025-09-17T09:11:54.492522Z  INFO get_globs:scan_sources: tailwindcss_oxide::scanner: Discovering "C:\\Users\\P\\Desktop\\Shopify\\lazy-costume-store\\app\\assets"
2025-09-17T09:11:54.492878Z  INFO get_globs:scan_sources: tailwindcss_oxide::scanner: Discovering "C:\\Users\\P\\Desktop\\Shopify\\lazy-costume-store\\app\\components"
2025-09-17T09:11:54.494359Z  INFO get_globs:scan_sources: tailwindcss_oxide::scanner: Discovering "C:\\Users\\P\\Desktop\\Shopify\\lazy-costume-store\\app\\graphql"
2025-09-17T09:11:54.494636Z  INFO get_globs:scan_sources: tailwindcss_oxide::scanner: Discovering "C:\\Users\\P\\Desktop\\Shopify\\lazy-costume-store\\app\\graphql\\customer-account"
2025-09-17T09:11:54.495232Z  INFO get_globs:scan_sources: tailwindcss_oxide::scanner: Discovering "C:\\Users\\P\\Desktop\\Shopify\\lazy-costume-store\\app\\lib"
2025-09-17T09:11:54.495950Z  INFO get_globs:scan_sources: tailwindcss_oxide::scanner: Discovering "C:\\Users\\P\\Desktop\\Shopify\\lazy-costume-store\\app\\routes"
2025-09-17T09:11:54.498196Z  INFO get_globs:scan_sources: tailwindcss_oxide::scanner: Discovering "C:\\Users\\P\\Desktop\\Shopify\\lazy-costume-store\\app\\styles"
2025-09-17T09:11:54.499199Z  INFO get_globs:scan_sources: tailwindcss_oxide::scanner: Discovering "C:\\Users\\P\\Desktop\\Shopify\\lazy-costume-store\\guides"
2025-09-17T09:11:54.499493Z  INFO get_globs:scan_sources: tailwindcss_oxide::scanner: Discovering "C:\\Users\\P\\Desktop\\Shopify\\lazy-costume-store\\guides\\predictiveSearch"
2025-09-17T09:11:54.499922Z  INFO get_globs:scan_sources: tailwindcss_oxide::scanner: Discovering "C:\\Users\\P\\Desktop\\Shopify\\lazy-costume-store\\guides\\search"
2025-09-17T09:11:54.500763Z  INFO get_globs:scan_sources: tailwindcss_oxide::scanner: Discovering "C:\\Users\\P\\Desktop\\Shopify\\lazy-costume-store\\public"
2025-09-17T09:11:54.501511Z  INFO get_globs:scan_sources: tailwindcss_oxide::scanner: exit
2025-09-17T09:11:54.517582Z  INFO get_globs: tailwindcss_oxide::scanner: exit
