2025-09-17T09:28:40.699668Z  INFO tailwindcss_oxide::scanner: Provided sources:
2025-09-17T09:28:40.700310Z  INFO tailwindcss_oxide::scanner: Source: PublicSourceEntry { base: "C:/Users/P/Desktop/Shopify/lazy-costume-store", pattern: "**/*", negated: false }
2025-09-17T09:28:40.700628Z  INFO tailwindcss_oxide::scanner: Optimized sources:
2025-09-17T09:28:40.700680Z  INFO tailwindcss_oxide::scanner: Source: Auto { base: "C:\\Users\\P\\Desktop\\Shopify\\lazy-costume-store" }
2025-09-17T09:28:40.707929Z  INFO tailwindcss_oxide::scanner: Provided sources:
2025-09-17T09:28:40.707991Z  INFO tailwindcss_oxide::scanner: Source: PublicSourceEntry { base: "C:/Users/P/Desktop/Shopify/lazy-costume-store", pattern: "**/*", negated: false }
2025-09-17T09:28:40.710258Z  INFO tailwindcss_oxide::scanner: Optimized sources:
2025-09-17T09:28:40.710284Z  INFO tailwindcss_oxide::scanner: Source: Auto { base: "C:\\Users\\P\\Desktop\\Shopify\\lazy-costume-store" }
2025-09-17T09:28:40.790655Z  INFO tailwindcss_oxide::scanner: Provided sources:
2025-09-17T09:28:40.790692Z  INFO tailwindcss_oxide::scanner: Source: PublicSourceEntry { base: "C:/Users/P/Desktop/Shopify/lazy-costume-store", pattern: "**/*", negated: false }
2025-09-17T09:28:40.790849Z  INFO tailwindcss_oxide::scanner: Optimized sources:
2025-09-17T09:28:40.790870Z  INFO tailwindcss_oxide::scanner: Source: Auto { base: "C:\\Users\\P\\Desktop\\Shopify\\lazy-costume-store" }
2025-09-17T09:28:40.791081Z  INFO scan_sources: tailwindcss_oxide::scanner: enter
2025-09-17T09:28:40.793143Z  INFO scan_sources: tailwindcss_oxide::scanner: Discovering "C:\\Users\\P\\Desktop\\Shopify\\lazy-costume-store\\.cursor"
2025-09-17T09:28:40.793439Z  INFO scan_sources: tailwindcss_oxide::scanner: Discovering "C:\\Users\\P\\Desktop\\Shopify\\lazy-costume-store\\.cursor\\rules"
2025-09-17T09:28:40.793689Z  INFO scan_sources: tailwindcss_oxide::scanner: Discovering "C:\\Users\\P\\Desktop\\Shopify\\lazy-costume-store\\.cursor\\rules\\hydrogen-react-router.mdc"
2025-09-17T09:28:40.794101Z  INFO scan_sources: tailwindcss_oxide::scanner: Discovering "C:\\Users\\P\\Desktop\\Shopify\\lazy-costume-store\\.graphqlrc.js"
2025-09-17T09:28:40.794287Z  INFO scan_sources: tailwindcss_oxide::scanner: Discovering "C:\\Users\\P\\Desktop\\Shopify\\lazy-costume-store\\.hydrogen"
2025-09-17T09:28:40.794558Z  INFO scan_sources: tailwindcss_oxide::scanner: Discovering "C:\\Users\\P\\Desktop\\Shopify\\lazy-costume-store\\.hydrogen\\commands"
2025-09-17T09:28:40.795316Z  INFO scan_sources: tailwindcss_oxide::scanner: Discovering "C:\\Users\\P\\Desktop\\Shopify\\lazy-costume-store\\app"
2025-09-17T09:28:40.795637Z  INFO scan_sources: tailwindcss_oxide::scanner: Discovering "C:\\Users\\P\\Desktop\\Shopify\\lazy-costume-store\\app\\assets"
2025-09-17T09:28:40.795850Z  INFO scan_sources: tailwindcss_oxide::scanner: Discovering "C:\\Users\\P\\Desktop\\Shopify\\lazy-costume-store\\app\\assets\\favicon.svg"
2025-09-17T09:28:40.796060Z  INFO scan_sources: tailwindcss_oxide::scanner: Discovering "C:\\Users\\P\\Desktop\\Shopify\\lazy-costume-store\\app\\components"
2025-09-17T09:28:40.796286Z  INFO scan_sources: tailwindcss_oxide::scanner: Discovering "C:\\Users\\P\\Desktop\\Shopify\\lazy-costume-store\\app\\components\\AddToCartButton.jsx"
2025-09-17T09:28:40.796403Z  INFO scan_sources: tailwindcss_oxide::scanner: Discovering "C:\\Users\\P\\Desktop\\Shopify\\lazy-costume-store\\app\\components\\Aside.jsx"
2025-09-17T09:28:40.796522Z  INFO scan_sources: tailwindcss_oxide::scanner: Discovering "C:\\Users\\P\\Desktop\\Shopify\\lazy-costume-store\\app\\components\\CartLineItem.jsx"
2025-09-17T09:28:40.796635Z  INFO scan_sources: tailwindcss_oxide::scanner: Discovering "C:\\Users\\P\\Desktop\\Shopify\\lazy-costume-store\\app\\components\\CartMain.jsx"
2025-09-17T09:28:40.796749Z  INFO scan_sources: tailwindcss_oxide::scanner: Discovering "C:\\Users\\P\\Desktop\\Shopify\\lazy-costume-store\\app\\components\\CartSummary.jsx"
2025-09-17T09:28:40.796860Z  INFO scan_sources: tailwindcss_oxide::scanner: Discovering "C:\\Users\\P\\Desktop\\Shopify\\lazy-costume-store\\app\\components\\Footer.jsx"
2025-09-17T09:28:40.797028Z  INFO scan_sources: tailwindcss_oxide::scanner: Discovering "C:\\Users\\P\\Desktop\\Shopify\\lazy-costume-store\\app\\components\\Header.jsx"
2025-09-17T09:28:40.797194Z  INFO scan_sources: tailwindcss_oxide::scanner: Discovering "C:\\Users\\P\\Desktop\\Shopify\\lazy-costume-store\\app\\components\\PageLayout.jsx"
2025-09-17T09:28:40.797445Z  INFO scan_sources: tailwindcss_oxide::scanner: Discovering "C:\\Users\\P\\Desktop\\Shopify\\lazy-costume-store\\app\\components\\PaginatedResourceSection.jsx"
2025-09-17T09:28:40.797677Z  INFO scan_sources: tailwindcss_oxide::scanner: Discovering "C:\\Users\\P\\Desktop\\Shopify\\lazy-costume-store\\app\\components\\ProductForm.jsx"
2025-09-17T09:28:40.797857Z  INFO scan_sources: tailwindcss_oxide::scanner: Discovering "C:\\Users\\P\\Desktop\\Shopify\\lazy-costume-store\\app\\components\\ProductGrid.jsx"
2025-09-17T09:28:40.797977Z  INFO scan_sources: tailwindcss_oxide::scanner: Discovering "C:\\Users\\P\\Desktop\\Shopify\\lazy-costume-store\\app\\components\\ProductImage.jsx"
2025-09-17T09:28:40.798095Z  INFO scan_sources: tailwindcss_oxide::scanner: Discovering "C:\\Users\\P\\Desktop\\Shopify\\lazy-costume-store\\app\\components\\ProductItem.jsx"
2025-09-17T09:28:40.798267Z  INFO scan_sources: tailwindcss_oxide::scanner: Discovering "C:\\Users\\P\\Desktop\\Shopify\\lazy-costume-store\\app\\components\\ProductPrice.jsx"
2025-09-17T09:28:40.798392Z  INFO scan_sources: tailwindcss_oxide::scanner: Discovering "C:\\Users\\P\\Desktop\\Shopify\\lazy-costume-store\\app\\components\\SearchForm.jsx"
2025-09-17T09:28:40.798515Z  INFO scan_sources: tailwindcss_oxide::scanner: Discovering "C:\\Users\\P\\Desktop\\Shopify\\lazy-costume-store\\app\\components\\SearchFormPredictive.jsx"
2025-09-17T09:28:40.798633Z  INFO scan_sources: tailwindcss_oxide::scanner: Discovering "C:\\Users\\P\\Desktop\\Shopify\\lazy-costume-store\\app\\components\\SearchResults.jsx"
2025-09-17T09:28:40.798750Z  INFO scan_sources: tailwindcss_oxide::scanner: Discovering "C:\\Users\\P\\Desktop\\Shopify\\lazy-costume-store\\app\\components\\SearchResultsPredictive.jsx"
2025-09-17T09:28:40.798914Z  INFO scan_sources: tailwindcss_oxide::scanner: Discovering "C:\\Users\\P\\Desktop\\Shopify\\lazy-costume-store\\app\\entry.client.jsx"
2025-09-17T09:28:40.799395Z  INFO scan_sources: tailwindcss_oxide::scanner: Discovering "C:\\Users\\P\\Desktop\\Shopify\\lazy-costume-store\\app\\entry.server.jsx"
2025-09-17T09:28:40.799650Z  INFO scan_sources: tailwindcss_oxide::scanner: Discovering "C:\\Users\\P\\Desktop\\Shopify\\lazy-costume-store\\app\\graphql"
2025-09-17T09:28:40.799990Z  INFO scan_sources: tailwindcss_oxide::scanner: Discovering "C:\\Users\\P\\Desktop\\Shopify\\lazy-costume-store\\app\\graphql\\customer-account"
2025-09-17T09:28:40.800237Z  INFO scan_sources: tailwindcss_oxide::scanner: Discovering "C:\\Users\\P\\Desktop\\Shopify\\lazy-costume-store\\app\\graphql\\customer-account\\CustomerAddressMutations.js"
2025-09-17T09:28:40.800358Z  INFO scan_sources: tailwindcss_oxide::scanner: Discovering "C:\\Users\\P\\Desktop\\Shopify\\lazy-costume-store\\app\\graphql\\customer-account\\CustomerDetailsQuery.js"
2025-09-17T09:28:40.800475Z  INFO scan_sources: tailwindcss_oxide::scanner: Discovering "C:\\Users\\P\\Desktop\\Shopify\\lazy-costume-store\\app\\graphql\\customer-account\\CustomerOrderQuery.js"
2025-09-17T09:28:40.800599Z  INFO scan_sources: tailwindcss_oxide::scanner: Discovering "C:\\Users\\P\\Desktop\\Shopify\\lazy-costume-store\\app\\graphql\\customer-account\\CustomerOrdersQuery.js"
2025-09-17T09:28:40.800720Z  INFO scan_sources: tailwindcss_oxide::scanner: Discovering "C:\\Users\\P\\Desktop\\Shopify\\lazy-costume-store\\app\\graphql\\customer-account\\CustomerUpdateMutation.js"
2025-09-17T09:28:40.800969Z  INFO scan_sources: tailwindcss_oxide::scanner: Discovering "C:\\Users\\P\\Desktop\\Shopify\\lazy-costume-store\\app\\lib"
2025-09-17T09:28:40.801200Z  INFO scan_sources: tailwindcss_oxide::scanner: Discovering "C:\\Users\\P\\Desktop\\Shopify\\lazy-costume-store\\app\\lib\\context.js"
2025-09-17T09:28:40.801378Z  INFO scan_sources: tailwindcss_oxide::scanner: Discovering "C:\\Users\\P\\Desktop\\Shopify\\lazy-costume-store\\app\\lib\\fragments.js"
2025-09-17T09:28:40.801553Z  INFO scan_sources: tailwindcss_oxide::scanner: Discovering "C:\\Users\\P\\Desktop\\Shopify\\lazy-costume-store\\app\\lib\\i18n.js"
2025-09-17T09:28:40.801673Z  INFO scan_sources: tailwindcss_oxide::scanner: Discovering "C:\\Users\\P\\Desktop\\Shopify\\lazy-costume-store\\app\\lib\\redirect.js"
2025-09-17T09:28:40.801791Z  INFO scan_sources: tailwindcss_oxide::scanner: Discovering "C:\\Users\\P\\Desktop\\Shopify\\lazy-costume-store\\app\\lib\\search.js"
2025-09-17T09:28:40.801911Z  INFO scan_sources: tailwindcss_oxide::scanner: Discovering "C:\\Users\\P\\Desktop\\Shopify\\lazy-costume-store\\app\\lib\\session.js"
2025-09-17T09:28:40.802029Z  INFO scan_sources: tailwindcss_oxide::scanner: Discovering "C:\\Users\\P\\Desktop\\Shopify\\lazy-costume-store\\app\\lib\\variants.js"
2025-09-17T09:28:40.802175Z  INFO scan_sources: tailwindcss_oxide::scanner: Discovering "C:\\Users\\P\\Desktop\\Shopify\\lazy-costume-store\\app\\root.jsx"
2025-09-17T09:28:40.802365Z  INFO scan_sources: tailwindcss_oxide::scanner: Discovering "C:\\Users\\P\\Desktop\\Shopify\\lazy-costume-store\\app\\routes"
2025-09-17T09:28:40.802609Z  INFO scan_sources: tailwindcss_oxide::scanner: Discovering "C:\\Users\\P\\Desktop\\Shopify\\lazy-costume-store\\app\\routes\\($locale).$.jsx"
2025-09-17T09:28:40.802729Z  INFO scan_sources: tailwindcss_oxide::scanner: Discovering "C:\\Users\\P\\Desktop\\Shopify\\lazy-costume-store\\app\\routes\\($locale).account.$.jsx"
2025-09-17T09:28:40.802848Z  INFO scan_sources: tailwindcss_oxide::scanner: Discovering "C:\\Users\\P\\Desktop\\Shopify\\lazy-costume-store\\app\\routes\\($locale).account.addresses.jsx"
2025-09-17T09:28:40.802974Z  INFO scan_sources: tailwindcss_oxide::scanner: Discovering "C:\\Users\\P\\Desktop\\Shopify\\lazy-costume-store\\app\\routes\\($locale).account.jsx"
2025-09-17T09:28:40.803092Z  INFO scan_sources: tailwindcss_oxide::scanner: Discovering "C:\\Users\\P\\Desktop\\Shopify\\lazy-costume-store\\app\\routes\\($locale).account.orders.$id.jsx"
2025-09-17T09:28:40.803208Z  INFO scan_sources: tailwindcss_oxide::scanner: Discovering "C:\\Users\\P\\Desktop\\Shopify\\lazy-costume-store\\app\\routes\\($locale).account.orders._index.jsx"
2025-09-17T09:28:40.803325Z  INFO scan_sources: tailwindcss_oxide::scanner: Discovering "C:\\Users\\P\\Desktop\\Shopify\\lazy-costume-store\\app\\routes\\($locale).account.profile.jsx"
2025-09-17T09:28:40.803439Z  INFO scan_sources: tailwindcss_oxide::scanner: Discovering "C:\\Users\\P\\Desktop\\Shopify\\lazy-costume-store\\app\\routes\\($locale).account._index.jsx"
2025-09-17T09:28:40.803556Z  INFO scan_sources: tailwindcss_oxide::scanner: Discovering "C:\\Users\\P\\Desktop\\Shopify\\lazy-costume-store\\app\\routes\\($locale).account_.authorize.jsx"
2025-09-17T09:28:40.803675Z  INFO scan_sources: tailwindcss_oxide::scanner: Discovering "C:\\Users\\P\\Desktop\\Shopify\\lazy-costume-store\\app\\routes\\($locale).account_.login.jsx"
2025-09-17T09:28:40.803819Z  INFO scan_sources: tailwindcss_oxide::scanner: Discovering "C:\\Users\\P\\Desktop\\Shopify\\lazy-costume-store\\app\\routes\\($locale).account_.logout.jsx"
2025-09-17T09:28:40.803940Z  INFO scan_sources: tailwindcss_oxide::scanner: Discovering "C:\\Users\\P\\Desktop\\Shopify\\lazy-costume-store\\app\\routes\\($locale).api.$version.[graphql.json].jsx"
2025-09-17T09:28:40.804058Z  INFO scan_sources: tailwindcss_oxide::scanner: Discovering "C:\\Users\\P\\Desktop\\Shopify\\lazy-costume-store\\app\\routes\\($locale).blogs.$blogHandle.$articleHandle.jsx"
2025-09-17T09:28:40.804177Z  INFO scan_sources: tailwindcss_oxide::scanner: Discovering "C:\\Users\\P\\Desktop\\Shopify\\lazy-costume-store\\app\\routes\\($locale).blogs.$blogHandle._index.jsx"
2025-09-17T09:28:40.804292Z  INFO scan_sources: tailwindcss_oxide::scanner: Discovering "C:\\Users\\P\\Desktop\\Shopify\\lazy-costume-store\\app\\routes\\($locale).blogs._index.jsx"
2025-09-17T09:28:40.804405Z  INFO scan_sources: tailwindcss_oxide::scanner: Discovering "C:\\Users\\P\\Desktop\\Shopify\\lazy-costume-store\\app\\routes\\($locale).cart.$lines.jsx"
2025-09-17T09:28:40.804517Z  INFO scan_sources: tailwindcss_oxide::scanner: Discovering "C:\\Users\\P\\Desktop\\Shopify\\lazy-costume-store\\app\\routes\\($locale).cart.jsx"
2025-09-17T09:28:40.804627Z  INFO scan_sources: tailwindcss_oxide::scanner: Discovering "C:\\Users\\P\\Desktop\\Shopify\\lazy-costume-store\\app\\routes\\($locale).collections.$handle.jsx"
2025-09-17T09:28:40.804740Z  INFO scan_sources: tailwindcss_oxide::scanner: Discovering "C:\\Users\\P\\Desktop\\Shopify\\lazy-costume-store\\app\\routes\\($locale).collections.all.jsx"
2025-09-17T09:28:40.804850Z  INFO scan_sources: tailwindcss_oxide::scanner: Discovering "C:\\Users\\P\\Desktop\\Shopify\\lazy-costume-store\\app\\routes\\($locale).collections._index.jsx"
2025-09-17T09:28:40.804980Z  INFO scan_sources: tailwindcss_oxide::scanner: Discovering "C:\\Users\\P\\Desktop\\Shopify\\lazy-costume-store\\app\\routes\\($locale).discount.$code.jsx"
2025-09-17T09:28:40.805091Z  INFO scan_sources: tailwindcss_oxide::scanner: Discovering "C:\\Users\\P\\Desktop\\Shopify\\lazy-costume-store\\app\\routes\\($locale).jsx"
2025-09-17T09:28:40.805218Z  INFO scan_sources: tailwindcss_oxide::scanner: Discovering "C:\\Users\\P\\Desktop\\Shopify\\lazy-costume-store\\app\\routes\\($locale).pages.$handle.jsx"
2025-09-17T09:28:40.805330Z  INFO scan_sources: tailwindcss_oxide::scanner: Discovering "C:\\Users\\P\\Desktop\\Shopify\\lazy-costume-store\\app\\routes\\($locale).policies.$handle.jsx"
2025-09-17T09:28:40.805440Z  INFO scan_sources: tailwindcss_oxide::scanner: Discovering "C:\\Users\\P\\Desktop\\Shopify\\lazy-costume-store\\app\\routes\\($locale).policies._index.jsx"
2025-09-17T09:28:40.805549Z  INFO scan_sources: tailwindcss_oxide::scanner: Discovering "C:\\Users\\P\\Desktop\\Shopify\\lazy-costume-store\\app\\routes\\($locale).products.$handle.jsx"
2025-09-17T09:28:40.805660Z  INFO scan_sources: tailwindcss_oxide::scanner: Discovering "C:\\Users\\P\\Desktop\\Shopify\\lazy-costume-store\\app\\routes\\($locale).products._index.jsx"
2025-09-17T09:28:40.805770Z  INFO scan_sources: tailwindcss_oxide::scanner: Discovering "C:\\Users\\P\\Desktop\\Shopify\\lazy-costume-store\\app\\routes\\($locale).search.jsx"
2025-09-17T09:28:40.805885Z  INFO scan_sources: tailwindcss_oxide::scanner: Discovering "C:\\Users\\P\\Desktop\\Shopify\\lazy-costume-store\\app\\routes\\($locale).sitemap.$type.$page[.xml].jsx"
2025-09-17T09:28:40.806005Z  INFO scan_sources: tailwindcss_oxide::scanner: Discovering "C:\\Users\\P\\Desktop\\Shopify\\lazy-costume-store\\app\\routes\\($locale).[sitemap.xml].jsx"
2025-09-17T09:28:40.806116Z  INFO scan_sources: tailwindcss_oxide::scanner: Discovering "C:\\Users\\P\\Desktop\\Shopify\\lazy-costume-store\\app\\routes\\($locale)._index.jsx"
2025-09-17T09:28:40.806243Z  INFO scan_sources: tailwindcss_oxide::scanner: Discovering "C:\\Users\\P\\Desktop\\Shopify\\lazy-costume-store\\app\\routes\\[robots.txt].jsx"
2025-09-17T09:28:40.806383Z  INFO scan_sources: tailwindcss_oxide::scanner: Discovering "C:\\Users\\P\\Desktop\\Shopify\\lazy-costume-store\\app\\routes.js"
2025-09-17T09:28:40.806565Z  INFO scan_sources: tailwindcss_oxide::scanner: Discovering "C:\\Users\\P\\Desktop\\Shopify\\lazy-costume-store\\app\\styles"
2025-09-17T09:28:40.806776Z  INFO scan_sources: tailwindcss_oxide::scanner: Discovering "C:\\Users\\P\\Desktop\\Shopify\\lazy-costume-store\\app\\styles\\app.css"
2025-09-17T09:28:40.806889Z  INFO scan_sources: tailwindcss_oxide::scanner: Discovering "C:\\Users\\P\\Desktop\\Shopify\\lazy-costume-store\\app\\styles\\reset.css"
2025-09-17T09:28:40.807003Z  INFO scan_sources: tailwindcss_oxide::scanner: Discovering "C:\\Users\\P\\Desktop\\Shopify\\lazy-costume-store\\app\\styles\\tailwind.css"
2025-09-17T09:28:40.807171Z  INFO scan_sources: tailwindcss_oxide::scanner: Discovering "C:\\Users\\P\\Desktop\\Shopify\\lazy-costume-store\\CHANGELOG.md"
2025-09-17T09:28:40.807284Z  INFO scan_sources: tailwindcss_oxide::scanner: Discovering "C:\\Users\\P\\Desktop\\Shopify\\lazy-costume-store\\crypto.mjs"
2025-09-17T09:28:40.807435Z  INFO scan_sources: tailwindcss_oxide::scanner: Discovering "C:\\Users\\P\\Desktop\\Shopify\\lazy-costume-store\\customer-accountapi.generated.d.ts"
2025-09-17T09:28:40.807752Z  INFO scan_sources: tailwindcss_oxide::scanner: Discovering "C:\\Users\\P\\Desktop\\Shopify\\lazy-costume-store\\env.d.ts"
2025-09-17T09:28:40.807866Z  INFO scan_sources: tailwindcss_oxide::scanner: Discovering "C:\\Users\\P\\Desktop\\Shopify\\lazy-costume-store\\eslint.config.js"
2025-09-17T09:28:40.808046Z  INFO scan_sources: tailwindcss_oxide::scanner: Discovering "C:\\Users\\P\\Desktop\\Shopify\\lazy-costume-store\\guides"
2025-09-17T09:28:40.808319Z  INFO scan_sources: tailwindcss_oxide::scanner: Discovering "C:\\Users\\P\\Desktop\\Shopify\\lazy-costume-store\\guides\\predictiveSearch"
2025-09-17T09:28:40.808557Z  INFO scan_sources: tailwindcss_oxide::scanner: Discovering "C:\\Users\\P\\Desktop\\Shopify\\lazy-costume-store\\guides\\predictiveSearch\\predictiveSearch.md"
2025-09-17T09:28:40.808770Z  INFO scan_sources: tailwindcss_oxide::scanner: Discovering "C:\\Users\\P\\Desktop\\Shopify\\lazy-costume-store\\guides\\search"
2025-09-17T09:28:40.808984Z  INFO scan_sources: tailwindcss_oxide::scanner: Discovering "C:\\Users\\P\\Desktop\\Shopify\\lazy-costume-store\\guides\\search\\search.md"
2025-09-17T09:28:40.809148Z  INFO scan_sources: tailwindcss_oxide::scanner: Discovering "C:\\Users\\P\\Desktop\\Shopify\\lazy-costume-store\\index.js"
2025-09-17T09:28:40.809263Z  INFO scan_sources: tailwindcss_oxide::scanner: Discovering "C:\\Users\\P\\Desktop\\Shopify\\lazy-costume-store\\jsconfig.json"
2025-09-17T09:28:40.809603Z  INFO scan_sources: tailwindcss_oxide::scanner: Discovering "C:\\Users\\P\\Desktop\\Shopify\\lazy-costume-store\\package.json"
2025-09-17T09:28:40.809788Z  INFO scan_sources: tailwindcss_oxide::scanner: Discovering "C:\\Users\\P\\Desktop\\Shopify\\lazy-costume-store\\public"
2025-09-17T09:28:40.809997Z  INFO scan_sources: tailwindcss_oxide::scanner: Discovering "C:\\Users\\P\\Desktop\\Shopify\\lazy-costume-store\\public\\.gitkeep"
2025-09-17T09:28:40.810137Z  INFO scan_sources: tailwindcss_oxide::scanner: Discovering "C:\\Users\\P\\Desktop\\Shopify\\lazy-costume-store\\react-router.config.js"
2025-09-17T09:28:40.810248Z  INFO scan_sources: tailwindcss_oxide::scanner: Discovering "C:\\Users\\P\\Desktop\\Shopify\\lazy-costume-store\\README.md"
2025-09-17T09:28:40.810359Z  INFO scan_sources: tailwindcss_oxide::scanner: Discovering "C:\\Users\\P\\Desktop\\Shopify\\lazy-costume-store\\server.js"
2025-09-17T09:28:40.810469Z  INFO scan_sources: tailwindcss_oxide::scanner: Discovering "C:\\Users\\P\\Desktop\\Shopify\\lazy-costume-store\\server.mjs"
2025-09-17T09:28:40.810581Z  INFO scan_sources: tailwindcss_oxide::scanner: Discovering "C:\\Users\\P\\Desktop\\Shopify\\lazy-costume-store\\storefrontapi.generated.d.ts"
2025-09-17T09:28:40.810691Z  INFO scan_sources: tailwindcss_oxide::scanner: Discovering "C:\\Users\\P\\Desktop\\Shopify\\lazy-costume-store\\streams.mjs"
2025-09-17T09:28:40.810829Z  INFO scan_sources: tailwindcss_oxide::scanner: Discovering "C:\\Users\\P\\Desktop\\Shopify\\lazy-costume-store\\test.mjs"
2025-09-17T09:28:40.810940Z  INFO scan_sources: tailwindcss_oxide::scanner: Discovering "C:\\Users\\P\\Desktop\\Shopify\\lazy-costume-store\\vite.config.js"
2025-09-17T09:28:40.811087Z  INFO scan_sources: tailwindcss_oxide::scanner: exit
2025-09-17T09:28:40.811107Z  INFO extract_candidates: tailwindcss_oxide::scanner: enter
2025-09-17T09:28:40.811124Z  INFO extract_candidates:read_all_files: tailwindcss_oxide::scanner: enter
2025-09-17T09:28:40.811136Z  INFO extract_candidates:read_all_files: tailwindcss_oxide::scanner: Reading 88 file(s)
2025-09-17T09:28:40.811520Z  INFO tailwindcss_oxide::scanner: Reading "C:\\Users\\P\\Desktop\\Shopify\\lazy-costume-store\\.cursor\\rules\\hydrogen-react-router.mdc"
2025-09-17T09:28:40.811548Z  INFO tailwindcss_oxide::scanner: Reading "C:\\Users\\P\\Desktop\\Shopify\\lazy-costume-store\\app\\routes\\($locale).account_.authorize.jsx"
2025-09-17T09:28:40.811598Z  INFO tailwindcss_oxide::scanner: Reading "C:\\Users\\P\\Desktop\\Shopify\\lazy-costume-store\\app\\entry.server.jsx"
2025-09-17T09:28:40.811626Z  INFO tailwindcss_oxide::scanner: Reading "C:\\Users\\P\\Desktop\\Shopify\\lazy-costume-store\\app\\lib\\session.js"
2025-09-17T09:28:40.811650Z  INFO tailwindcss_oxide::scanner: Reading "C:\\Users\\P\\Desktop\\Shopify\\lazy-costume-store\\.graphqlrc.js"
2025-09-17T09:28:40.811656Z  INFO tailwindcss_oxide::scanner: Reading "C:\\Users\\P\\Desktop\\Shopify\\lazy-costume-store\\app\\components\\PaginatedResourceSection.jsx"
2025-09-17T09:28:40.811670Z  INFO tailwindcss_oxide::scanner: Reading "C:\\Users\\P\\Desktop\\Shopify\\lazy-costume-store\\app\\routes\\($locale).account_.login.jsx"
2025-09-17T09:28:40.811734Z  INFO tailwindcss_oxide::scanner: Reading "C:\\Users\\P\\Desktop\\Shopify\\lazy-costume-store\\app\\graphql\\customer-account\\CustomerAddressMutations.js"
2025-09-17T09:28:40.811747Z  INFO tailwindcss_oxide::scanner: Reading "C:\\Users\\P\\Desktop\\Shopify\\lazy-costume-store\\app\\lib\\variants.js"
2025-09-17T09:28:40.811816Z  INFO tailwindcss_oxide::scanner: Reading "C:\\Users\\P\\Desktop\\Shopify\\lazy-costume-store\\app\\components\\ProductForm.jsx"
2025-09-17T09:28:40.811840Z  INFO tailwindcss_oxide::scanner: Reading "C:\\Users\\P\\Desktop\\Shopify\\lazy-costume-store\\app\\routes\\($locale).account_.logout.jsx"
2025-09-17T09:28:40.811877Z  INFO tailwindcss_oxide::scanner: Reading "C:\\Users\\P\\Desktop\\Shopify\\lazy-costume-store\\app\\graphql\\customer-account\\CustomerDetailsQuery.js"
2025-09-17T09:28:40.811906Z  INFO tailwindcss_oxide::scanner: Reading "C:\\Users\\P\\Desktop\\Shopify\\lazy-costume-store\\app\\root.jsx"
2025-09-17T09:28:40.811943Z  INFO tailwindcss_oxide::scanner: Reading "C:\\Users\\P\\Desktop\\Shopify\\lazy-costume-store\\app\\routes\\($locale).api.$version.[graphql.json].jsx"
2025-09-17T09:28:40.811947Z  INFO tailwindcss_oxide::scanner: Reading "C:\\Users\\P\\Desktop\\Shopify\\lazy-costume-store\\app\\components\\ProductGrid.jsx"
2025-09-17T09:28:40.811963Z  INFO tailwindcss_oxide::scanner: Reading "C:\\Users\\P\\Desktop\\Shopify\\lazy-costume-store\\app\\assets\\favicon.svg"
2025-09-17T09:28:40.812013Z  INFO tailwindcss_oxide::scanner: Reading "C:\\Users\\P\\Desktop\\Shopify\\lazy-costume-store\\app\\routes\\($locale).$.jsx"
2025-09-17T09:28:40.812028Z  INFO tailwindcss_oxide::scanner: Reading "C:\\Users\\P\\Desktop\\Shopify\\lazy-costume-store\\app\\graphql\\customer-account\\CustomerOrderQuery.js"
2025-09-17T09:28:40.812130Z  INFO tailwindcss_oxide::scanner: Reading "C:\\Users\\P\\Desktop\\Shopify\\lazy-costume-store\\app\\routes\\($locale).blogs.$blogHandle.$articleHandle.jsx"
2025-09-17T09:28:40.812290Z  INFO tailwindcss_oxide::scanner: Reading "C:\\Users\\P\\Desktop\\Shopify\\lazy-costume-store\\app\\components\\AddToCartButton.jsx"
2025-09-17T09:28:40.812331Z  INFO tailwindcss_oxide::scanner: Reading "C:\\Users\\P\\Desktop\\Shopify\\lazy-costume-store\\app\\routes\\($locale).account.$.jsx"
2025-09-17T09:28:40.812376Z  INFO tailwindcss_oxide::scanner: Reading "C:\\Users\\P\\Desktop\\Shopify\\lazy-costume-store\\app\\graphql\\customer-account\\CustomerOrdersQuery.js"
2025-09-17T09:28:40.812395Z  INFO tailwindcss_oxide::scanner: Reading "C:\\Users\\P\\Desktop\\Shopify\\lazy-costume-store\\app\\components\\Aside.jsx"
2025-09-17T09:28:40.812444Z  INFO tailwindcss_oxide::scanner: Reading "C:\\Users\\P\\Desktop\\Shopify\\lazy-costume-store\\app\\routes\\($locale).account.addresses.jsx"
2025-09-17T09:28:40.812158Z  INFO tailwindcss_oxide::scanner: Reading "C:\\Users\\P\\Desktop\\Shopify\\lazy-costume-store\\app\\components\\ProductPrice.jsx"
2025-09-17T09:28:40.812494Z  INFO tailwindcss_oxide::scanner: Reading "C:\\Users\\P\\Desktop\\Shopify\\lazy-costume-store\\app\\graphql\\customer-account\\CustomerUpdateMutation.js"
2025-09-17T09:28:40.812508Z  INFO tailwindcss_oxide::scanner: Reading "C:\\Users\\P\\Desktop\\Shopify\\lazy-costume-store\\app\\components\\CartLineItem.jsx"
2025-09-17T09:28:40.812444Z  INFO tailwindcss_oxide::scanner: Reading "C:\\Users\\P\\Desktop\\Shopify\\lazy-costume-store\\app\\routes\\($locale).blogs.$blogHandle._index.jsx"
2025-09-17T09:28:40.812547Z  INFO tailwindcss_oxide::scanner: Reading "C:\\Users\\P\\Desktop\\Shopify\\lazy-costume-store\\app\\routes\\($locale).account.jsx"
2025-09-17T09:28:40.812605Z  INFO tailwindcss_oxide::scanner: Reading "C:\\Users\\P\\Desktop\\Shopify\\lazy-costume-store\\app\\lib\\context.js"
2025-09-17T09:28:40.812593Z  INFO tailwindcss_oxide::scanner: Reading "C:\\Users\\P\\Desktop\\Shopify\\lazy-costume-store\\app\\components\\SearchForm.jsx"
2025-09-17T09:28:40.812613Z  INFO tailwindcss_oxide::scanner: Reading "C:\\Users\\P\\Desktop\\Shopify\\lazy-costume-store\\app\\components\\CartMain.jsx"
2025-09-17T09:28:40.812260Z  INFO tailwindcss_oxide::scanner: Reading "C:\\Users\\P\\Desktop\\Shopify\\lazy-costume-store\\app\\components\\ProductImage.jsx"
2025-09-17T09:28:40.812704Z  INFO tailwindcss_oxide::scanner: Reading "C:\\Users\\P\\Desktop\\Shopify\\lazy-costume-store\\app\\routes\\($locale).account.orders.$id.jsx"
2025-09-17T09:28:40.812717Z  INFO tailwindcss_oxide::scanner: Reading "C:\\Users\\P\\Desktop\\Shopify\\lazy-costume-store\\app\\lib\\fragments.js"
2025-09-17T09:28:40.812742Z  INFO tailwindcss_oxide::scanner: Reading "C:\\Users\\P\\Desktop\\Shopify\\lazy-costume-store\\app\\components\\SearchFormPredictive.jsx"
2025-09-17T09:28:40.812784Z  INFO tailwindcss_oxide::scanner: Reading "C:\\Users\\P\\Desktop\\Shopify\\lazy-costume-store\\app\\components\\CartSummary.jsx"
2025-09-17T09:28:40.812808Z  INFO tailwindcss_oxide::scanner: Reading "C:\\Users\\P\\Desktop\\Shopify\\lazy-costume-store\\app\\components\\ProductItem.jsx"
2025-09-17T09:28:40.812819Z  INFO tailwindcss_oxide::scanner: Reading "C:\\Users\\P\\Desktop\\Shopify\\lazy-costume-store\\app\\routes\\($locale).account.orders._index.jsx"
2025-09-17T09:28:40.812659Z  INFO tailwindcss_oxide::scanner: Reading "C:\\Users\\P\\Desktop\\Shopify\\lazy-costume-store\\app\\routes\\($locale).blogs._index.jsx"
2025-09-17T09:28:40.812889Z  INFO tailwindcss_oxide::scanner: Reading "C:\\Users\\P\\Desktop\\Shopify\\lazy-costume-store\\app\\components\\Footer.jsx"
2025-09-17T09:28:40.812831Z  INFO tailwindcss_oxide::scanner: Reading "C:\\Users\\P\\Desktop\\Shopify\\lazy-costume-store\\app\\lib\\i18n.js"
2025-09-17T09:28:40.812925Z  INFO tailwindcss_oxide::scanner: Reading "C:\\Users\\P\\Desktop\\Shopify\\lazy-costume-store\\app\\lib\\redirect.js"
2025-09-17T09:28:40.812923Z  INFO tailwindcss_oxide::scanner: Reading "C:\\Users\\P\\Desktop\\Shopify\\lazy-costume-store\\app\\routes\\($locale).account.profile.jsx"
2025-09-17T09:28:40.812980Z  INFO tailwindcss_oxide::scanner: Reading "C:\\Users\\P\\Desktop\\Shopify\\lazy-costume-store\\app\\routes\\($locale).cart.$lines.jsx"
2025-09-17T09:28:40.812991Z  INFO tailwindcss_oxide::scanner: Reading "C:\\Users\\P\\Desktop\\Shopify\\lazy-costume-store\\app\\components\\Header.jsx"
2025-09-17T09:28:40.813041Z  INFO tailwindcss_oxide::scanner: Reading "C:\\Users\\P\\Desktop\\Shopify\\lazy-costume-store\\app\\lib\\search.js"
2025-09-17T09:28:40.813041Z  INFO tailwindcss_oxide::scanner: Reading "C:\\Users\\P\\Desktop\\Shopify\\lazy-costume-store\\app\\components\\SearchResultsPredictive.jsx"
2025-09-17T09:28:40.813092Z  INFO tailwindcss_oxide::scanner: Reading "C:\\Users\\P\\Desktop\\Shopify\\lazy-costume-store\\app\\components\\PageLayout.jsx"
2025-09-17T09:28:40.812871Z  INFO tailwindcss_oxide::scanner: Reading "C:\\Users\\P\\Desktop\\Shopify\\lazy-costume-store\\app\\components\\SearchResults.jsx"
2025-09-17T09:28:40.813068Z  INFO tailwindcss_oxide::scanner: Reading "C:\\Users\\P\\Desktop\\Shopify\\lazy-costume-store\\app\\routes\\($locale).account._index.jsx"
2025-09-17T09:28:40.813108Z  INFO tailwindcss_oxide::scanner: Reading "C:\\Users\\P\\Desktop\\Shopify\\lazy-costume-store\\app\\routes\\($locale).cart.jsx"
2025-09-17T09:28:40.813177Z  INFO tailwindcss_oxide::scanner: Reading "C:\\Users\\P\\Desktop\\Shopify\\lazy-costume-store\\app\\entry.client.jsx"
2025-09-17T09:28:40.813195Z  INFO tailwindcss_oxide::scanner: Reading "C:\\Users\\P\\Desktop\\Shopify\\lazy-costume-store\\app\\routes\\($locale).collections._index.jsx"
2025-09-17T09:28:40.813226Z  INFO tailwindcss_oxide::scanner: Reading "C:\\Users\\P\\Desktop\\Shopify\\lazy-costume-store\\jsconfig.json"
2025-09-17T09:28:40.813269Z  INFO tailwindcss_oxide::scanner: Reading "C:\\Users\\P\\Desktop\\Shopify\\lazy-costume-store\\app\\routes\\($locale).collections.$handle.jsx"
2025-09-17T09:28:40.813270Z  INFO tailwindcss_oxide::scanner: Reading "C:\\Users\\P\\Desktop\\Shopify\\lazy-costume-store\\customer-accountapi.generated.d.ts"
2025-09-17T09:28:40.813140Z  INFO tailwindcss_oxide::scanner: Reading "C:\\Users\\P\\Desktop\\Shopify\\lazy-costume-store\\app\\routes\\($locale)._index.jsx"
2025-09-17T09:28:40.813281Z  INFO tailwindcss_oxide::scanner: Reading "C:\\Users\\P\\Desktop\\Shopify\\lazy-costume-store\\app\\routes\\($locale).policies._index.jsx"
2025-09-17T09:28:40.813295Z  INFO tailwindcss_oxide::scanner: Reading "C:\\Users\\P\\Desktop\\Shopify\\lazy-costume-store\\app\\routes\\($locale).discount.$code.jsx"
2025-09-17T09:28:40.813332Z  INFO tailwindcss_oxide::scanner: Reading "C:\\Users\\P\\Desktop\\Shopify\\lazy-costume-store\\package.json"
2025-09-17T09:28:40.813414Z  INFO tailwindcss_oxide::scanner: Reading "C:\\Users\\P\\Desktop\\Shopify\\lazy-costume-store\\env.d.ts"
2025-09-17T09:28:40.813422Z  INFO tailwindcss_oxide::scanner: Reading "C:\\Users\\P\\Desktop\\Shopify\\lazy-costume-store\\app\\routes\\[robots.txt].jsx"
2025-09-17T09:28:40.813447Z  INFO tailwindcss_oxide::scanner: Reading "C:\\Users\\P\\Desktop\\Shopify\\lazy-costume-store\\app\\routes\\($locale).products.$handle.jsx"
2025-09-17T09:28:40.813465Z  INFO tailwindcss_oxide::scanner: Reading "C:\\Users\\P\\Desktop\\Shopify\\lazy-costume-store\\app\\routes\\($locale).jsx"
2025-09-17T09:28:40.813467Z  INFO tailwindcss_oxide::scanner: Reading "C:\\Users\\P\\Desktop\\Shopify\\lazy-costume-store\\public\\.gitkeep"
2025-09-17T09:28:40.813524Z  INFO tailwindcss_oxide::scanner: Reading "C:\\Users\\P\\Desktop\\Shopify\\lazy-costume-store\\eslint.config.js"
2025-09-17T09:28:40.813547Z  INFO tailwindcss_oxide::scanner: Reading "C:\\Users\\P\\Desktop\\Shopify\\lazy-costume-store\\app\\routes\\($locale).products._index.jsx"
2025-09-17T09:28:40.813563Z  INFO tailwindcss_oxide::scanner: Reading "C:\\Users\\P\\Desktop\\Shopify\\lazy-costume-store\\app\\routes\\($locale).pages.$handle.jsx"
2025-09-17T09:28:40.813553Z  INFO tailwindcss_oxide::scanner: Reading "C:\\Users\\P\\Desktop\\Shopify\\lazy-costume-store\\app\\routes.js"
2025-09-17T09:28:40.813614Z  INFO tailwindcss_oxide::scanner: Reading "C:\\Users\\P\\Desktop\\Shopify\\lazy-costume-store\\react-router.config.js"
2025-09-17T09:28:40.813638Z  INFO tailwindcss_oxide::scanner: Reading "C:\\Users\\P\\Desktop\\Shopify\\lazy-costume-store\\guides\\predictiveSearch\\predictiveSearch.md"
2025-09-17T09:28:40.813649Z  INFO tailwindcss_oxide::scanner: Reading "C:\\Users\\P\\Desktop\\Shopify\\lazy-costume-store\\app\\routes\\($locale).search.jsx"
2025-09-17T09:28:40.813658Z  INFO tailwindcss_oxide::scanner: Reading "C:\\Users\\P\\Desktop\\Shopify\\lazy-costume-store\\app\\routes\\($locale).policies.$handle.jsx"
2025-09-17T09:28:40.813721Z  INFO tailwindcss_oxide::scanner: Reading "C:\\Users\\P\\Desktop\\Shopify\\lazy-costume-store\\README.md"
2025-09-17T09:28:40.813736Z  INFO tailwindcss_oxide::scanner: Reading "C:\\Users\\P\\Desktop\\Shopify\\lazy-costume-store\\CHANGELOG.md"
2025-09-17T09:28:40.813745Z  INFO tailwindcss_oxide::scanner: Reading "C:\\Users\\P\\Desktop\\Shopify\\lazy-costume-store\\app\\routes\\($locale).sitemap.$type.$page[.xml].jsx"
2025-09-17T09:28:40.813751Z  INFO tailwindcss_oxide::scanner: Reading "C:\\Users\\P\\Desktop\\Shopify\\lazy-costume-store\\guides\\search\\search.md"
2025-09-17T09:28:40.813368Z  INFO tailwindcss_oxide::scanner: Reading "C:\\Users\\P\\Desktop\\Shopify\\lazy-costume-store\\app\\routes\\($locale).collections.all.jsx"
2025-09-17T09:28:40.813891Z  INFO tailwindcss_oxide::scanner: Reading "C:\\Users\\P\\Desktop\\Shopify\\lazy-costume-store\\crypto.mjs"
2025-09-17T09:28:40.813830Z  INFO tailwindcss_oxide::scanner: Reading "C:\\Users\\P\\Desktop\\Shopify\\lazy-costume-store\\streams.mjs"
2025-09-17T09:28:40.813849Z  INFO tailwindcss_oxide::scanner: Reading "C:\\Users\\P\\Desktop\\Shopify\\lazy-costume-store\\app\\routes\\($locale).[sitemap.xml].jsx"
2025-09-17T09:28:40.813776Z  INFO tailwindcss_oxide::scanner: Reading "C:\\Users\\P\\Desktop\\Shopify\\lazy-costume-store\\server.js"
2025-09-17T09:28:40.813899Z  INFO tailwindcss_oxide::scanner: Reading "C:\\Users\\P\\Desktop\\Shopify\\lazy-costume-store\\index.js"
2025-09-17T09:28:40.814026Z  INFO tailwindcss_oxide::scanner: Reading "C:\\Users\\P\\Desktop\\Shopify\\lazy-costume-store\\storefrontapi.generated.d.ts"
2025-09-17T09:28:40.813995Z  INFO tailwindcss_oxide::scanner: Reading "C:\\Users\\P\\Desktop\\Shopify\\lazy-costume-store\\server.mjs"
2025-09-17T09:28:40.814035Z  INFO tailwindcss_oxide::scanner: Reading "C:\\Users\\P\\Desktop\\Shopify\\lazy-costume-store\\test.mjs"
2025-09-17T09:28:40.814048Z  INFO tailwindcss_oxide::scanner: Reading "C:\\Users\\P\\Desktop\\Shopify\\lazy-costume-store\\vite.config.js"
2025-09-17T09:28:40.814220Z  INFO extract_candidates:read_all_files: tailwindcss_oxide::scanner: exit
2025-09-17T09:28:40.814239Z  INFO extract_candidates:parse_all_blobs: tailwindcss_oxide::scanner: enter
2025-09-17T09:28:40.814254Z  INFO extract_candidates:parse_all_blobs:extract: tailwindcss_oxide::scanner: enter
2025-09-17T09:28:40.817176Z  INFO extract_candidates:parse_all_blobs:extract: tailwindcss_oxide::scanner: exit
2025-09-17T09:28:40.817236Z  INFO extract_candidates:parse_all_blobs: tailwindcss_oxide::scanner: exit
2025-09-17T09:28:40.817256Z  INFO extract_candidates:read_all_files: tailwindcss_oxide::scanner: enter
2025-09-17T09:28:40.817268Z  INFO extract_candidates:read_all_files: tailwindcss_oxide::scanner: Reading 3 file(s)
2025-09-17T09:28:40.817451Z  INFO tailwindcss_oxide::scanner: Reading "C:\\Users\\P\\Desktop\\Shopify\\lazy-costume-store\\app\\styles\\tailwind.css"
2025-09-17T09:28:40.817452Z  INFO tailwindcss_oxide::scanner: Reading "C:\\Users\\P\\Desktop\\Shopify\\lazy-costume-store\\app\\styles\\reset.css"
2025-09-17T09:28:40.817452Z  INFO tailwindcss_oxide::scanner: Reading "C:\\Users\\P\\Desktop\\Shopify\\lazy-costume-store\\app\\styles\\app.css"
2025-09-17T09:28:40.817600Z  INFO extract_candidates:read_all_files: tailwindcss_oxide::scanner: exit
2025-09-17T09:28:40.817624Z  INFO extract_candidates:extract_css_variables: tailwindcss_oxide::scanner: enter
2025-09-17T09:28:40.817637Z  INFO extract_candidates:extract_css_variables:extract: tailwindcss_oxide::scanner: enter
2025-09-17T09:28:40.817747Z  INFO extract_candidates:extract_css_variables:extract: tailwindcss_oxide::scanner: exit
2025-09-17T09:28:40.817772Z  INFO extract_candidates:extract_css_variables: tailwindcss_oxide::scanner: exit
2025-09-17T09:28:40.818308Z  INFO extract_candidates: tailwindcss_oxide::scanner: exit
2025-09-17T09:28:40.819493Z  INFO get_files: tailwindcss_oxide::scanner: enter
2025-09-17T09:28:40.819518Z  INFO get_files:scan_sources: tailwindcss_oxide::scanner: enter
2025-09-17T09:28:40.821275Z  INFO get_files:scan_sources: tailwindcss_oxide::scanner: Discovering "C:\\Users\\P\\Desktop\\Shopify\\lazy-costume-store\\.cursor"
2025-09-17T09:28:40.821565Z  INFO get_files:scan_sources: tailwindcss_oxide::scanner: Discovering "C:\\Users\\P\\Desktop\\Shopify\\lazy-costume-store\\.cursor\\rules"
2025-09-17T09:28:40.822266Z  INFO get_files:scan_sources: tailwindcss_oxide::scanner: Discovering "C:\\Users\\P\\Desktop\\Shopify\\lazy-costume-store\\.hydrogen"
2025-09-17T09:28:40.822543Z  INFO get_files:scan_sources: tailwindcss_oxide::scanner: Discovering "C:\\Users\\P\\Desktop\\Shopify\\lazy-costume-store\\.hydrogen\\commands"
2025-09-17T09:28:40.823248Z  INFO get_files:scan_sources: tailwindcss_oxide::scanner: Discovering "C:\\Users\\P\\Desktop\\Shopify\\lazy-costume-store\\app"
2025-09-17T09:28:40.823549Z  INFO get_files:scan_sources: tailwindcss_oxide::scanner: Discovering "C:\\Users\\P\\Desktop\\Shopify\\lazy-costume-store\\app\\assets"
2025-09-17T09:28:40.823911Z  INFO get_files:scan_sources: tailwindcss_oxide::scanner: Discovering "C:\\Users\\P\\Desktop\\Shopify\\lazy-costume-store\\app\\components"
2025-09-17T09:28:40.825386Z  INFO get_files:scan_sources: tailwindcss_oxide::scanner: Discovering "C:\\Users\\P\\Desktop\\Shopify\\lazy-costume-store\\app\\graphql"
2025-09-17T09:28:40.825672Z  INFO get_files:scan_sources: tailwindcss_oxide::scanner: Discovering "C:\\Users\\P\\Desktop\\Shopify\\lazy-costume-store\\app\\graphql\\customer-account"
2025-09-17T09:28:40.826273Z  INFO get_files:scan_sources: tailwindcss_oxide::scanner: Discovering "C:\\Users\\P\\Desktop\\Shopify\\lazy-costume-store\\app\\lib"
2025-09-17T09:28:40.827006Z  INFO get_files:scan_sources: tailwindcss_oxide::scanner: Discovering "C:\\Users\\P\\Desktop\\Shopify\\lazy-costume-store\\app\\routes"
2025-09-17T09:28:40.829370Z  INFO get_files:scan_sources: tailwindcss_oxide::scanner: Discovering "C:\\Users\\P\\Desktop\\Shopify\\lazy-costume-store\\app\\styles"
2025-09-17T09:28:40.830360Z  INFO get_files:scan_sources: tailwindcss_oxide::scanner: Discovering "C:\\Users\\P\\Desktop\\Shopify\\lazy-costume-store\\guides"
2025-09-17T09:28:40.830645Z  INFO get_files:scan_sources: tailwindcss_oxide::scanner: Discovering "C:\\Users\\P\\Desktop\\Shopify\\lazy-costume-store\\guides\\predictiveSearch"
2025-09-17T09:28:40.831021Z  INFO get_files:scan_sources: tailwindcss_oxide::scanner: Discovering "C:\\Users\\P\\Desktop\\Shopify\\lazy-costume-store\\guides\\search"
2025-09-17T09:28:40.831825Z  INFO get_files:scan_sources: tailwindcss_oxide::scanner: Discovering "C:\\Users\\P\\Desktop\\Shopify\\lazy-costume-store\\public"
2025-09-17T09:28:40.832878Z  INFO get_files:scan_sources: tailwindcss_oxide::scanner: exit
2025-09-17T09:28:40.832992Z  INFO get_files: tailwindcss_oxide::scanner: exit
2025-09-17T09:28:40.833300Z  INFO get_globs: tailwindcss_oxide::scanner: enter
2025-09-17T09:28:40.833321Z  INFO get_globs:scan_sources: tailwindcss_oxide::scanner: enter
2025-09-17T09:28:40.835079Z  INFO get_globs:scan_sources: tailwindcss_oxide::scanner: Discovering "C:\\Users\\P\\Desktop\\Shopify\\lazy-costume-store\\.cursor"
2025-09-17T09:28:40.835367Z  INFO get_globs:scan_sources: tailwindcss_oxide::scanner: Discovering "C:\\Users\\P\\Desktop\\Shopify\\lazy-costume-store\\.cursor\\rules"
2025-09-17T09:28:40.836062Z  INFO get_globs:scan_sources: tailwindcss_oxide::scanner: Discovering "C:\\Users\\P\\Desktop\\Shopify\\lazy-costume-store\\.hydrogen"
2025-09-17T09:28:40.836343Z  INFO get_globs:scan_sources: tailwindcss_oxide::scanner: Discovering "C:\\Users\\P\\Desktop\\Shopify\\lazy-costume-store\\.hydrogen\\commands"
2025-09-17T09:28:40.837029Z  INFO get_globs:scan_sources: tailwindcss_oxide::scanner: Discovering "C:\\Users\\P\\Desktop\\Shopify\\lazy-costume-store\\app"
2025-09-17T09:28:40.837311Z  INFO get_globs:scan_sources: tailwindcss_oxide::scanner: Discovering "C:\\Users\\P\\Desktop\\Shopify\\lazy-costume-store\\app\\assets"
2025-09-17T09:28:40.837666Z  INFO get_globs:scan_sources: tailwindcss_oxide::scanner: Discovering "C:\\Users\\P\\Desktop\\Shopify\\lazy-costume-store\\app\\components"
2025-09-17T09:28:40.839128Z  INFO get_globs:scan_sources: tailwindcss_oxide::scanner: Discovering "C:\\Users\\P\\Desktop\\Shopify\\lazy-costume-store\\app\\graphql"
2025-09-17T09:28:40.839417Z  INFO get_globs:scan_sources: tailwindcss_oxide::scanner: Discovering "C:\\Users\\P\\Desktop\\Shopify\\lazy-costume-store\\app\\graphql\\customer-account"
2025-09-17T09:28:40.840042Z  INFO get_globs:scan_sources: tailwindcss_oxide::scanner: Discovering "C:\\Users\\P\\Desktop\\Shopify\\lazy-costume-store\\app\\lib"
2025-09-17T09:28:40.840780Z  INFO get_globs:scan_sources: tailwindcss_oxide::scanner: Discovering "C:\\Users\\P\\Desktop\\Shopify\\lazy-costume-store\\app\\routes"
2025-09-17T09:28:40.843016Z  INFO get_globs:scan_sources: tailwindcss_oxide::scanner: Discovering "C:\\Users\\P\\Desktop\\Shopify\\lazy-costume-store\\app\\styles"
2025-09-17T09:28:40.844079Z  INFO get_globs:scan_sources: tailwindcss_oxide::scanner: Discovering "C:\\Users\\P\\Desktop\\Shopify\\lazy-costume-store\\guides"
2025-09-17T09:28:40.844373Z  INFO get_globs:scan_sources: tailwindcss_oxide::scanner: Discovering "C:\\Users\\P\\Desktop\\Shopify\\lazy-costume-store\\guides\\predictiveSearch"
2025-09-17T09:28:40.844745Z  INFO get_globs:scan_sources: tailwindcss_oxide::scanner: Discovering "C:\\Users\\P\\Desktop\\Shopify\\lazy-costume-store\\guides\\search"
2025-09-17T09:28:40.845545Z  INFO get_globs:scan_sources: tailwindcss_oxide::scanner: Discovering "C:\\Users\\P\\Desktop\\Shopify\\lazy-costume-store\\public"
2025-09-17T09:28:40.846310Z  INFO get_globs:scan_sources: tailwindcss_oxide::scanner: exit
2025-09-17T09:28:40.863526Z  INFO get_globs: tailwindcss_oxide::scanner: exit
