2025-09-17T09:17:38.208836Z  INFO tailwindcss_oxide::scanner: Provided sources:
2025-09-17T09:17:38.209155Z  INFO tailwindcss_oxide::scanner: Source: PublicSourceEntry { base: "C:/Users/P/Desktop/Shopify/lazy-costume-store", pattern: "**/*", negated: false }
2025-09-17T09:17:38.209505Z  INFO tailwindcss_oxide::scanner: Optimized sources:
2025-09-17T09:17:38.209559Z  INFO tailwindcss_oxide::scanner: Source: Auto { base: "C:\\Users\\P\\Desktop\\Shopify\\lazy-costume-store" }
2025-09-17T09:17:38.216824Z  INFO tailwindcss_oxide::scanner: Provided sources:
2025-09-17T09:17:38.216874Z  INFO tailwindcss_oxide::scanner: Source: PublicSourceEntry { base: "C:/Users/P/Desktop/Shopify/lazy-costume-store", pattern: "**/*", negated: false }
2025-09-17T09:17:38.219697Z  INFO tailwindcss_oxide::scanner: Optimized sources:
2025-09-17T09:17:38.219721Z  INFO tailwindcss_oxide::scanner: Source: Auto { base: "C:\\Users\\P\\Desktop\\Shopify\\lazy-costume-store" }
2025-09-17T09:17:38.302282Z  INFO tailwindcss_oxide::scanner: Provided sources:
2025-09-17T09:17:38.302320Z  INFO tailwindcss_oxide::scanner: Source: PublicSourceEntry { base: "C:/Users/P/Desktop/Shopify/lazy-costume-store", pattern: "**/*", negated: false }
2025-09-17T09:17:38.302463Z  INFO tailwindcss_oxide::scanner: Optimized sources:
2025-09-17T09:17:38.302481Z  INFO tailwindcss_oxide::scanner: Source: Auto { base: "C:\\Users\\P\\Desktop\\Shopify\\lazy-costume-store" }
2025-09-17T09:17:38.302669Z  INFO scan_sources: tailwindcss_oxide::scanner: enter
2025-09-17T09:17:38.304609Z  INFO scan_sources: tailwindcss_oxide::scanner: Discovering "C:\\Users\\P\\Desktop\\Shopify\\lazy-costume-store\\.cursor"
2025-09-17T09:17:38.304917Z  INFO scan_sources: tailwindcss_oxide::scanner: Discovering "C:\\Users\\P\\Desktop\\Shopify\\lazy-costume-store\\.cursor\\rules"
2025-09-17T09:17:38.305188Z  INFO scan_sources: tailwindcss_oxide::scanner: Discovering "C:\\Users\\P\\Desktop\\Shopify\\lazy-costume-store\\.cursor\\rules\\hydrogen-react-router.mdc"
2025-09-17T09:17:38.305604Z  INFO scan_sources: tailwindcss_oxide::scanner: Discovering "C:\\Users\\P\\Desktop\\Shopify\\lazy-costume-store\\.graphqlrc.js"
2025-09-17T09:17:38.305797Z  INFO scan_sources: tailwindcss_oxide::scanner: Discovering "C:\\Users\\P\\Desktop\\Shopify\\lazy-costume-store\\.hydrogen"
2025-09-17T09:17:38.306080Z  INFO scan_sources: tailwindcss_oxide::scanner: Discovering "C:\\Users\\P\\Desktop\\Shopify\\lazy-costume-store\\.hydrogen\\commands"
2025-09-17T09:17:38.306799Z  INFO scan_sources: tailwindcss_oxide::scanner: Discovering "C:\\Users\\P\\Desktop\\Shopify\\lazy-costume-store\\app"
2025-09-17T09:17:38.307090Z  INFO scan_sources: tailwindcss_oxide::scanner: Discovering "C:\\Users\\P\\Desktop\\Shopify\\lazy-costume-store\\app\\assets"
2025-09-17T09:17:38.307309Z  INFO scan_sources: tailwindcss_oxide::scanner: Discovering "C:\\Users\\P\\Desktop\\Shopify\\lazy-costume-store\\app\\assets\\favicon.svg"
2025-09-17T09:17:38.307725Z  INFO scan_sources: tailwindcss_oxide::scanner: Discovering "C:\\Users\\P\\Desktop\\Shopify\\lazy-costume-store\\app\\components"
2025-09-17T09:17:38.308035Z  INFO scan_sources: tailwindcss_oxide::scanner: Discovering "C:\\Users\\P\\Desktop\\Shopify\\lazy-costume-store\\app\\components\\AddToCartButton.jsx"
2025-09-17T09:17:38.308161Z  INFO scan_sources: tailwindcss_oxide::scanner: Discovering "C:\\Users\\P\\Desktop\\Shopify\\lazy-costume-store\\app\\components\\Aside.jsx"
2025-09-17T09:17:38.308290Z  INFO scan_sources: tailwindcss_oxide::scanner: Discovering "C:\\Users\\P\\Desktop\\Shopify\\lazy-costume-store\\app\\components\\CartLineItem.jsx"
2025-09-17T09:17:38.308407Z  INFO scan_sources: tailwindcss_oxide::scanner: Discovering "C:\\Users\\P\\Desktop\\Shopify\\lazy-costume-store\\app\\components\\CartMain.jsx"
2025-09-17T09:17:38.308533Z  INFO scan_sources: tailwindcss_oxide::scanner: Discovering "C:\\Users\\P\\Desktop\\Shopify\\lazy-costume-store\\app\\components\\CartSummary.jsx"
2025-09-17T09:17:38.308648Z  INFO scan_sources: tailwindcss_oxide::scanner: Discovering "C:\\Users\\P\\Desktop\\Shopify\\lazy-costume-store\\app\\components\\Footer.jsx"
2025-09-17T09:17:38.308800Z  INFO scan_sources: tailwindcss_oxide::scanner: Discovering "C:\\Users\\P\\Desktop\\Shopify\\lazy-costume-store\\app\\components\\Header.jsx"
2025-09-17T09:17:38.308910Z  INFO scan_sources: tailwindcss_oxide::scanner: Discovering "C:\\Users\\P\\Desktop\\Shopify\\lazy-costume-store\\app\\components\\PageLayout.jsx"
2025-09-17T09:17:38.309022Z  INFO scan_sources: tailwindcss_oxide::scanner: Discovering "C:\\Users\\P\\Desktop\\Shopify\\lazy-costume-store\\app\\components\\PaginatedResourceSection.jsx"
2025-09-17T09:17:38.309246Z  INFO scan_sources: tailwindcss_oxide::scanner: Discovering "C:\\Users\\P\\Desktop\\Shopify\\lazy-costume-store\\app\\components\\ProductForm.jsx"
2025-09-17T09:17:38.309481Z  INFO scan_sources: tailwindcss_oxide::scanner: Discovering "C:\\Users\\P\\Desktop\\Shopify\\lazy-costume-store\\app\\components\\ProductGrid.jsx"
2025-09-17T09:17:38.309627Z  INFO scan_sources: tailwindcss_oxide::scanner: Discovering "C:\\Users\\P\\Desktop\\Shopify\\lazy-costume-store\\app\\components\\ProductImage.jsx"
2025-09-17T09:17:38.309755Z  INFO scan_sources: tailwindcss_oxide::scanner: Discovering "C:\\Users\\P\\Desktop\\Shopify\\lazy-costume-store\\app\\components\\ProductItem.jsx"
2025-09-17T09:17:38.309884Z  INFO scan_sources: tailwindcss_oxide::scanner: Discovering "C:\\Users\\P\\Desktop\\Shopify\\lazy-costume-store\\app\\components\\ProductPrice.jsx"
2025-09-17T09:17:38.310008Z  INFO scan_sources: tailwindcss_oxide::scanner: Discovering "C:\\Users\\P\\Desktop\\Shopify\\lazy-costume-store\\app\\components\\SearchForm.jsx"
2025-09-17T09:17:38.310137Z  INFO scan_sources: tailwindcss_oxide::scanner: Discovering "C:\\Users\\P\\Desktop\\Shopify\\lazy-costume-store\\app\\components\\SearchFormPredictive.jsx"
2025-09-17T09:17:38.310258Z  INFO scan_sources: tailwindcss_oxide::scanner: Discovering "C:\\Users\\P\\Desktop\\Shopify\\lazy-costume-store\\app\\components\\SearchResults.jsx"
2025-09-17T09:17:38.310380Z  INFO scan_sources: tailwindcss_oxide::scanner: Discovering "C:\\Users\\P\\Desktop\\Shopify\\lazy-costume-store\\app\\components\\SearchResultsPredictive.jsx"
2025-09-17T09:17:38.310549Z  INFO scan_sources: tailwindcss_oxide::scanner: Discovering "C:\\Users\\P\\Desktop\\Shopify\\lazy-costume-store\\app\\entry.client.jsx"
2025-09-17T09:17:38.310668Z  INFO scan_sources: tailwindcss_oxide::scanner: Discovering "C:\\Users\\P\\Desktop\\Shopify\\lazy-costume-store\\app\\entry.server.jsx"
2025-09-17T09:17:38.310877Z  INFO scan_sources: tailwindcss_oxide::scanner: Discovering "C:\\Users\\P\\Desktop\\Shopify\\lazy-costume-store\\app\\graphql"
2025-09-17T09:17:38.311201Z  INFO scan_sources: tailwindcss_oxide::scanner: Discovering "C:\\Users\\P\\Desktop\\Shopify\\lazy-costume-store\\app\\graphql\\customer-account"
2025-09-17T09:17:38.311444Z  INFO scan_sources: tailwindcss_oxide::scanner: Discovering "C:\\Users\\P\\Desktop\\Shopify\\lazy-costume-store\\app\\graphql\\customer-account\\CustomerAddressMutations.js"
2025-09-17T09:17:38.311567Z  INFO scan_sources: tailwindcss_oxide::scanner: Discovering "C:\\Users\\P\\Desktop\\Shopify\\lazy-costume-store\\app\\graphql\\customer-account\\CustomerDetailsQuery.js"
2025-09-17T09:17:38.311685Z  INFO scan_sources: tailwindcss_oxide::scanner: Discovering "C:\\Users\\P\\Desktop\\Shopify\\lazy-costume-store\\app\\graphql\\customer-account\\CustomerOrderQuery.js"
2025-09-17T09:17:38.311800Z  INFO scan_sources: tailwindcss_oxide::scanner: Discovering "C:\\Users\\P\\Desktop\\Shopify\\lazy-costume-store\\app\\graphql\\customer-account\\CustomerOrdersQuery.js"
2025-09-17T09:17:38.311914Z  INFO scan_sources: tailwindcss_oxide::scanner: Discovering "C:\\Users\\P\\Desktop\\Shopify\\lazy-costume-store\\app\\graphql\\customer-account\\CustomerUpdateMutation.js"
2025-09-17T09:17:38.312171Z  INFO scan_sources: tailwindcss_oxide::scanner: Discovering "C:\\Users\\P\\Desktop\\Shopify\\lazy-costume-store\\app\\lib"
2025-09-17T09:17:38.312405Z  INFO scan_sources: tailwindcss_oxide::scanner: Discovering "C:\\Users\\P\\Desktop\\Shopify\\lazy-costume-store\\app\\lib\\context.js"
2025-09-17T09:17:38.312563Z  INFO scan_sources: tailwindcss_oxide::scanner: Discovering "C:\\Users\\P\\Desktop\\Shopify\\lazy-costume-store\\app\\lib\\fragments.js"
2025-09-17T09:17:38.312685Z  INFO scan_sources: tailwindcss_oxide::scanner: Discovering "C:\\Users\\P\\Desktop\\Shopify\\lazy-costume-store\\app\\lib\\i18n.js"
2025-09-17T09:17:38.312847Z  INFO scan_sources: tailwindcss_oxide::scanner: Discovering "C:\\Users\\P\\Desktop\\Shopify\\lazy-costume-store\\app\\lib\\redirect.js"
2025-09-17T09:17:38.312972Z  INFO scan_sources: tailwindcss_oxide::scanner: Discovering "C:\\Users\\P\\Desktop\\Shopify\\lazy-costume-store\\app\\lib\\search.js"
2025-09-17T09:17:38.313105Z  INFO scan_sources: tailwindcss_oxide::scanner: Discovering "C:\\Users\\P\\Desktop\\Shopify\\lazy-costume-store\\app\\lib\\session.js"
2025-09-17T09:17:38.313220Z  INFO scan_sources: tailwindcss_oxide::scanner: Discovering "C:\\Users\\P\\Desktop\\Shopify\\lazy-costume-store\\app\\lib\\variants.js"
2025-09-17T09:17:38.313363Z  INFO scan_sources: tailwindcss_oxide::scanner: Discovering "C:\\Users\\P\\Desktop\\Shopify\\lazy-costume-store\\app\\root.jsx"
2025-09-17T09:17:38.313547Z  INFO scan_sources: tailwindcss_oxide::scanner: Discovering "C:\\Users\\P\\Desktop\\Shopify\\lazy-costume-store\\app\\routes"
2025-09-17T09:17:38.313823Z  INFO scan_sources: tailwindcss_oxide::scanner: Discovering "C:\\Users\\P\\Desktop\\Shopify\\lazy-costume-store\\app\\routes\\($locale).$.jsx"
2025-09-17T09:17:38.313940Z  INFO scan_sources: tailwindcss_oxide::scanner: Discovering "C:\\Users\\P\\Desktop\\Shopify\\lazy-costume-store\\app\\routes\\($locale).account.$.jsx"
2025-09-17T09:17:38.314053Z  INFO scan_sources: tailwindcss_oxide::scanner: Discovering "C:\\Users\\P\\Desktop\\Shopify\\lazy-costume-store\\app\\routes\\($locale).account.addresses.jsx"
2025-09-17T09:17:38.314174Z  INFO scan_sources: tailwindcss_oxide::scanner: Discovering "C:\\Users\\P\\Desktop\\Shopify\\lazy-costume-store\\app\\routes\\($locale).account.jsx"
2025-09-17T09:17:38.314289Z  INFO scan_sources: tailwindcss_oxide::scanner: Discovering "C:\\Users\\P\\Desktop\\Shopify\\lazy-costume-store\\app\\routes\\($locale).account.orders.$id.jsx"
2025-09-17T09:17:38.314401Z  INFO scan_sources: tailwindcss_oxide::scanner: Discovering "C:\\Users\\P\\Desktop\\Shopify\\lazy-costume-store\\app\\routes\\($locale).account.orders._index.jsx"
2025-09-17T09:17:38.314512Z  INFO scan_sources: tailwindcss_oxide::scanner: Discovering "C:\\Users\\P\\Desktop\\Shopify\\lazy-costume-store\\app\\routes\\($locale).account.profile.jsx"
2025-09-17T09:17:38.314622Z  INFO scan_sources: tailwindcss_oxide::scanner: Discovering "C:\\Users\\P\\Desktop\\Shopify\\lazy-costume-store\\app\\routes\\($locale).account._index.jsx"
2025-09-17T09:17:38.314733Z  INFO scan_sources: tailwindcss_oxide::scanner: Discovering "C:\\Users\\P\\Desktop\\Shopify\\lazy-costume-store\\app\\routes\\($locale).account_.authorize.jsx"
2025-09-17T09:17:38.314845Z  INFO scan_sources: tailwindcss_oxide::scanner: Discovering "C:\\Users\\P\\Desktop\\Shopify\\lazy-costume-store\\app\\routes\\($locale).account_.login.jsx"
2025-09-17T09:17:38.314954Z  INFO scan_sources: tailwindcss_oxide::scanner: Discovering "C:\\Users\\P\\Desktop\\Shopify\\lazy-costume-store\\app\\routes\\($locale).account_.logout.jsx"
2025-09-17T09:17:38.315072Z  INFO scan_sources: tailwindcss_oxide::scanner: Discovering "C:\\Users\\P\\Desktop\\Shopify\\lazy-costume-store\\app\\routes\\($locale).api.$version.[graphql.json].jsx"
2025-09-17T09:17:38.315184Z  INFO scan_sources: tailwindcss_oxide::scanner: Discovering "C:\\Users\\P\\Desktop\\Shopify\\lazy-costume-store\\app\\routes\\($locale).blogs.$blogHandle.$articleHandle.jsx"
2025-09-17T09:17:38.315295Z  INFO scan_sources: tailwindcss_oxide::scanner: Discovering "C:\\Users\\P\\Desktop\\Shopify\\lazy-costume-store\\app\\routes\\($locale).blogs.$blogHandle._index.jsx"
2025-09-17T09:17:38.315403Z  INFO scan_sources: tailwindcss_oxide::scanner: Discovering "C:\\Users\\P\\Desktop\\Shopify\\lazy-costume-store\\app\\routes\\($locale).blogs._index.jsx"
2025-09-17T09:17:38.315517Z  INFO scan_sources: tailwindcss_oxide::scanner: Discovering "C:\\Users\\P\\Desktop\\Shopify\\lazy-costume-store\\app\\routes\\($locale).cart.$lines.jsx"
2025-09-17T09:17:38.315633Z  INFO scan_sources: tailwindcss_oxide::scanner: Discovering "C:\\Users\\P\\Desktop\\Shopify\\lazy-costume-store\\app\\routes\\($locale).cart.jsx"
2025-09-17T09:17:38.315748Z  INFO scan_sources: tailwindcss_oxide::scanner: Discovering "C:\\Users\\P\\Desktop\\Shopify\\lazy-costume-store\\app\\routes\\($locale).collections.$handle.jsx"
2025-09-17T09:17:38.315859Z  INFO scan_sources: tailwindcss_oxide::scanner: Discovering "C:\\Users\\P\\Desktop\\Shopify\\lazy-costume-store\\app\\routes\\($locale).collections.all.jsx"
2025-09-17T09:17:38.315967Z  INFO scan_sources: tailwindcss_oxide::scanner: Discovering "C:\\Users\\P\\Desktop\\Shopify\\lazy-costume-store\\app\\routes\\($locale).collections._index.jsx"
2025-09-17T09:17:38.316095Z  INFO scan_sources: tailwindcss_oxide::scanner: Discovering "C:\\Users\\P\\Desktop\\Shopify\\lazy-costume-store\\app\\routes\\($locale).discount.$code.jsx"
2025-09-17T09:17:38.316205Z  INFO scan_sources: tailwindcss_oxide::scanner: Discovering "C:\\Users\\P\\Desktop\\Shopify\\lazy-costume-store\\app\\routes\\($locale).jsx"
2025-09-17T09:17:38.316317Z  INFO scan_sources: tailwindcss_oxide::scanner: Discovering "C:\\Users\\P\\Desktop\\Shopify\\lazy-costume-store\\app\\routes\\($locale).pages.$handle.jsx"
2025-09-17T09:17:38.316427Z  INFO scan_sources: tailwindcss_oxide::scanner: Discovering "C:\\Users\\P\\Desktop\\Shopify\\lazy-costume-store\\app\\routes\\($locale).policies.$handle.jsx"
2025-09-17T09:17:38.316536Z  INFO scan_sources: tailwindcss_oxide::scanner: Discovering "C:\\Users\\P\\Desktop\\Shopify\\lazy-costume-store\\app\\routes\\($locale).policies._index.jsx"
2025-09-17T09:17:38.316645Z  INFO scan_sources: tailwindcss_oxide::scanner: Discovering "C:\\Users\\P\\Desktop\\Shopify\\lazy-costume-store\\app\\routes\\($locale).products.$handle.jsx"
2025-09-17T09:17:38.316754Z  INFO scan_sources: tailwindcss_oxide::scanner: Discovering "C:\\Users\\P\\Desktop\\Shopify\\lazy-costume-store\\app\\routes\\($locale).products._index.jsx"
2025-09-17T09:17:38.316866Z  INFO scan_sources: tailwindcss_oxide::scanner: Discovering "C:\\Users\\P\\Desktop\\Shopify\\lazy-costume-store\\app\\routes\\($locale).search.jsx"
2025-09-17T09:17:38.316983Z  INFO scan_sources: tailwindcss_oxide::scanner: Discovering "C:\\Users\\P\\Desktop\\Shopify\\lazy-costume-store\\app\\routes\\($locale).sitemap.$type.$page[.xml].jsx"
2025-09-17T09:17:38.317105Z  INFO scan_sources: tailwindcss_oxide::scanner: Discovering "C:\\Users\\P\\Desktop\\Shopify\\lazy-costume-store\\app\\routes\\($locale).[sitemap.xml].jsx"
2025-09-17T09:17:38.317219Z  INFO scan_sources: tailwindcss_oxide::scanner: Discovering "C:\\Users\\P\\Desktop\\Shopify\\lazy-costume-store\\app\\routes\\($locale)._index.jsx"
2025-09-17T09:17:38.317349Z  INFO scan_sources: tailwindcss_oxide::scanner: Discovering "C:\\Users\\P\\Desktop\\Shopify\\lazy-costume-store\\app\\routes\\[robots.txt].jsx"
2025-09-17T09:17:38.317488Z  INFO scan_sources: tailwindcss_oxide::scanner: Discovering "C:\\Users\\P\\Desktop\\Shopify\\lazy-costume-store\\app\\routes.js"
2025-09-17T09:17:38.317670Z  INFO scan_sources: tailwindcss_oxide::scanner: Discovering "C:\\Users\\P\\Desktop\\Shopify\\lazy-costume-store\\app\\styles"
2025-09-17T09:17:38.317883Z  INFO scan_sources: tailwindcss_oxide::scanner: Discovering "C:\\Users\\P\\Desktop\\Shopify\\lazy-costume-store\\app\\styles\\app.css"
2025-09-17T09:17:38.317995Z  INFO scan_sources: tailwindcss_oxide::scanner: Discovering "C:\\Users\\P\\Desktop\\Shopify\\lazy-costume-store\\app\\styles\\reset.css"
2025-09-17T09:17:38.318113Z  INFO scan_sources: tailwindcss_oxide::scanner: Discovering "C:\\Users\\P\\Desktop\\Shopify\\lazy-costume-store\\app\\styles\\tailwind.css"
2025-09-17T09:17:38.318280Z  INFO scan_sources: tailwindcss_oxide::scanner: Discovering "C:\\Users\\P\\Desktop\\Shopify\\lazy-costume-store\\CHANGELOG.md"
2025-09-17T09:17:38.318393Z  INFO scan_sources: tailwindcss_oxide::scanner: Discovering "C:\\Users\\P\\Desktop\\Shopify\\lazy-costume-store\\crypto.mjs"
2025-09-17T09:17:38.318542Z  INFO scan_sources: tailwindcss_oxide::scanner: Discovering "C:\\Users\\P\\Desktop\\Shopify\\lazy-costume-store\\customer-accountapi.generated.d.ts"
2025-09-17T09:17:38.318852Z  INFO scan_sources: tailwindcss_oxide::scanner: Discovering "C:\\Users\\P\\Desktop\\Shopify\\lazy-costume-store\\env.d.ts"
2025-09-17T09:17:38.318963Z  INFO scan_sources: tailwindcss_oxide::scanner: Discovering "C:\\Users\\P\\Desktop\\Shopify\\lazy-costume-store\\eslint.config.js"
2025-09-17T09:17:38.319147Z  INFO scan_sources: tailwindcss_oxide::scanner: Discovering "C:\\Users\\P\\Desktop\\Shopify\\lazy-costume-store\\guides"
2025-09-17T09:17:38.319424Z  INFO scan_sources: tailwindcss_oxide::scanner: Discovering "C:\\Users\\P\\Desktop\\Shopify\\lazy-costume-store\\guides\\predictiveSearch"
2025-09-17T09:17:38.319644Z  INFO scan_sources: tailwindcss_oxide::scanner: Discovering "C:\\Users\\P\\Desktop\\Shopify\\lazy-costume-store\\guides\\predictiveSearch\\predictiveSearch.md"
2025-09-17T09:17:38.319850Z  INFO scan_sources: tailwindcss_oxide::scanner: Discovering "C:\\Users\\P\\Desktop\\Shopify\\lazy-costume-store\\guides\\search"
2025-09-17T09:17:38.320070Z  INFO scan_sources: tailwindcss_oxide::scanner: Discovering "C:\\Users\\P\\Desktop\\Shopify\\lazy-costume-store\\guides\\search\\search.md"
2025-09-17T09:17:38.320237Z  INFO scan_sources: tailwindcss_oxide::scanner: Discovering "C:\\Users\\P\\Desktop\\Shopify\\lazy-costume-store\\index.js"
2025-09-17T09:17:38.320351Z  INFO scan_sources: tailwindcss_oxide::scanner: Discovering "C:\\Users\\P\\Desktop\\Shopify\\lazy-costume-store\\jsconfig.json"
2025-09-17T09:17:38.320691Z  INFO scan_sources: tailwindcss_oxide::scanner: Discovering "C:\\Users\\P\\Desktop\\Shopify\\lazy-costume-store\\package.json"
2025-09-17T09:17:38.320875Z  INFO scan_sources: tailwindcss_oxide::scanner: Discovering "C:\\Users\\P\\Desktop\\Shopify\\lazy-costume-store\\public"
2025-09-17T09:17:38.321090Z  INFO scan_sources: tailwindcss_oxide::scanner: Discovering "C:\\Users\\P\\Desktop\\Shopify\\lazy-costume-store\\public\\.gitkeep"
2025-09-17T09:17:38.321230Z  INFO scan_sources: tailwindcss_oxide::scanner: Discovering "C:\\Users\\P\\Desktop\\Shopify\\lazy-costume-store\\react-router.config.js"
2025-09-17T09:17:38.321341Z  INFO scan_sources: tailwindcss_oxide::scanner: Discovering "C:\\Users\\P\\Desktop\\Shopify\\lazy-costume-store\\README.md"
2025-09-17T09:17:38.321451Z  INFO scan_sources: tailwindcss_oxide::scanner: Discovering "C:\\Users\\P\\Desktop\\Shopify\\lazy-costume-store\\server.js"
2025-09-17T09:17:38.321560Z  INFO scan_sources: tailwindcss_oxide::scanner: Discovering "C:\\Users\\P\\Desktop\\Shopify\\lazy-costume-store\\server.mjs"
2025-09-17T09:17:38.321670Z  INFO scan_sources: tailwindcss_oxide::scanner: Discovering "C:\\Users\\P\\Desktop\\Shopify\\lazy-costume-store\\storefrontapi.generated.d.ts"
2025-09-17T09:17:38.321780Z  INFO scan_sources: tailwindcss_oxide::scanner: Discovering "C:\\Users\\P\\Desktop\\Shopify\\lazy-costume-store\\streams.mjs"
2025-09-17T09:17:38.321902Z  INFO scan_sources: tailwindcss_oxide::scanner: Discovering "C:\\Users\\P\\Desktop\\Shopify\\lazy-costume-store\\test.mjs"
2025-09-17T09:17:38.322011Z  INFO scan_sources: tailwindcss_oxide::scanner: Discovering "C:\\Users\\P\\Desktop\\Shopify\\lazy-costume-store\\vite.config.js"
2025-09-17T09:17:38.322164Z  INFO scan_sources: tailwindcss_oxide::scanner: exit
2025-09-17T09:17:38.322184Z  INFO extract_candidates: tailwindcss_oxide::scanner: enter
2025-09-17T09:17:38.322201Z  INFO extract_candidates:read_all_files: tailwindcss_oxide::scanner: enter
2025-09-17T09:17:38.322213Z  INFO extract_candidates:read_all_files: tailwindcss_oxide::scanner: Reading 88 file(s)
2025-09-17T09:17:38.322656Z  INFO tailwindcss_oxide::scanner: Reading "C:\\Users\\P\\Desktop\\Shopify\\lazy-costume-store\\.cursor\\rules\\hydrogen-react-router.mdc"
2025-09-17T09:17:38.322654Z  INFO tailwindcss_oxide::scanner: Reading "C:\\Users\\P\\Desktop\\Shopify\\lazy-costume-store\\app\\routes\\($locale).account_.authorize.jsx"
2025-09-17T09:17:38.322723Z  INFO tailwindcss_oxide::scanner: Reading "C:\\Users\\P\\Desktop\\Shopify\\lazy-costume-store\\app\\entry.server.jsx"
2025-09-17T09:17:38.322777Z  INFO tailwindcss_oxide::scanner: Reading "C:\\Users\\P\\Desktop\\Shopify\\lazy-costume-store\\app\\routes\\($locale)._index.jsx"
2025-09-17T09:17:38.322799Z  INFO tailwindcss_oxide::scanner: Reading "C:\\Users\\P\\Desktop\\Shopify\\lazy-costume-store\\app\\routes\\($locale).account_.login.jsx"
2025-09-17T09:17:38.322787Z  INFO tailwindcss_oxide::scanner: Reading "C:\\Users\\P\\Desktop\\Shopify\\lazy-costume-store\\.graphqlrc.js"
2025-09-17T09:17:38.322847Z  INFO tailwindcss_oxide::scanner: Reading "C:\\Users\\P\\Desktop\\Shopify\\lazy-costume-store\\app\\graphql\\customer-account\\CustomerAddressMutations.js"
2025-09-17T09:17:38.322820Z  INFO tailwindcss_oxide::scanner: Reading "C:\\Users\\P\\Desktop\\Shopify\\lazy-costume-store\\app\\components\\PaginatedResourceSection.jsx"
2025-09-17T09:17:38.322902Z  INFO tailwindcss_oxide::scanner: Reading "C:\\Users\\P\\Desktop\\Shopify\\lazy-costume-store\\app\\routes\\($locale).account_.logout.jsx"
2025-09-17T09:17:38.322903Z  INFO tailwindcss_oxide::scanner: Reading "C:\\Users\\P\\Desktop\\Shopify\\lazy-costume-store\\app\\routes\\[robots.txt].jsx"
2025-09-17T09:17:38.322907Z  INFO tailwindcss_oxide::scanner: Reading "C:\\Users\\P\\Desktop\\Shopify\\lazy-costume-store\\app\\components\\CartLineItem.jsx"
2025-09-17T09:17:38.322936Z  INFO tailwindcss_oxide::scanner: Reading "C:\\Users\\P\\Desktop\\Shopify\\lazy-costume-store\\app\\assets\\favicon.svg"
2025-09-17T09:17:38.322959Z  INFO tailwindcss_oxide::scanner: Reading "C:\\Users\\P\\Desktop\\Shopify\\lazy-costume-store\\app\\graphql\\customer-account\\CustomerDetailsQuery.js"
2025-09-17T09:17:38.322990Z  INFO tailwindcss_oxide::scanner: Reading "C:\\Users\\P\\Desktop\\Shopify\\lazy-costume-store\\app\\components\\ProductForm.jsx"
2025-09-17T09:17:38.323040Z  INFO tailwindcss_oxide::scanner: Reading "C:\\Users\\P\\Desktop\\Shopify\\lazy-costume-store\\app\\routes.js"
2025-09-17T09:17:38.322998Z  INFO tailwindcss_oxide::scanner: Reading "C:\\Users\\P\\Desktop\\Shopify\\lazy-costume-store\\app\\routes\\($locale).api.$version.[graphql.json].jsx"
2025-09-17T09:17:38.323070Z  INFO tailwindcss_oxide::scanner: Reading "C:\\Users\\P\\Desktop\\Shopify\\lazy-costume-store\\app\\components\\CartMain.jsx"
2025-09-17T09:17:38.323109Z  INFO tailwindcss_oxide::scanner: Reading "C:\\Users\\P\\Desktop\\Shopify\\lazy-costume-store\\app\\components\\AddToCartButton.jsx"
2025-09-17T09:17:38.323135Z  INFO tailwindcss_oxide::scanner: Reading "C:\\Users\\P\\Desktop\\Shopify\\lazy-costume-store\\app\\components\\ProductGrid.jsx"
2025-09-17T09:17:38.323119Z  INFO tailwindcss_oxide::scanner: Reading "C:\\Users\\P\\Desktop\\Shopify\\lazy-costume-store\\app\\graphql\\customer-account\\CustomerOrderQuery.js"
2025-09-17T09:17:38.323194Z  INFO tailwindcss_oxide::scanner: Reading "C:\\Users\\P\\Desktop\\Shopify\\lazy-costume-store\\app\\routes\\($locale).blogs.$blogHandle.$articleHandle.jsx"
2025-09-17T09:17:38.323210Z  INFO tailwindcss_oxide::scanner: Reading "C:\\Users\\P\\Desktop\\Shopify\\lazy-costume-store\\app\\components\\Aside.jsx"
2025-09-17T09:17:38.323207Z  INFO tailwindcss_oxide::scanner: Reading "C:\\Users\\P\\Desktop\\Shopify\\lazy-costume-store\\app\\components\\CartSummary.jsx"
2025-09-17T09:17:38.323199Z  INFO tailwindcss_oxide::scanner: Reading "C:\\Users\\P\\Desktop\\Shopify\\lazy-costume-store\\CHANGELOG.md"
2025-09-17T09:17:38.323278Z  INFO tailwindcss_oxide::scanner: Reading "C:\\Users\\P\\Desktop\\Shopify\\lazy-costume-store\\app\\graphql\\customer-account\\CustomerOrdersQuery.js"
2025-09-17T09:17:38.323237Z  INFO tailwindcss_oxide::scanner: Reading "C:\\Users\\P\\Desktop\\Shopify\\lazy-costume-store\\app\\components\\ProductImage.jsx"
2025-09-17T09:17:38.323304Z  INFO tailwindcss_oxide::scanner: Reading "C:\\Users\\P\\Desktop\\Shopify\\lazy-costume-store\\app\\routes\\($locale).blogs.$blogHandle._index.jsx"
2025-09-17T09:17:38.323356Z  INFO tailwindcss_oxide::scanner: Reading "C:\\Users\\P\\Desktop\\Shopify\\lazy-costume-store\\app\\components\\Footer.jsx"
2025-09-17T09:17:38.323328Z  INFO tailwindcss_oxide::scanner: Reading "C:\\Users\\P\\Desktop\\Shopify\\lazy-costume-store\\app\\lib\\session.js"
2025-09-17T09:17:38.323394Z  INFO tailwindcss_oxide::scanner: Reading "C:\\Users\\P\\Desktop\\Shopify\\lazy-costume-store\\app\\graphql\\customer-account\\CustomerUpdateMutation.js"
2025-09-17T09:17:38.323417Z  INFO tailwindcss_oxide::scanner: Reading "C:\\Users\\P\\Desktop\\Shopify\\lazy-costume-store\\crypto.mjs"
2025-09-17T09:17:38.323427Z  INFO tailwindcss_oxide::scanner: Reading "C:\\Users\\P\\Desktop\\Shopify\\lazy-costume-store\\app\\components\\ProductItem.jsx"
2025-09-17T09:17:38.323454Z  INFO tailwindcss_oxide::scanner: Reading "C:\\Users\\P\\Desktop\\Shopify\\lazy-costume-store\\app\\routes\\($locale).blogs._index.jsx"
2025-09-17T09:17:38.323470Z  INFO tailwindcss_oxide::scanner: Reading "C:\\Users\\P\\Desktop\\Shopify\\lazy-costume-store\\app\\components\\Header.jsx"
2025-09-17T09:17:38.323493Z  INFO tailwindcss_oxide::scanner: Reading "C:\\Users\\P\\Desktop\\Shopify\\lazy-costume-store\\app\\lib\\variants.js"
2025-09-17T09:17:38.323515Z  INFO tailwindcss_oxide::scanner: Reading "C:\\Users\\P\\Desktop\\Shopify\\lazy-costume-store\\app\\lib\\context.js"
2025-09-17T09:17:38.323534Z  INFO tailwindcss_oxide::scanner: Reading "C:\\Users\\P\\Desktop\\Shopify\\lazy-costume-store\\customer-accountapi.generated.d.ts"
2025-09-17T09:17:38.323536Z  INFO tailwindcss_oxide::scanner: Reading "C:\\Users\\P\\Desktop\\Shopify\\lazy-costume-store\\app\\components\\ProductPrice.jsx"
2025-09-17T09:17:38.323594Z  INFO tailwindcss_oxide::scanner: Reading "C:\\Users\\P\\Desktop\\Shopify\\lazy-costume-store\\app\\root.jsx"
2025-09-17T09:17:38.323553Z  INFO tailwindcss_oxide::scanner: Reading "C:\\Users\\P\\Desktop\\Shopify\\lazy-costume-store\\app\\routes\\($locale).cart.$lines.jsx"
2025-09-17T09:17:38.323617Z  INFO tailwindcss_oxide::scanner: Reading "C:\\Users\\P\\Desktop\\Shopify\\lazy-costume-store\\app\\components\\PageLayout.jsx"
2025-09-17T09:17:38.323669Z  INFO tailwindcss_oxide::scanner: Reading "C:\\Users\\P\\Desktop\\Shopify\\lazy-costume-store\\app\\components\\SearchForm.jsx"
2025-09-17T09:17:38.323655Z  INFO tailwindcss_oxide::scanner: Reading "C:\\Users\\P\\Desktop\\Shopify\\lazy-costume-store\\env.d.ts"
2025-09-17T09:17:38.323626Z  INFO tailwindcss_oxide::scanner: Reading "C:\\Users\\P\\Desktop\\Shopify\\lazy-costume-store\\app\\lib\\fragments.js"
2025-09-17T09:17:38.323696Z  INFO tailwindcss_oxide::scanner: Reading "C:\\Users\\P\\Desktop\\Shopify\\lazy-costume-store\\app\\routes\\($locale).$.jsx"
2025-09-17T09:17:38.323732Z  INFO tailwindcss_oxide::scanner: Reading "C:\\Users\\P\\Desktop\\Shopify\\lazy-costume-store\\app\\routes\\($locale).cart.jsx"
2025-09-17T09:17:38.323760Z  INFO tailwindcss_oxide::scanner: Reading "C:\\Users\\P\\Desktop\\Shopify\\lazy-costume-store\\app\\components\\SearchResults.jsx"
2025-09-17T09:17:38.323830Z  INFO tailwindcss_oxide::scanner: Reading "C:\\Users\\P\\Desktop\\Shopify\\lazy-costume-store\\eslint.config.js"
2025-09-17T09:17:38.323776Z  INFO tailwindcss_oxide::scanner: Reading "C:\\Users\\P\\Desktop\\Shopify\\lazy-costume-store\\app\\components\\SearchFormPredictive.jsx"
2025-09-17T09:17:38.323839Z  INFO tailwindcss_oxide::scanner: Reading "C:\\Users\\P\\Desktop\\Shopify\\lazy-costume-store\\app\\lib\\i18n.js"
2025-09-17T09:17:38.323859Z  INFO tailwindcss_oxide::scanner: Reading "C:\\Users\\P\\Desktop\\Shopify\\lazy-costume-store\\app\\routes\\($locale).account.$.jsx"
2025-09-17T09:17:38.323873Z  INFO tailwindcss_oxide::scanner: Reading "C:\\Users\\P\\Desktop\\Shopify\\lazy-costume-store\\app\\routes\\($locale).collections.$handle.jsx"
2025-09-17T09:17:38.323911Z  INFO tailwindcss_oxide::scanner: Reading "C:\\Users\\P\\Desktop\\Shopify\\lazy-costume-store\\app\\components\\SearchResultsPredictive.jsx"
2025-09-17T09:17:38.324117Z  INFO tailwindcss_oxide::scanner: Reading "C:\\Users\\P\\Desktop\\Shopify\\lazy-costume-store\\app\\routes\\($locale).account.addresses.jsx"
2025-09-17T09:17:38.324135Z  INFO tailwindcss_oxide::scanner: Reading "C:\\Users\\P\\Desktop\\Shopify\\lazy-costume-store\\app\\lib\\redirect.js"
2025-09-17T09:17:38.323953Z  INFO tailwindcss_oxide::scanner: Reading "C:\\Users\\P\\Desktop\\Shopify\\lazy-costume-store\\guides\\predictiveSearch\\predictiveSearch.md"
2025-09-17T09:17:38.324217Z  INFO tailwindcss_oxide::scanner: Reading "C:\\Users\\P\\Desktop\\Shopify\\lazy-costume-store\\app\\entry.client.jsx"
2025-09-17T09:17:38.324245Z  INFO tailwindcss_oxide::scanner: Reading "C:\\Users\\P\\Desktop\\Shopify\\lazy-costume-store\\app\\routes\\($locale).account.jsx"
2025-09-17T09:17:38.324301Z  INFO tailwindcss_oxide::scanner: Reading "C:\\Users\\P\\Desktop\\Shopify\\lazy-costume-store\\guides\\search\\search.md"
2025-09-17T09:17:38.324315Z  INFO tailwindcss_oxide::scanner: Reading "C:\\Users\\P\\Desktop\\Shopify\\lazy-costume-store\\app\\routes\\($locale).policies._index.jsx"
2025-09-17T09:17:38.324335Z  INFO tailwindcss_oxide::scanner: Reading "C:\\Users\\P\\Desktop\\Shopify\\lazy-costume-store\\app\\routes\\($locale).collections._index.jsx"
2025-09-17T09:17:38.324040Z  INFO tailwindcss_oxide::scanner: Reading "C:\\Users\\P\\Desktop\\Shopify\\lazy-costume-store\\app\\routes\\($locale).collections.all.jsx"
2025-09-17T09:17:38.324413Z  INFO tailwindcss_oxide::scanner: Reading "C:\\Users\\P\\Desktop\\Shopify\\lazy-costume-store\\app\\routes\\($locale).products.$handle.jsx"
2025-09-17T09:17:38.324419Z  INFO tailwindcss_oxide::scanner: Reading "C:\\Users\\P\\Desktop\\Shopify\\lazy-costume-store\\index.js"
2025-09-17T09:17:38.324445Z  INFO tailwindcss_oxide::scanner: Reading "C:\\Users\\P\\Desktop\\Shopify\\lazy-costume-store\\app\\routes\\($locale).discount.$code.jsx"
2025-09-17T09:17:38.324458Z  INFO tailwindcss_oxide::scanner: Reading "C:\\Users\\P\\Desktop\\Shopify\\lazy-costume-store\\app\\routes\\($locale).account.orders._index.jsx"
2025-09-17T09:17:38.324526Z  INFO tailwindcss_oxide::scanner: Reading "C:\\Users\\P\\Desktop\\Shopify\\lazy-costume-store\\jsconfig.json"
2025-09-17T09:17:38.324543Z  INFO tailwindcss_oxide::scanner: Reading "C:\\Users\\P\\Desktop\\Shopify\\lazy-costume-store\\app\\routes\\($locale).jsx"
2025-09-17T09:17:38.324249Z  INFO tailwindcss_oxide::scanner: Reading "C:\\Users\\P\\Desktop\\Shopify\\lazy-costume-store\\app\\lib\\search.js"
2025-09-17T09:17:38.324600Z  INFO tailwindcss_oxide::scanner: Reading "C:\\Users\\P\\Desktop\\Shopify\\lazy-costume-store\\app\\routes\\($locale).products._index.jsx"
2025-09-17T09:17:38.324626Z  INFO tailwindcss_oxide::scanner: Reading "C:\\Users\\P\\Desktop\\Shopify\\lazy-costume-store\\package.json"
2025-09-17T09:17:38.324638Z  INFO tailwindcss_oxide::scanner: Reading "C:\\Users\\P\\Desktop\\Shopify\\lazy-costume-store\\app\\routes\\($locale).pages.$handle.jsx"
2025-09-17T09:17:38.324700Z  INFO tailwindcss_oxide::scanner: Reading "C:\\Users\\P\\Desktop\\Shopify\\lazy-costume-store\\app\\routes\\($locale).search.jsx"
2025-09-17T09:17:38.324578Z  INFO tailwindcss_oxide::scanner: Reading "C:\\Users\\P\\Desktop\\Shopify\\lazy-costume-store\\app\\routes\\($locale).account.profile.jsx"
2025-09-17T09:17:38.324728Z  INFO tailwindcss_oxide::scanner: Reading "C:\\Users\\P\\Desktop\\Shopify\\lazy-costume-store\\app\\routes\\($locale).policies.$handle.jsx"
2025-09-17T09:17:38.324758Z  INFO tailwindcss_oxide::scanner: Reading "C:\\Users\\P\\Desktop\\Shopify\\lazy-costume-store\\server.js"
2025-09-17T09:17:38.324768Z  INFO tailwindcss_oxide::scanner: Reading "C:\\Users\\P\\Desktop\\Shopify\\lazy-costume-store\\public\\.gitkeep"
2025-09-17T09:17:38.324800Z  INFO tailwindcss_oxide::scanner: Reading "C:\\Users\\P\\Desktop\\Shopify\\lazy-costume-store\\app\\routes\\($locale).sitemap.$type.$page[.xml].jsx"
2025-09-17T09:17:38.324834Z  INFO tailwindcss_oxide::scanner: Reading "C:\\Users\\P\\Desktop\\Shopify\\lazy-costume-store\\app\\routes\\($locale).account._index.jsx"
2025-09-17T09:17:38.324845Z  INFO tailwindcss_oxide::scanner: Reading "C:\\Users\\P\\Desktop\\Shopify\\lazy-costume-store\\react-router.config.js"
2025-09-17T09:17:38.324875Z  INFO tailwindcss_oxide::scanner: Reading "C:\\Users\\P\\Desktop\\Shopify\\lazy-costume-store\\server.mjs"
2025-09-17T09:17:38.324950Z  INFO tailwindcss_oxide::scanner: Reading "C:\\Users\\P\\Desktop\\Shopify\\lazy-costume-store\\streams.mjs"
2025-09-17T09:17:38.324896Z  INFO tailwindcss_oxide::scanner: Reading "C:\\Users\\P\\Desktop\\Shopify\\lazy-costume-store\\app\\routes\\($locale).[sitemap.xml].jsx"
2025-09-17T09:17:38.324904Z  INFO tailwindcss_oxide::scanner: Reading "C:\\Users\\P\\Desktop\\Shopify\\lazy-costume-store\\README.md"
2025-09-17T09:17:38.324349Z  INFO tailwindcss_oxide::scanner: Reading "C:\\Users\\P\\Desktop\\Shopify\\lazy-costume-store\\app\\routes\\($locale).account.orders.$id.jsx"
2025-09-17T09:17:38.325044Z  INFO tailwindcss_oxide::scanner: Reading "C:\\Users\\P\\Desktop\\Shopify\\lazy-costume-store\\storefrontapi.generated.d.ts"
2025-09-17T09:17:38.325043Z  INFO tailwindcss_oxide::scanner: Reading "C:\\Users\\P\\Desktop\\Shopify\\lazy-costume-store\\test.mjs"
2025-09-17T09:17:38.325061Z  INFO tailwindcss_oxide::scanner: Reading "C:\\Users\\P\\Desktop\\Shopify\\lazy-costume-store\\vite.config.js"
2025-09-17T09:17:38.325368Z  INFO extract_candidates:read_all_files: tailwindcss_oxide::scanner: exit
2025-09-17T09:17:38.325420Z  INFO extract_candidates:parse_all_blobs: tailwindcss_oxide::scanner: enter
2025-09-17T09:17:38.325443Z  INFO extract_candidates:parse_all_blobs:extract: tailwindcss_oxide::scanner: enter
2025-09-17T09:17:38.327890Z  INFO extract_candidates:parse_all_blobs:extract: tailwindcss_oxide::scanner: exit
2025-09-17T09:17:38.327941Z  INFO extract_candidates:parse_all_blobs: tailwindcss_oxide::scanner: exit
2025-09-17T09:17:38.327959Z  INFO extract_candidates:read_all_files: tailwindcss_oxide::scanner: enter
2025-09-17T09:17:38.327971Z  INFO extract_candidates:read_all_files: tailwindcss_oxide::scanner: Reading 3 file(s)
2025-09-17T09:17:38.328162Z  INFO tailwindcss_oxide::scanner: Reading "C:\\Users\\P\\Desktop\\Shopify\\lazy-costume-store\\app\\styles\\app.css"
2025-09-17T09:17:38.328162Z  INFO tailwindcss_oxide::scanner: Reading "C:\\Users\\P\\Desktop\\Shopify\\lazy-costume-store\\app\\styles\\tailwind.css"
2025-09-17T09:17:38.328176Z  INFO tailwindcss_oxide::scanner: Reading "C:\\Users\\P\\Desktop\\Shopify\\lazy-costume-store\\app\\styles\\reset.css"
2025-09-17T09:17:38.328355Z  INFO extract_candidates:read_all_files: tailwindcss_oxide::scanner: exit
2025-09-17T09:17:38.328380Z  INFO extract_candidates:extract_css_variables: tailwindcss_oxide::scanner: enter
2025-09-17T09:17:38.328393Z  INFO extract_candidates:extract_css_variables:extract: tailwindcss_oxide::scanner: enter
2025-09-17T09:17:38.328524Z  INFO extract_candidates:extract_css_variables:extract: tailwindcss_oxide::scanner: exit
2025-09-17T09:17:38.328546Z  INFO extract_candidates:extract_css_variables: tailwindcss_oxide::scanner: exit
2025-09-17T09:17:38.328986Z  INFO extract_candidates: tailwindcss_oxide::scanner: exit
2025-09-17T09:17:38.330117Z  INFO get_files: tailwindcss_oxide::scanner: enter
2025-09-17T09:17:38.330138Z  INFO get_files:scan_sources: tailwindcss_oxide::scanner: enter
2025-09-17T09:17:38.331844Z  INFO get_files:scan_sources: tailwindcss_oxide::scanner: Discovering "C:\\Users\\P\\Desktop\\Shopify\\lazy-costume-store\\.cursor"
2025-09-17T09:17:38.332139Z  INFO get_files:scan_sources: tailwindcss_oxide::scanner: Discovering "C:\\Users\\P\\Desktop\\Shopify\\lazy-costume-store\\.cursor\\rules"
2025-09-17T09:17:38.332830Z  INFO get_files:scan_sources: tailwindcss_oxide::scanner: Discovering "C:\\Users\\P\\Desktop\\Shopify\\lazy-costume-store\\.hydrogen"
2025-09-17T09:17:38.333111Z  INFO get_files:scan_sources: tailwindcss_oxide::scanner: Discovering "C:\\Users\\P\\Desktop\\Shopify\\lazy-costume-store\\.hydrogen\\commands"
2025-09-17T09:17:38.333799Z  INFO get_files:scan_sources: tailwindcss_oxide::scanner: Discovering "C:\\Users\\P\\Desktop\\Shopify\\lazy-costume-store\\app"
2025-09-17T09:17:38.334087Z  INFO get_files:scan_sources: tailwindcss_oxide::scanner: Discovering "C:\\Users\\P\\Desktop\\Shopify\\lazy-costume-store\\app\\assets"
2025-09-17T09:17:38.334445Z  INFO get_files:scan_sources: tailwindcss_oxide::scanner: Discovering "C:\\Users\\P\\Desktop\\Shopify\\lazy-costume-store\\app\\components"
2025-09-17T09:17:38.335797Z  INFO get_files:scan_sources: tailwindcss_oxide::scanner: Discovering "C:\\Users\\P\\Desktop\\Shopify\\lazy-costume-store\\app\\graphql"
2025-09-17T09:17:38.336079Z  INFO get_files:scan_sources: tailwindcss_oxide::scanner: Discovering "C:\\Users\\P\\Desktop\\Shopify\\lazy-costume-store\\app\\graphql\\customer-account"
2025-09-17T09:17:38.336666Z  INFO get_files:scan_sources: tailwindcss_oxide::scanner: Discovering "C:\\Users\\P\\Desktop\\Shopify\\lazy-costume-store\\app\\lib"
2025-09-17T09:17:38.337390Z  INFO get_files:scan_sources: tailwindcss_oxide::scanner: Discovering "C:\\Users\\P\\Desktop\\Shopify\\lazy-costume-store\\app\\routes"
2025-09-17T09:17:38.339456Z  INFO get_files:scan_sources: tailwindcss_oxide::scanner: Discovering "C:\\Users\\P\\Desktop\\Shopify\\lazy-costume-store\\app\\styles"
2025-09-17T09:17:38.340403Z  INFO get_files:scan_sources: tailwindcss_oxide::scanner: Discovering "C:\\Users\\P\\Desktop\\Shopify\\lazy-costume-store\\guides"
2025-09-17T09:17:38.340677Z  INFO get_files:scan_sources: tailwindcss_oxide::scanner: Discovering "C:\\Users\\P\\Desktop\\Shopify\\lazy-costume-store\\guides\\predictiveSearch"
2025-09-17T09:17:38.341218Z  INFO get_files:scan_sources: tailwindcss_oxide::scanner: Discovering "C:\\Users\\P\\Desktop\\Shopify\\lazy-costume-store\\guides\\search"
2025-09-17T09:17:38.342094Z  INFO get_files:scan_sources: tailwindcss_oxide::scanner: Discovering "C:\\Users\\P\\Desktop\\Shopify\\lazy-costume-store\\public"
2025-09-17T09:17:38.342891Z  INFO get_files:scan_sources: tailwindcss_oxide::scanner: exit
2025-09-17T09:17:38.342999Z  INFO get_files: tailwindcss_oxide::scanner: exit
2025-09-17T09:17:38.343310Z  INFO get_globs: tailwindcss_oxide::scanner: enter
2025-09-17T09:17:38.343333Z  INFO get_globs:scan_sources: tailwindcss_oxide::scanner: enter
2025-09-17T09:17:38.345070Z  INFO get_globs:scan_sources: tailwindcss_oxide::scanner: Discovering "C:\\Users\\P\\Desktop\\Shopify\\lazy-costume-store\\.cursor"
2025-09-17T09:17:38.345354Z  INFO get_globs:scan_sources: tailwindcss_oxide::scanner: Discovering "C:\\Users\\P\\Desktop\\Shopify\\lazy-costume-store\\.cursor\\rules"
2025-09-17T09:17:38.346038Z  INFO get_globs:scan_sources: tailwindcss_oxide::scanner: Discovering "C:\\Users\\P\\Desktop\\Shopify\\lazy-costume-store\\.hydrogen"
2025-09-17T09:17:38.346322Z  INFO get_globs:scan_sources: tailwindcss_oxide::scanner: Discovering "C:\\Users\\P\\Desktop\\Shopify\\lazy-costume-store\\.hydrogen\\commands"
2025-09-17T09:17:38.347025Z  INFO get_globs:scan_sources: tailwindcss_oxide::scanner: Discovering "C:\\Users\\P\\Desktop\\Shopify\\lazy-costume-store\\app"
2025-09-17T09:17:38.347321Z  INFO get_globs:scan_sources: tailwindcss_oxide::scanner: Discovering "C:\\Users\\P\\Desktop\\Shopify\\lazy-costume-store\\app\\assets"
2025-09-17T09:17:38.347688Z  INFO get_globs:scan_sources: tailwindcss_oxide::scanner: Discovering "C:\\Users\\P\\Desktop\\Shopify\\lazy-costume-store\\app\\components"
2025-09-17T09:17:38.349054Z  INFO get_globs:scan_sources: tailwindcss_oxide::scanner: Discovering "C:\\Users\\P\\Desktop\\Shopify\\lazy-costume-store\\app\\graphql"
2025-09-17T09:17:38.349332Z  INFO get_globs:scan_sources: tailwindcss_oxide::scanner: Discovering "C:\\Users\\P\\Desktop\\Shopify\\lazy-costume-store\\app\\graphql\\customer-account"
2025-09-17T09:17:38.349926Z  INFO get_globs:scan_sources: tailwindcss_oxide::scanner: Discovering "C:\\Users\\P\\Desktop\\Shopify\\lazy-costume-store\\app\\lib"
2025-09-17T09:17:38.350647Z  INFO get_globs:scan_sources: tailwindcss_oxide::scanner: Discovering "C:\\Users\\P\\Desktop\\Shopify\\lazy-costume-store\\app\\routes"
2025-09-17T09:17:38.352710Z  INFO get_globs:scan_sources: tailwindcss_oxide::scanner: Discovering "C:\\Users\\P\\Desktop\\Shopify\\lazy-costume-store\\app\\styles"
2025-09-17T09:17:38.353662Z  INFO get_globs:scan_sources: tailwindcss_oxide::scanner: Discovering "C:\\Users\\P\\Desktop\\Shopify\\lazy-costume-store\\guides"
2025-09-17T09:17:38.353941Z  INFO get_globs:scan_sources: tailwindcss_oxide::scanner: Discovering "C:\\Users\\P\\Desktop\\Shopify\\lazy-costume-store\\guides\\predictiveSearch"
2025-09-17T09:17:38.354301Z  INFO get_globs:scan_sources: tailwindcss_oxide::scanner: Discovering "C:\\Users\\P\\Desktop\\Shopify\\lazy-costume-store\\guides\\search"
2025-09-17T09:17:38.355075Z  INFO get_globs:scan_sources: tailwindcss_oxide::scanner: Discovering "C:\\Users\\P\\Desktop\\Shopify\\lazy-costume-store\\public"
2025-09-17T09:17:38.355800Z  INFO get_globs:scan_sources: tailwindcss_oxide::scanner: exit
2025-09-17T09:17:38.373063Z  INFO get_globs: tailwindcss_oxide::scanner: exit
