2025-09-17T09:18:30.507223Z  INFO tailwindcss_oxide::scanner: Provided sources:
2025-09-17T09:18:30.507353Z  INFO tailwindcss_oxide::scanner: Source: PublicSourceEntry { base: "C:/Users/P/Desktop/Shopify/lazy-costume-store", pattern: "**/*", negated: false }
2025-09-17T09:18:30.507580Z  INFO tailwindcss_oxide::scanner: Optimized sources:
2025-09-17T09:18:30.507612Z  INFO tailwindcss_oxide::scanner: Source: Auto { base: "C:\\Users\\P\\Desktop\\Shopify\\lazy-costume-store" }
2025-09-17T09:18:30.515230Z  INFO tailwindcss_oxide::scanner: Provided sources:
2025-09-17T09:18:30.515281Z  INFO tailwindcss_oxide::scanner: Source: PublicSourceEntry { base: "C:/Users/P/Desktop/Shopify/lazy-costume-store", pattern: "**/*", negated: false }
2025-09-17T09:18:30.515621Z  INFO tailwindcss_oxide::scanner: Optimized sources:
2025-09-17T09:18:30.515643Z  INFO tailwindcss_oxide::scanner: Source: Auto { base: "C:\\Users\\P\\Desktop\\Shopify\\lazy-costume-store" }
2025-09-17T09:18:30.633923Z  INFO tailwindcss_oxide::scanner: Provided sources:
2025-09-17T09:18:30.633958Z  INFO tailwindcss_oxide::scanner: Source: PublicSourceEntry { base: "C:/Users/P/Desktop/Shopify/lazy-costume-store", pattern: "**/*", negated: false }
2025-09-17T09:18:30.634114Z  INFO tailwindcss_oxide::scanner: Optimized sources:
2025-09-17T09:18:30.634135Z  INFO tailwindcss_oxide::scanner: Source: Auto { base: "C:\\Users\\P\\Desktop\\Shopify\\lazy-costume-store" }
2025-09-17T09:18:30.634332Z  INFO scan_sources: tailwindcss_oxide::scanner: enter
2025-09-17T09:18:30.636561Z  INFO scan_sources: tailwindcss_oxide::scanner: Discovering "C:\\Users\\P\\Desktop\\Shopify\\lazy-costume-store\\.cursor"
2025-09-17T09:18:30.636886Z  INFO scan_sources: tailwindcss_oxide::scanner: Discovering "C:\\Users\\P\\Desktop\\Shopify\\lazy-costume-store\\.cursor\\rules"
2025-09-17T09:18:30.637159Z  INFO scan_sources: tailwindcss_oxide::scanner: Discovering "C:\\Users\\P\\Desktop\\Shopify\\lazy-costume-store\\.cursor\\rules\\hydrogen-react-router.mdc"
2025-09-17T09:18:30.637568Z  INFO scan_sources: tailwindcss_oxide::scanner: Discovering "C:\\Users\\P\\Desktop\\Shopify\\lazy-costume-store\\.graphqlrc.js"
2025-09-17T09:18:30.637759Z  INFO scan_sources: tailwindcss_oxide::scanner: Discovering "C:\\Users\\P\\Desktop\\Shopify\\lazy-costume-store\\.hydrogen"
2025-09-17T09:18:30.638032Z  INFO scan_sources: tailwindcss_oxide::scanner: Discovering "C:\\Users\\P\\Desktop\\Shopify\\lazy-costume-store\\.hydrogen\\commands"
2025-09-17T09:18:30.638842Z  INFO scan_sources: tailwindcss_oxide::scanner: Discovering "C:\\Users\\P\\Desktop\\Shopify\\lazy-costume-store\\app"
2025-09-17T09:18:30.639130Z  INFO scan_sources: tailwindcss_oxide::scanner: Discovering "C:\\Users\\P\\Desktop\\Shopify\\lazy-costume-store\\app\\assets"
2025-09-17T09:18:30.639343Z  INFO scan_sources: tailwindcss_oxide::scanner: Discovering "C:\\Users\\P\\Desktop\\Shopify\\lazy-costume-store\\app\\assets\\favicon.svg"
2025-09-17T09:18:30.639554Z  INFO scan_sources: tailwindcss_oxide::scanner: Discovering "C:\\Users\\P\\Desktop\\Shopify\\lazy-costume-store\\app\\components"
2025-09-17T09:18:30.639782Z  INFO scan_sources: tailwindcss_oxide::scanner: Discovering "C:\\Users\\P\\Desktop\\Shopify\\lazy-costume-store\\app\\components\\AddToCartButton.jsx"
2025-09-17T09:18:30.639904Z  INFO scan_sources: tailwindcss_oxide::scanner: Discovering "C:\\Users\\P\\Desktop\\Shopify\\lazy-costume-store\\app\\components\\Aside.jsx"
2025-09-17T09:18:30.640027Z  INFO scan_sources: tailwindcss_oxide::scanner: Discovering "C:\\Users\\P\\Desktop\\Shopify\\lazy-costume-store\\app\\components\\CartLineItem.jsx"
2025-09-17T09:18:30.640154Z  INFO scan_sources: tailwindcss_oxide::scanner: Discovering "C:\\Users\\P\\Desktop\\Shopify\\lazy-costume-store\\app\\components\\CartMain.jsx"
2025-09-17T09:18:30.640269Z  INFO scan_sources: tailwindcss_oxide::scanner: Discovering "C:\\Users\\P\\Desktop\\Shopify\\lazy-costume-store\\app\\components\\CartSummary.jsx"
2025-09-17T09:18:30.640381Z  INFO scan_sources: tailwindcss_oxide::scanner: Discovering "C:\\Users\\P\\Desktop\\Shopify\\lazy-costume-store\\app\\components\\Footer.jsx"
2025-09-17T09:18:30.640537Z  INFO scan_sources: tailwindcss_oxide::scanner: Discovering "C:\\Users\\P\\Desktop\\Shopify\\lazy-costume-store\\app\\components\\Header.jsx"
2025-09-17T09:18:30.640650Z  INFO scan_sources: tailwindcss_oxide::scanner: Discovering "C:\\Users\\P\\Desktop\\Shopify\\lazy-costume-store\\app\\components\\PageLayout.jsx"
2025-09-17T09:18:30.640766Z  INFO scan_sources: tailwindcss_oxide::scanner: Discovering "C:\\Users\\P\\Desktop\\Shopify\\lazy-costume-store\\app\\components\\PaginatedResourceSection.jsx"
2025-09-17T09:18:30.640884Z  INFO scan_sources: tailwindcss_oxide::scanner: Discovering "C:\\Users\\P\\Desktop\\Shopify\\lazy-costume-store\\app\\components\\ProductForm.jsx"
2025-09-17T09:18:30.640995Z  INFO scan_sources: tailwindcss_oxide::scanner: Discovering "C:\\Users\\P\\Desktop\\Shopify\\lazy-costume-store\\app\\components\\ProductGrid.jsx"
2025-09-17T09:18:30.641110Z  INFO scan_sources: tailwindcss_oxide::scanner: Discovering "C:\\Users\\P\\Desktop\\Shopify\\lazy-costume-store\\app\\components\\ProductImage.jsx"
2025-09-17T09:18:30.641220Z  INFO scan_sources: tailwindcss_oxide::scanner: Discovering "C:\\Users\\P\\Desktop\\Shopify\\lazy-costume-store\\app\\components\\ProductItem.jsx"
2025-09-17T09:18:30.641329Z  INFO scan_sources: tailwindcss_oxide::scanner: Discovering "C:\\Users\\P\\Desktop\\Shopify\\lazy-costume-store\\app\\components\\ProductPrice.jsx"
2025-09-17T09:18:30.641441Z  INFO scan_sources: tailwindcss_oxide::scanner: Discovering "C:\\Users\\P\\Desktop\\Shopify\\lazy-costume-store\\app\\components\\SearchForm.jsx"
2025-09-17T09:18:30.641552Z  INFO scan_sources: tailwindcss_oxide::scanner: Discovering "C:\\Users\\P\\Desktop\\Shopify\\lazy-costume-store\\app\\components\\SearchFormPredictive.jsx"
2025-09-17T09:18:30.641674Z  INFO scan_sources: tailwindcss_oxide::scanner: Discovering "C:\\Users\\P\\Desktop\\Shopify\\lazy-costume-store\\app\\components\\SearchResults.jsx"
2025-09-17T09:18:30.641784Z  INFO scan_sources: tailwindcss_oxide::scanner: Discovering "C:\\Users\\P\\Desktop\\Shopify\\lazy-costume-store\\app\\components\\SearchResultsPredictive.jsx"
2025-09-17T09:18:30.641931Z  INFO scan_sources: tailwindcss_oxide::scanner: Discovering "C:\\Users\\P\\Desktop\\Shopify\\lazy-costume-store\\app\\entry.client.jsx"
2025-09-17T09:18:30.642045Z  INFO scan_sources: tailwindcss_oxide::scanner: Discovering "C:\\Users\\P\\Desktop\\Shopify\\lazy-costume-store\\app\\entry.server.jsx"
2025-09-17T09:18:30.642232Z  INFO scan_sources: tailwindcss_oxide::scanner: Discovering "C:\\Users\\P\\Desktop\\Shopify\\lazy-costume-store\\app\\graphql"
2025-09-17T09:18:30.642520Z  INFO scan_sources: tailwindcss_oxide::scanner: Discovering "C:\\Users\\P\\Desktop\\Shopify\\lazy-costume-store\\app\\graphql\\customer-account"
2025-09-17T09:18:30.642833Z  INFO scan_sources: tailwindcss_oxide::scanner: Discovering "C:\\Users\\P\\Desktop\\Shopify\\lazy-costume-store\\app\\graphql\\customer-account\\CustomerAddressMutations.js"
2025-09-17T09:18:30.642994Z  INFO scan_sources: tailwindcss_oxide::scanner: Discovering "C:\\Users\\P\\Desktop\\Shopify\\lazy-costume-store\\app\\graphql\\customer-account\\CustomerDetailsQuery.js"
2025-09-17T09:18:30.643142Z  INFO scan_sources: tailwindcss_oxide::scanner: Discovering "C:\\Users\\P\\Desktop\\Shopify\\lazy-costume-store\\app\\graphql\\customer-account\\CustomerOrderQuery.js"
2025-09-17T09:18:30.643321Z  INFO scan_sources: tailwindcss_oxide::scanner: Discovering "C:\\Users\\P\\Desktop\\Shopify\\lazy-costume-store\\app\\graphql\\customer-account\\CustomerOrdersQuery.js"
2025-09-17T09:18:30.643489Z  INFO scan_sources: tailwindcss_oxide::scanner: Discovering "C:\\Users\\P\\Desktop\\Shopify\\lazy-costume-store\\app\\graphql\\customer-account\\CustomerUpdateMutation.js"
2025-09-17T09:18:30.644122Z  INFO scan_sources: tailwindcss_oxide::scanner: Discovering "C:\\Users\\P\\Desktop\\Shopify\\lazy-costume-store\\app\\lib"
2025-09-17T09:18:30.644543Z  INFO scan_sources: tailwindcss_oxide::scanner: Discovering "C:\\Users\\P\\Desktop\\Shopify\\lazy-costume-store\\app\\lib\\context.js"
2025-09-17T09:18:30.644788Z  INFO scan_sources: tailwindcss_oxide::scanner: Discovering "C:\\Users\\P\\Desktop\\Shopify\\lazy-costume-store\\app\\lib\\fragments.js"
2025-09-17T09:18:30.644953Z  INFO scan_sources: tailwindcss_oxide::scanner: Discovering "C:\\Users\\P\\Desktop\\Shopify\\lazy-costume-store\\app\\lib\\i18n.js"
2025-09-17T09:18:30.645116Z  INFO scan_sources: tailwindcss_oxide::scanner: Discovering "C:\\Users\\P\\Desktop\\Shopify\\lazy-costume-store\\app\\lib\\redirect.js"
2025-09-17T09:18:30.645258Z  INFO scan_sources: tailwindcss_oxide::scanner: Discovering "C:\\Users\\P\\Desktop\\Shopify\\lazy-costume-store\\app\\lib\\search.js"
2025-09-17T09:18:30.645381Z  INFO scan_sources: tailwindcss_oxide::scanner: Discovering "C:\\Users\\P\\Desktop\\Shopify\\lazy-costume-store\\app\\lib\\session.js"
2025-09-17T09:18:30.645503Z  INFO scan_sources: tailwindcss_oxide::scanner: Discovering "C:\\Users\\P\\Desktop\\Shopify\\lazy-costume-store\\app\\lib\\variants.js"
2025-09-17T09:18:30.645680Z  INFO scan_sources: tailwindcss_oxide::scanner: Discovering "C:\\Users\\P\\Desktop\\Shopify\\lazy-costume-store\\app\\root.jsx"
2025-09-17T09:18:30.645926Z  INFO scan_sources: tailwindcss_oxide::scanner: Discovering "C:\\Users\\P\\Desktop\\Shopify\\lazy-costume-store\\app\\routes"
2025-09-17T09:18:30.646266Z  INFO scan_sources: tailwindcss_oxide::scanner: Discovering "C:\\Users\\P\\Desktop\\Shopify\\lazy-costume-store\\app\\routes\\($locale).$.jsx"
2025-09-17T09:18:30.646403Z  INFO scan_sources: tailwindcss_oxide::scanner: Discovering "C:\\Users\\P\\Desktop\\Shopify\\lazy-costume-store\\app\\routes\\($locale).account.$.jsx"
2025-09-17T09:18:30.646552Z  INFO scan_sources: tailwindcss_oxide::scanner: Discovering "C:\\Users\\P\\Desktop\\Shopify\\lazy-costume-store\\app\\routes\\($locale).account.addresses.jsx"
2025-09-17T09:18:30.646699Z  INFO scan_sources: tailwindcss_oxide::scanner: Discovering "C:\\Users\\P\\Desktop\\Shopify\\lazy-costume-store\\app\\routes\\($locale).account.jsx"
2025-09-17T09:18:30.646823Z  INFO scan_sources: tailwindcss_oxide::scanner: Discovering "C:\\Users\\P\\Desktop\\Shopify\\lazy-costume-store\\app\\routes\\($locale).account.orders.$id.jsx"
2025-09-17T09:18:30.646943Z  INFO scan_sources: tailwindcss_oxide::scanner: Discovering "C:\\Users\\P\\Desktop\\Shopify\\lazy-costume-store\\app\\routes\\($locale).account.orders._index.jsx"
2025-09-17T09:18:30.647063Z  INFO scan_sources: tailwindcss_oxide::scanner: Discovering "C:\\Users\\P\\Desktop\\Shopify\\lazy-costume-store\\app\\routes\\($locale).account.profile.jsx"
2025-09-17T09:18:30.647179Z  INFO scan_sources: tailwindcss_oxide::scanner: Discovering "C:\\Users\\P\\Desktop\\Shopify\\lazy-costume-store\\app\\routes\\($locale).account._index.jsx"
2025-09-17T09:18:30.647296Z  INFO scan_sources: tailwindcss_oxide::scanner: Discovering "C:\\Users\\P\\Desktop\\Shopify\\lazy-costume-store\\app\\routes\\($locale).account_.authorize.jsx"
2025-09-17T09:18:30.647416Z  INFO scan_sources: tailwindcss_oxide::scanner: Discovering "C:\\Users\\P\\Desktop\\Shopify\\lazy-costume-store\\app\\routes\\($locale).account_.login.jsx"
2025-09-17T09:18:30.647533Z  INFO scan_sources: tailwindcss_oxide::scanner: Discovering "C:\\Users\\P\\Desktop\\Shopify\\lazy-costume-store\\app\\routes\\($locale).account_.logout.jsx"
2025-09-17T09:18:30.647654Z  INFO scan_sources: tailwindcss_oxide::scanner: Discovering "C:\\Users\\P\\Desktop\\Shopify\\lazy-costume-store\\app\\routes\\($locale).api.$version.[graphql.json].jsx"
2025-09-17T09:18:30.647784Z  INFO scan_sources: tailwindcss_oxide::scanner: Discovering "C:\\Users\\P\\Desktop\\Shopify\\lazy-costume-store\\app\\routes\\($locale).blogs.$blogHandle.$articleHandle.jsx"
2025-09-17T09:18:30.647901Z  INFO scan_sources: tailwindcss_oxide::scanner: Discovering "C:\\Users\\P\\Desktop\\Shopify\\lazy-costume-store\\app\\routes\\($locale).blogs.$blogHandle._index.jsx"
2025-09-17T09:18:30.648017Z  INFO scan_sources: tailwindcss_oxide::scanner: Discovering "C:\\Users\\P\\Desktop\\Shopify\\lazy-costume-store\\app\\routes\\($locale).blogs._index.jsx"
2025-09-17T09:18:30.648148Z  INFO scan_sources: tailwindcss_oxide::scanner: Discovering "C:\\Users\\P\\Desktop\\Shopify\\lazy-costume-store\\app\\routes\\($locale).cart.$lines.jsx"
2025-09-17T09:18:30.648266Z  INFO scan_sources: tailwindcss_oxide::scanner: Discovering "C:\\Users\\P\\Desktop\\Shopify\\lazy-costume-store\\app\\routes\\($locale).cart.jsx"
2025-09-17T09:18:30.648383Z  INFO scan_sources: tailwindcss_oxide::scanner: Discovering "C:\\Users\\P\\Desktop\\Shopify\\lazy-costume-store\\app\\routes\\($locale).collections.$handle.jsx"
2025-09-17T09:18:30.648500Z  INFO scan_sources: tailwindcss_oxide::scanner: Discovering "C:\\Users\\P\\Desktop\\Shopify\\lazy-costume-store\\app\\routes\\($locale).collections.all.jsx"
2025-09-17T09:18:30.648616Z  INFO scan_sources: tailwindcss_oxide::scanner: Discovering "C:\\Users\\P\\Desktop\\Shopify\\lazy-costume-store\\app\\routes\\($locale).collections._index.jsx"
2025-09-17T09:18:30.648763Z  INFO scan_sources: tailwindcss_oxide::scanner: Discovering "C:\\Users\\P\\Desktop\\Shopify\\lazy-costume-store\\app\\routes\\($locale).discount.$code.jsx"
2025-09-17T09:18:30.648879Z  INFO scan_sources: tailwindcss_oxide::scanner: Discovering "C:\\Users\\P\\Desktop\\Shopify\\lazy-costume-store\\app\\routes\\($locale).jsx"
2025-09-17T09:18:30.648999Z  INFO scan_sources: tailwindcss_oxide::scanner: Discovering "C:\\Users\\P\\Desktop\\Shopify\\lazy-costume-store\\app\\routes\\($locale).pages.$handle.jsx"
2025-09-17T09:18:30.649113Z  INFO scan_sources: tailwindcss_oxide::scanner: Discovering "C:\\Users\\P\\Desktop\\Shopify\\lazy-costume-store\\app\\routes\\($locale).policies.$handle.jsx"
2025-09-17T09:18:30.649225Z  INFO scan_sources: tailwindcss_oxide::scanner: Discovering "C:\\Users\\P\\Desktop\\Shopify\\lazy-costume-store\\app\\routes\\($locale).policies._index.jsx"
2025-09-17T09:18:30.649336Z  INFO scan_sources: tailwindcss_oxide::scanner: Discovering "C:\\Users\\P\\Desktop\\Shopify\\lazy-costume-store\\app\\routes\\($locale).products.$handle.jsx"
2025-09-17T09:18:30.649449Z  INFO scan_sources: tailwindcss_oxide::scanner: Discovering "C:\\Users\\P\\Desktop\\Shopify\\lazy-costume-store\\app\\routes\\($locale).products._index.jsx"
2025-09-17T09:18:30.649561Z  INFO scan_sources: tailwindcss_oxide::scanner: Discovering "C:\\Users\\P\\Desktop\\Shopify\\lazy-costume-store\\app\\routes\\($locale).search.jsx"
2025-09-17T09:18:30.649677Z  INFO scan_sources: tailwindcss_oxide::scanner: Discovering "C:\\Users\\P\\Desktop\\Shopify\\lazy-costume-store\\app\\routes\\($locale).sitemap.$type.$page[.xml].jsx"
2025-09-17T09:18:30.649808Z  INFO scan_sources: tailwindcss_oxide::scanner: Discovering "C:\\Users\\P\\Desktop\\Shopify\\lazy-costume-store\\app\\routes\\($locale).[sitemap.xml].jsx"
2025-09-17T09:18:30.649927Z  INFO scan_sources: tailwindcss_oxide::scanner: Discovering "C:\\Users\\P\\Desktop\\Shopify\\lazy-costume-store\\app\\routes\\($locale)._index.jsx"
2025-09-17T09:18:30.650062Z  INFO scan_sources: tailwindcss_oxide::scanner: Discovering "C:\\Users\\P\\Desktop\\Shopify\\lazy-costume-store\\app\\routes\\[robots.txt].jsx"
2025-09-17T09:18:30.650208Z  INFO scan_sources: tailwindcss_oxide::scanner: Discovering "C:\\Users\\P\\Desktop\\Shopify\\lazy-costume-store\\app\\routes.js"
2025-09-17T09:18:30.650400Z  INFO scan_sources: tailwindcss_oxide::scanner: Discovering "C:\\Users\\P\\Desktop\\Shopify\\lazy-costume-store\\app\\styles"
2025-09-17T09:18:30.650623Z  INFO scan_sources: tailwindcss_oxide::scanner: Discovering "C:\\Users\\P\\Desktop\\Shopify\\lazy-costume-store\\app\\styles\\app.css"
2025-09-17T09:18:30.650736Z  INFO scan_sources: tailwindcss_oxide::scanner: Discovering "C:\\Users\\P\\Desktop\\Shopify\\lazy-costume-store\\app\\styles\\reset.css"
2025-09-17T09:18:30.650858Z  INFO scan_sources: tailwindcss_oxide::scanner: Discovering "C:\\Users\\P\\Desktop\\Shopify\\lazy-costume-store\\app\\styles\\tailwind.css"
2025-09-17T09:18:30.651029Z  INFO scan_sources: tailwindcss_oxide::scanner: Discovering "C:\\Users\\P\\Desktop\\Shopify\\lazy-costume-store\\CHANGELOG.md"
2025-09-17T09:18:30.651144Z  INFO scan_sources: tailwindcss_oxide::scanner: Discovering "C:\\Users\\P\\Desktop\\Shopify\\lazy-costume-store\\crypto.mjs"
2025-09-17T09:18:30.651303Z  INFO scan_sources: tailwindcss_oxide::scanner: Discovering "C:\\Users\\P\\Desktop\\Shopify\\lazy-costume-store\\customer-accountapi.generated.d.ts"
2025-09-17T09:18:30.651619Z  INFO scan_sources: tailwindcss_oxide::scanner: Discovering "C:\\Users\\P\\Desktop\\Shopify\\lazy-costume-store\\env.d.ts"
2025-09-17T09:18:30.651736Z  INFO scan_sources: tailwindcss_oxide::scanner: Discovering "C:\\Users\\P\\Desktop\\Shopify\\lazy-costume-store\\eslint.config.js"
2025-09-17T09:18:30.651926Z  INFO scan_sources: tailwindcss_oxide::scanner: Discovering "C:\\Users\\P\\Desktop\\Shopify\\lazy-costume-store\\guides"
2025-09-17T09:18:30.652214Z  INFO scan_sources: tailwindcss_oxide::scanner: Discovering "C:\\Users\\P\\Desktop\\Shopify\\lazy-costume-store\\guides\\predictiveSearch"
2025-09-17T09:18:30.652435Z  INFO scan_sources: tailwindcss_oxide::scanner: Discovering "C:\\Users\\P\\Desktop\\Shopify\\lazy-costume-store\\guides\\predictiveSearch\\predictiveSearch.md"
2025-09-17T09:18:30.652646Z  INFO scan_sources: tailwindcss_oxide::scanner: Discovering "C:\\Users\\P\\Desktop\\Shopify\\lazy-costume-store\\guides\\search"
2025-09-17T09:18:30.652859Z  INFO scan_sources: tailwindcss_oxide::scanner: Discovering "C:\\Users\\P\\Desktop\\Shopify\\lazy-costume-store\\guides\\search\\search.md"
2025-09-17T09:18:30.653025Z  INFO scan_sources: tailwindcss_oxide::scanner: Discovering "C:\\Users\\P\\Desktop\\Shopify\\lazy-costume-store\\index.js"
2025-09-17T09:18:30.653140Z  INFO scan_sources: tailwindcss_oxide::scanner: Discovering "C:\\Users\\P\\Desktop\\Shopify\\lazy-costume-store\\jsconfig.json"
2025-09-17T09:18:30.653484Z  INFO scan_sources: tailwindcss_oxide::scanner: Discovering "C:\\Users\\P\\Desktop\\Shopify\\lazy-costume-store\\package.json"
2025-09-17T09:18:30.653671Z  INFO scan_sources: tailwindcss_oxide::scanner: Discovering "C:\\Users\\P\\Desktop\\Shopify\\lazy-costume-store\\public"
2025-09-17T09:18:30.653881Z  INFO scan_sources: tailwindcss_oxide::scanner: Discovering "C:\\Users\\P\\Desktop\\Shopify\\lazy-costume-store\\public\\.gitkeep"
2025-09-17T09:18:30.654024Z  INFO scan_sources: tailwindcss_oxide::scanner: Discovering "C:\\Users\\P\\Desktop\\Shopify\\lazy-costume-store\\react-router.config.js"
2025-09-17T09:18:30.654138Z  INFO scan_sources: tailwindcss_oxide::scanner: Discovering "C:\\Users\\P\\Desktop\\Shopify\\lazy-costume-store\\README.md"
2025-09-17T09:18:30.654250Z  INFO scan_sources: tailwindcss_oxide::scanner: Discovering "C:\\Users\\P\\Desktop\\Shopify\\lazy-costume-store\\server.js"
2025-09-17T09:18:30.654361Z  INFO scan_sources: tailwindcss_oxide::scanner: Discovering "C:\\Users\\P\\Desktop\\Shopify\\lazy-costume-store\\server.mjs"
2025-09-17T09:18:30.654474Z  INFO scan_sources: tailwindcss_oxide::scanner: Discovering "C:\\Users\\P\\Desktop\\Shopify\\lazy-costume-store\\storefrontapi.generated.d.ts"
2025-09-17T09:18:30.654586Z  INFO scan_sources: tailwindcss_oxide::scanner: Discovering "C:\\Users\\P\\Desktop\\Shopify\\lazy-costume-store\\streams.mjs"
2025-09-17T09:18:30.654718Z  INFO scan_sources: tailwindcss_oxide::scanner: Discovering "C:\\Users\\P\\Desktop\\Shopify\\lazy-costume-store\\test.mjs"
2025-09-17T09:18:30.654834Z  INFO scan_sources: tailwindcss_oxide::scanner: Discovering "C:\\Users\\P\\Desktop\\Shopify\\lazy-costume-store\\vite.config.js"
2025-09-17T09:18:30.654989Z  INFO scan_sources: tailwindcss_oxide::scanner: exit
2025-09-17T09:18:30.655010Z  INFO extract_candidates: tailwindcss_oxide::scanner: enter
2025-09-17T09:18:30.655027Z  INFO extract_candidates:read_all_files: tailwindcss_oxide::scanner: enter
2025-09-17T09:18:30.655039Z  INFO extract_candidates:read_all_files: tailwindcss_oxide::scanner: Reading 88 file(s)
2025-09-17T09:18:30.655415Z  INFO tailwindcss_oxide::scanner: Reading "C:\\Users\\P\\Desktop\\Shopify\\lazy-costume-store\\.cursor\\rules\\hydrogen-react-router.mdc"
2025-09-17T09:18:30.655420Z  INFO tailwindcss_oxide::scanner: Reading "C:\\Users\\P\\Desktop\\Shopify\\lazy-costume-store\\app\\routes\\($locale).account_.authorize.jsx"
2025-09-17T09:18:30.655481Z  INFO tailwindcss_oxide::scanner: Reading "C:\\Users\\P\\Desktop\\Shopify\\lazy-costume-store\\app\\entry.server.jsx"
2025-09-17T09:18:30.655524Z  INFO tailwindcss_oxide::scanner: Reading "C:\\Users\\P\\Desktop\\Shopify\\lazy-costume-store\\app\\lib\\session.js"
2025-09-17T09:18:30.655572Z  INFO tailwindcss_oxide::scanner: Reading "C:\\Users\\P\\Desktop\\Shopify\\lazy-costume-store\\app\\routes\\($locale).account_.login.jsx"
2025-09-17T09:18:30.655577Z  INFO tailwindcss_oxide::scanner: Reading "C:\\Users\\P\\Desktop\\Shopify\\lazy-costume-store\\app\\components\\PaginatedResourceSection.jsx"
2025-09-17T09:18:30.655618Z  INFO tailwindcss_oxide::scanner: Reading "C:\\Users\\P\\Desktop\\Shopify\\lazy-costume-store\\app\\components\\CartLineItem.jsx"
2025-09-17T09:18:30.655624Z  INFO tailwindcss_oxide::scanner: Reading "C:\\Users\\P\\Desktop\\Shopify\\lazy-costume-store\\app\\graphql\\customer-account\\CustomerAddressMutations.js"
2025-09-17T09:18:30.655593Z  INFO tailwindcss_oxide::scanner: Reading "C:\\Users\\P\\Desktop\\Shopify\\lazy-costume-store\\.graphqlrc.js"
2025-09-17T09:18:30.655652Z  INFO tailwindcss_oxide::scanner: Reading "C:\\Users\\P\\Desktop\\Shopify\\lazy-costume-store\\app\\lib\\variants.js"
2025-09-17T09:18:30.655673Z  INFO tailwindcss_oxide::scanner: Reading "C:\\Users\\P\\Desktop\\Shopify\\lazy-costume-store\\app\\routes\\($locale).account_.logout.jsx"
2025-09-17T09:18:30.655750Z  INFO tailwindcss_oxide::scanner: Reading "C:\\Users\\P\\Desktop\\Shopify\\lazy-costume-store\\app\\components\\CartMain.jsx"
2025-09-17T09:18:30.655767Z  INFO tailwindcss_oxide::scanner: Reading "C:\\Users\\P\\Desktop\\Shopify\\lazy-costume-store\\app\\graphql\\customer-account\\CustomerDetailsQuery.js"
2025-09-17T09:18:30.655698Z  INFO tailwindcss_oxide::scanner: Reading "C:\\Users\\P\\Desktop\\Shopify\\lazy-costume-store\\app\\components\\ProductForm.jsx"
2025-09-17T09:18:30.655817Z  INFO tailwindcss_oxide::scanner: Reading "C:\\Users\\P\\Desktop\\Shopify\\lazy-costume-store\\app\\root.jsx"
2025-09-17T09:18:30.655838Z  INFO tailwindcss_oxide::scanner: Reading "C:\\Users\\P\\Desktop\\Shopify\\lazy-costume-store\\app\\routes\\($locale).api.$version.[graphql.json].jsx"
2025-09-17T09:18:30.655861Z  INFO tailwindcss_oxide::scanner: Reading "C:\\Users\\P\\Desktop\\Shopify\\lazy-costume-store\\app\\components\\CartSummary.jsx"
2025-09-17T09:18:30.655795Z  INFO tailwindcss_oxide::scanner: Reading "C:\\Users\\P\\Desktop\\Shopify\\lazy-costume-store\\app\\assets\\favicon.svg"
2025-09-17T09:18:30.655916Z  INFO tailwindcss_oxide::scanner: Reading "C:\\Users\\P\\Desktop\\Shopify\\lazy-costume-store\\app\\components\\ProductGrid.jsx"
2025-09-17T09:18:30.655921Z  INFO tailwindcss_oxide::scanner: Reading "C:\\Users\\P\\Desktop\\Shopify\\lazy-costume-store\\app\\routes\\($locale).$.jsx"
2025-09-17T09:18:30.655883Z  INFO tailwindcss_oxide::scanner: Reading "C:\\Users\\P\\Desktop\\Shopify\\lazy-costume-store\\app\\graphql\\customer-account\\CustomerOrderQuery.js"
2025-09-17T09:18:30.655972Z  INFO tailwindcss_oxide::scanner: Reading "C:\\Users\\P\\Desktop\\Shopify\\lazy-costume-store\\app\\components\\Footer.jsx"
2025-09-17T09:18:30.656013Z  INFO tailwindcss_oxide::scanner: Reading "C:\\Users\\P\\Desktop\\Shopify\\lazy-costume-store\\app\\components\\AddToCartButton.jsx"
2025-09-17T09:18:30.656021Z  INFO tailwindcss_oxide::scanner: Reading "C:\\Users\\P\\Desktop\\Shopify\\lazy-costume-store\\app\\components\\ProductImage.jsx"
2025-09-17T09:18:30.656038Z  INFO tailwindcss_oxide::scanner: Reading "C:\\Users\\P\\Desktop\\Shopify\\lazy-costume-store\\app\\routes\\($locale).account.$.jsx"
2025-09-17T09:18:30.655939Z  INFO tailwindcss_oxide::scanner: Reading "C:\\Users\\P\\Desktop\\Shopify\\lazy-costume-store\\app\\routes\\($locale).blogs.$blogHandle.$articleHandle.jsx"
2025-09-17T09:18:30.656084Z  INFO tailwindcss_oxide::scanner: Reading "C:\\Users\\P\\Desktop\\Shopify\\lazy-costume-store\\app\\graphql\\customer-account\\CustomerOrdersQuery.js"
2025-09-17T09:18:30.656093Z  INFO tailwindcss_oxide::scanner: Reading "C:\\Users\\P\\Desktop\\Shopify\\lazy-costume-store\\app\\components\\Header.jsx"
2025-09-17T09:18:30.656128Z  INFO tailwindcss_oxide::scanner: Reading "C:\\Users\\P\\Desktop\\Shopify\\lazy-costume-store\\app\\components\\ProductItem.jsx"
2025-09-17T09:18:30.656134Z  INFO tailwindcss_oxide::scanner: Reading "C:\\Users\\P\\Desktop\\Shopify\\lazy-costume-store\\app\\components\\Aside.jsx"
2025-09-17T09:18:30.656153Z  INFO tailwindcss_oxide::scanner: Reading "C:\\Users\\P\\Desktop\\Shopify\\lazy-costume-store\\app\\routes\\($locale).account.addresses.jsx"
2025-09-17T09:18:30.656182Z  INFO tailwindcss_oxide::scanner: Reading "C:\\Users\\P\\Desktop\\Shopify\\lazy-costume-store\\app\\routes\\($locale).blogs.$blogHandle._index.jsx"
2025-09-17T09:18:30.656198Z  INFO tailwindcss_oxide::scanner: Reading "C:\\Users\\P\\Desktop\\Shopify\\lazy-costume-store\\app\\graphql\\customer-account\\CustomerUpdateMutation.js"
2025-09-17T09:18:30.656225Z  INFO tailwindcss_oxide::scanner: Reading "C:\\Users\\P\\Desktop\\Shopify\\lazy-costume-store\\app\\components\\ProductPrice.jsx"
2025-09-17T09:18:30.656206Z  INFO tailwindcss_oxide::scanner: Reading "C:\\Users\\P\\Desktop\\Shopify\\lazy-costume-store\\app\\components\\PageLayout.jsx"
2025-09-17T09:18:30.656255Z  INFO tailwindcss_oxide::scanner: Reading "C:\\Users\\P\\Desktop\\Shopify\\lazy-costume-store\\app\\routes\\($locale)._index.jsx"
2025-09-17T09:18:30.656263Z  INFO tailwindcss_oxide::scanner: Reading "C:\\Users\\P\\Desktop\\Shopify\\lazy-costume-store\\app\\routes\\($locale).account.jsx"
2025-09-17T09:18:30.656322Z  INFO tailwindcss_oxide::scanner: Reading "C:\\Users\\P\\Desktop\\Shopify\\lazy-costume-store\\app\\components\\SearchForm.jsx"
2025-09-17T09:18:30.656287Z  INFO tailwindcss_oxide::scanner: Reading "C:\\Users\\P\\Desktop\\Shopify\\lazy-costume-store\\app\\routes\\($locale).blogs._index.jsx"
2025-09-17T09:18:30.656400Z  INFO tailwindcss_oxide::scanner: Reading "C:\\Users\\P\\Desktop\\Shopify\\lazy-costume-store\\app\\components\\SearchResults.jsx"
2025-09-17T09:18:30.656425Z  INFO tailwindcss_oxide::scanner: Reading "C:\\Users\\P\\Desktop\\Shopify\\lazy-costume-store\\app\\routes\\[robots.txt].jsx"
2025-09-17T09:18:30.656427Z  INFO tailwindcss_oxide::scanner: Reading "C:\\Users\\P\\Desktop\\Shopify\\lazy-costume-store\\app\\routes\\($locale).account.orders.$id.jsx"
2025-09-17T09:18:30.656310Z  INFO tailwindcss_oxide::scanner: Reading "C:\\Users\\P\\Desktop\\Shopify\\lazy-costume-store\\app\\lib\\context.js"
2025-09-17T09:18:30.656441Z  INFO tailwindcss_oxide::scanner: Reading "C:\\Users\\P\\Desktop\\Shopify\\lazy-costume-store\\app\\components\\SearchFormPredictive.jsx"
2025-09-17T09:18:30.656511Z  INFO tailwindcss_oxide::scanner: Reading "C:\\Users\\P\\Desktop\\Shopify\\lazy-costume-store\\app\\components\\SearchResultsPredictive.jsx"
2025-09-17T09:18:30.656524Z  INFO tailwindcss_oxide::scanner: Reading "C:\\Users\\P\\Desktop\\Shopify\\lazy-costume-store\\app\\routes.js"
2025-09-17T09:18:30.656454Z  INFO tailwindcss_oxide::scanner: Reading "C:\\Users\\P\\Desktop\\Shopify\\lazy-costume-store\\app\\routes\\($locale).cart.$lines.jsx"
2025-09-17T09:18:30.656550Z  INFO tailwindcss_oxide::scanner: Reading "C:\\Users\\P\\Desktop\\Shopify\\lazy-costume-store\\app\\routes\\($locale).account.orders._index.jsx"
2025-09-17T09:18:30.656586Z  INFO tailwindcss_oxide::scanner: Reading "C:\\Users\\P\\Desktop\\Shopify\\lazy-costume-store\\app\\lib\\fragments.js"
2025-09-17T09:18:30.656610Z  INFO tailwindcss_oxide::scanner: Reading "C:\\Users\\P\\Desktop\\Shopify\\lazy-costume-store\\app\\entry.client.jsx"
2025-09-17T09:18:30.656611Z  INFO tailwindcss_oxide::scanner: Reading "C:\\Users\\P\\Desktop\\Shopify\\lazy-costume-store\\app\\lib\\i18n.js"
2025-09-17T09:18:30.656678Z  INFO tailwindcss_oxide::scanner: Reading "C:\\Users\\P\\Desktop\\Shopify\\lazy-costume-store\\app\\routes\\($locale).cart.jsx"
2025-09-17T09:18:30.656692Z  INFO tailwindcss_oxide::scanner: Reading "C:\\Users\\P\\Desktop\\Shopify\\lazy-costume-store\\app\\routes\\($locale).account.profile.jsx"
2025-09-17T09:18:30.656686Z  INFO tailwindcss_oxide::scanner: Reading "C:\\Users\\P\\Desktop\\Shopify\\lazy-costume-store\\CHANGELOG.md"
2025-09-17T09:18:30.656737Z  INFO tailwindcss_oxide::scanner: Reading "C:\\Users\\P\\Desktop\\Shopify\\lazy-costume-store\\app\\lib\\redirect.js"
2025-09-17T09:18:30.656732Z  INFO tailwindcss_oxide::scanner: Reading "C:\\Users\\P\\Desktop\\Shopify\\lazy-costume-store\\customer-accountapi.generated.d.ts"
2025-09-17T09:18:30.656783Z  INFO tailwindcss_oxide::scanner: Reading "C:\\Users\\P\\Desktop\\Shopify\\lazy-costume-store\\app\\routes\\($locale).collections.$handle.jsx"
2025-09-17T09:18:30.656800Z  INFO tailwindcss_oxide::scanner: Reading "C:\\Users\\P\\Desktop\\Shopify\\lazy-costume-store\\app\\routes\\($locale).account._index.jsx"
2025-09-17T09:18:30.656697Z  INFO tailwindcss_oxide::scanner: Reading "C:\\Users\\P\\Desktop\\Shopify\\lazy-costume-store\\jsconfig.json"
2025-09-17T09:18:30.656844Z  INFO tailwindcss_oxide::scanner: Reading "C:\\Users\\P\\Desktop\\Shopify\\lazy-costume-store\\app\\lib\\search.js"
2025-09-17T09:18:30.656882Z  INFO tailwindcss_oxide::scanner: Reading "C:\\Users\\P\\Desktop\\Shopify\\lazy-costume-store\\crypto.mjs"
2025-09-17T09:18:30.656889Z  INFO tailwindcss_oxide::scanner: Reading "C:\\Users\\P\\Desktop\\Shopify\\lazy-costume-store\\app\\routes\\($locale).collections.all.jsx"
2025-09-17T09:18:30.656910Z  INFO tailwindcss_oxide::scanner: Reading "C:\\Users\\P\\Desktop\\Shopify\\lazy-costume-store\\app\\routes\\($locale).collections._index.jsx"
2025-09-17T09:18:30.656931Z  INFO tailwindcss_oxide::scanner: Reading "C:\\Users\\P\\Desktop\\Shopify\\lazy-costume-store\\package.json"
2025-09-17T09:18:30.656933Z  INFO tailwindcss_oxide::scanner: Reading "C:\\Users\\P\\Desktop\\Shopify\\lazy-costume-store\\env.d.ts"
2025-09-17T09:18:30.656943Z  INFO tailwindcss_oxide::scanner: Reading "C:\\Users\\P\\Desktop\\Shopify\\lazy-costume-store\\app\\routes\\($locale).policies._index.jsx"
2025-09-17T09:18:30.656993Z  INFO tailwindcss_oxide::scanner: Reading "C:\\Users\\P\\Desktop\\Shopify\\lazy-costume-store\\guides\\predictiveSearch\\predictiveSearch.md"
2025-09-17T09:18:30.657009Z  INFO tailwindcss_oxide::scanner: Reading "C:\\Users\\P\\Desktop\\Shopify\\lazy-costume-store\\app\\routes\\($locale).discount.$code.jsx"
2025-09-17T09:18:30.657018Z  INFO tailwindcss_oxide::scanner: Reading "C:\\Users\\P\\Desktop\\Shopify\\lazy-costume-store\\guides\\search\\search.md"
2025-09-17T09:18:30.657029Z  INFO tailwindcss_oxide::scanner: Reading "C:\\Users\\P\\Desktop\\Shopify\\lazy-costume-store\\public\\.gitkeep"
2025-09-17T09:18:30.657082Z  INFO tailwindcss_oxide::scanner: Reading "C:\\Users\\P\\Desktop\\Shopify\\lazy-costume-store\\eslint.config.js"
2025-09-17T09:18:30.657102Z  INFO tailwindcss_oxide::scanner: Reading "C:\\Users\\P\\Desktop\\Shopify\\lazy-costume-store\\app\\routes\\($locale).products.$handle.jsx"
2025-09-17T09:18:30.657111Z  INFO tailwindcss_oxide::scanner: Reading "C:\\Users\\P\\Desktop\\Shopify\\lazy-costume-store\\app\\routes\\($locale).search.jsx"
2025-09-17T09:18:30.657105Z  INFO tailwindcss_oxide::scanner: Reading "C:\\Users\\P\\Desktop\\Shopify\\lazy-costume-store\\app\\routes\\($locale).jsx"
2025-09-17T09:18:30.657153Z  INFO tailwindcss_oxide::scanner: Reading "C:\\Users\\P\\Desktop\\Shopify\\lazy-costume-store\\react-router.config.js"
2025-09-17T09:18:30.657139Z  INFO tailwindcss_oxide::scanner: Reading "C:\\Users\\P\\Desktop\\Shopify\\lazy-costume-store\\index.js"
2025-09-17T09:18:30.657202Z  INFO tailwindcss_oxide::scanner: Reading "C:\\Users\\P\\Desktop\\Shopify\\lazy-costume-store\\app\\routes\\($locale).products._index.jsx"
2025-09-17T09:18:30.657197Z  INFO tailwindcss_oxide::scanner: Reading "C:\\Users\\P\\Desktop\\Shopify\\lazy-costume-store\\server.js"
2025-09-17T09:18:30.657226Z  INFO tailwindcss_oxide::scanner: Reading "C:\\Users\\P\\Desktop\\Shopify\\lazy-costume-store\\app\\routes\\($locale).sitemap.$type.$page[.xml].jsx"
2025-09-17T09:18:30.657248Z  INFO tailwindcss_oxide::scanner: Reading "C:\\Users\\P\\Desktop\\Shopify\\lazy-costume-store\\app\\routes\\($locale).pages.$handle.jsx"
2025-09-17T09:18:30.657269Z  INFO tailwindcss_oxide::scanner: Reading "C:\\Users\\P\\Desktop\\Shopify\\lazy-costume-store\\README.md"
2025-09-17T09:18:30.657356Z  INFO tailwindcss_oxide::scanner: Reading "C:\\Users\\P\\Desktop\\Shopify\\lazy-costume-store\\app\\routes\\($locale).[sitemap.xml].jsx"
2025-09-17T09:18:30.657299Z  INFO tailwindcss_oxide::scanner: Reading "C:\\Users\\P\\Desktop\\Shopify\\lazy-costume-store\\app\\routes\\($locale).policies.$handle.jsx"
2025-09-17T09:18:30.657350Z  INFO tailwindcss_oxide::scanner: Reading "C:\\Users\\P\\Desktop\\Shopify\\lazy-costume-store\\server.mjs"
2025-09-17T09:18:30.657299Z  INFO tailwindcss_oxide::scanner: Reading "C:\\Users\\P\\Desktop\\Shopify\\lazy-costume-store\\streams.mjs"
2025-09-17T09:18:30.657451Z  INFO tailwindcss_oxide::scanner: Reading "C:\\Users\\P\\Desktop\\Shopify\\lazy-costume-store\\storefrontapi.generated.d.ts"
2025-09-17T09:18:30.657460Z  INFO tailwindcss_oxide::scanner: Reading "C:\\Users\\P\\Desktop\\Shopify\\lazy-costume-store\\vite.config.js"
2025-09-17T09:18:30.657462Z  INFO tailwindcss_oxide::scanner: Reading "C:\\Users\\P\\Desktop\\Shopify\\lazy-costume-store\\test.mjs"
2025-09-17T09:18:30.657541Z  INFO extract_candidates:read_all_files: tailwindcss_oxide::scanner: exit
2025-09-17T09:18:30.657564Z  INFO extract_candidates:parse_all_blobs: tailwindcss_oxide::scanner: enter
2025-09-17T09:18:30.657579Z  INFO extract_candidates:parse_all_blobs:extract: tailwindcss_oxide::scanner: enter
2025-09-17T09:18:30.660715Z  INFO extract_candidates:parse_all_blobs:extract: tailwindcss_oxide::scanner: exit
2025-09-17T09:18:30.660802Z  INFO extract_candidates:parse_all_blobs: tailwindcss_oxide::scanner: exit
2025-09-17T09:18:30.660824Z  INFO extract_candidates:read_all_files: tailwindcss_oxide::scanner: enter
2025-09-17T09:18:30.660836Z  INFO extract_candidates:read_all_files: tailwindcss_oxide::scanner: Reading 3 file(s)
2025-09-17T09:18:30.661045Z  INFO tailwindcss_oxide::scanner: Reading "C:\\Users\\P\\Desktop\\Shopify\\lazy-costume-store\\app\\styles\\tailwind.css"
2025-09-17T09:18:30.661045Z  INFO tailwindcss_oxide::scanner: Reading "C:\\Users\\P\\Desktop\\Shopify\\lazy-costume-store\\app\\styles\\reset.css"
2025-09-17T09:18:30.661045Z  INFO tailwindcss_oxide::scanner: Reading "C:\\Users\\P\\Desktop\\Shopify\\lazy-costume-store\\app\\styles\\app.css"
2025-09-17T09:18:30.661140Z  INFO extract_candidates:read_all_files: tailwindcss_oxide::scanner: exit
2025-09-17T09:18:30.661163Z  INFO extract_candidates:extract_css_variables: tailwindcss_oxide::scanner: enter
2025-09-17T09:18:30.661175Z  INFO extract_candidates:extract_css_variables:extract: tailwindcss_oxide::scanner: enter
2025-09-17T09:18:30.661260Z  INFO extract_candidates:extract_css_variables:extract: tailwindcss_oxide::scanner: exit
2025-09-17T09:18:30.661283Z  INFO extract_candidates:extract_css_variables: tailwindcss_oxide::scanner: exit
2025-09-17T09:18:30.661775Z  INFO extract_candidates: tailwindcss_oxide::scanner: exit
2025-09-17T09:18:30.663147Z  INFO get_files: tailwindcss_oxide::scanner: enter
2025-09-17T09:18:30.663182Z  INFO get_files:scan_sources: tailwindcss_oxide::scanner: enter
2025-09-17T09:18:30.664999Z  INFO get_files:scan_sources: tailwindcss_oxide::scanner: Discovering "C:\\Users\\P\\Desktop\\Shopify\\lazy-costume-store\\.cursor"
2025-09-17T09:18:30.665286Z  INFO get_files:scan_sources: tailwindcss_oxide::scanner: Discovering "C:\\Users\\P\\Desktop\\Shopify\\lazy-costume-store\\.cursor\\rules"
2025-09-17T09:18:30.665989Z  INFO get_files:scan_sources: tailwindcss_oxide::scanner: Discovering "C:\\Users\\P\\Desktop\\Shopify\\lazy-costume-store\\.hydrogen"
2025-09-17T09:18:30.666265Z  INFO get_files:scan_sources: tailwindcss_oxide::scanner: Discovering "C:\\Users\\P\\Desktop\\Shopify\\lazy-costume-store\\.hydrogen\\commands"
2025-09-17T09:18:30.666966Z  INFO get_files:scan_sources: tailwindcss_oxide::scanner: Discovering "C:\\Users\\P\\Desktop\\Shopify\\lazy-costume-store\\app"
2025-09-17T09:18:30.667251Z  INFO get_files:scan_sources: tailwindcss_oxide::scanner: Discovering "C:\\Users\\P\\Desktop\\Shopify\\lazy-costume-store\\app\\assets"
2025-09-17T09:18:30.667614Z  INFO get_files:scan_sources: tailwindcss_oxide::scanner: Discovering "C:\\Users\\P\\Desktop\\Shopify\\lazy-costume-store\\app\\components"
2025-09-17T09:18:30.669018Z  INFO get_files:scan_sources: tailwindcss_oxide::scanner: Discovering "C:\\Users\\P\\Desktop\\Shopify\\lazy-costume-store\\app\\graphql"
2025-09-17T09:18:30.669301Z  INFO get_files:scan_sources: tailwindcss_oxide::scanner: Discovering "C:\\Users\\P\\Desktop\\Shopify\\lazy-costume-store\\app\\graphql\\customer-account"
2025-09-17T09:18:30.669913Z  INFO get_files:scan_sources: tailwindcss_oxide::scanner: Discovering "C:\\Users\\P\\Desktop\\Shopify\\lazy-costume-store\\app\\lib"
2025-09-17T09:18:30.670648Z  INFO get_files:scan_sources: tailwindcss_oxide::scanner: Discovering "C:\\Users\\P\\Desktop\\Shopify\\lazy-costume-store\\app\\routes"
2025-09-17T09:18:30.672777Z  INFO get_files:scan_sources: tailwindcss_oxide::scanner: Discovering "C:\\Users\\P\\Desktop\\Shopify\\lazy-costume-store\\app\\styles"
2025-09-17T09:18:30.673736Z  INFO get_files:scan_sources: tailwindcss_oxide::scanner: Discovering "C:\\Users\\P\\Desktop\\Shopify\\lazy-costume-store\\guides"
2025-09-17T09:18:30.674012Z  INFO get_files:scan_sources: tailwindcss_oxide::scanner: Discovering "C:\\Users\\P\\Desktop\\Shopify\\lazy-costume-store\\guides\\predictiveSearch"
2025-09-17T09:18:30.674374Z  INFO get_files:scan_sources: tailwindcss_oxide::scanner: Discovering "C:\\Users\\P\\Desktop\\Shopify\\lazy-costume-store\\guides\\search"
2025-09-17T09:18:30.675155Z  INFO get_files:scan_sources: tailwindcss_oxide::scanner: Discovering "C:\\Users\\P\\Desktop\\Shopify\\lazy-costume-store\\public"
2025-09-17T09:18:30.675894Z  INFO get_files:scan_sources: tailwindcss_oxide::scanner: exit
2025-09-17T09:18:30.676110Z  INFO get_files: tailwindcss_oxide::scanner: exit
2025-09-17T09:18:30.676406Z  INFO get_globs: tailwindcss_oxide::scanner: enter
2025-09-17T09:18:30.676428Z  INFO get_globs:scan_sources: tailwindcss_oxide::scanner: enter
2025-09-17T09:18:30.678431Z  INFO get_globs:scan_sources: tailwindcss_oxide::scanner: Discovering "C:\\Users\\P\\Desktop\\Shopify\\lazy-costume-store\\.cursor"
2025-09-17T09:18:30.678765Z  INFO get_globs:scan_sources: tailwindcss_oxide::scanner: Discovering "C:\\Users\\P\\Desktop\\Shopify\\lazy-costume-store\\.cursor\\rules"
2025-09-17T09:18:30.679477Z  INFO get_globs:scan_sources: tailwindcss_oxide::scanner: Discovering "C:\\Users\\P\\Desktop\\Shopify\\lazy-costume-store\\.hydrogen"
2025-09-17T09:18:30.679758Z  INFO get_globs:scan_sources: tailwindcss_oxide::scanner: Discovering "C:\\Users\\P\\Desktop\\Shopify\\lazy-costume-store\\.hydrogen\\commands"
2025-09-17T09:18:30.680461Z  INFO get_globs:scan_sources: tailwindcss_oxide::scanner: Discovering "C:\\Users\\P\\Desktop\\Shopify\\lazy-costume-store\\app"
2025-09-17T09:18:30.680742Z  INFO get_globs:scan_sources: tailwindcss_oxide::scanner: Discovering "C:\\Users\\P\\Desktop\\Shopify\\lazy-costume-store\\app\\assets"
2025-09-17T09:18:30.681107Z  INFO get_globs:scan_sources: tailwindcss_oxide::scanner: Discovering "C:\\Users\\P\\Desktop\\Shopify\\lazy-costume-store\\app\\components"
2025-09-17T09:18:30.682508Z  INFO get_globs:scan_sources: tailwindcss_oxide::scanner: Discovering "C:\\Users\\P\\Desktop\\Shopify\\lazy-costume-store\\app\\graphql"
2025-09-17T09:18:30.682788Z  INFO get_globs:scan_sources: tailwindcss_oxide::scanner: Discovering "C:\\Users\\P\\Desktop\\Shopify\\lazy-costume-store\\app\\graphql\\customer-account"
2025-09-17T09:18:30.683399Z  INFO get_globs:scan_sources: tailwindcss_oxide::scanner: Discovering "C:\\Users\\P\\Desktop\\Shopify\\lazy-costume-store\\app\\lib"
2025-09-17T09:18:30.684136Z  INFO get_globs:scan_sources: tailwindcss_oxide::scanner: Discovering "C:\\Users\\P\\Desktop\\Shopify\\lazy-costume-store\\app\\routes"
2025-09-17T09:18:30.686263Z  INFO get_globs:scan_sources: tailwindcss_oxide::scanner: Discovering "C:\\Users\\P\\Desktop\\Shopify\\lazy-costume-store\\app\\styles"
2025-09-17T09:18:30.687225Z  INFO get_globs:scan_sources: tailwindcss_oxide::scanner: Discovering "C:\\Users\\P\\Desktop\\Shopify\\lazy-costume-store\\guides"
2025-09-17T09:18:30.687509Z  INFO get_globs:scan_sources: tailwindcss_oxide::scanner: Discovering "C:\\Users\\P\\Desktop\\Shopify\\lazy-costume-store\\guides\\predictiveSearch"
2025-09-17T09:18:30.687874Z  INFO get_globs:scan_sources: tailwindcss_oxide::scanner: Discovering "C:\\Users\\P\\Desktop\\Shopify\\lazy-costume-store\\guides\\search"
2025-09-17T09:18:30.688653Z  INFO get_globs:scan_sources: tailwindcss_oxide::scanner: Discovering "C:\\Users\\P\\Desktop\\Shopify\\lazy-costume-store\\public"
2025-09-17T09:18:30.689395Z  INFO get_globs:scan_sources: tailwindcss_oxide::scanner: exit
2025-09-17T09:18:30.706957Z  INFO get_globs: tailwindcss_oxide::scanner: exit
